: 919	411.6 ;
: 919	411.17 ;
: 921	411.20 ;
: 923	411.23 ;
: 995	470.6 ;
: 995	470.22 ;
: 997	470.26 ;
: 999	470.31 ;
: 1065	496.8 ;
: 1065	496.25 ;
: 1069	496.27 ;
: 1071	496.32 ;
: 1073	496.39 ;
: 1073	497.8 ;
: 1073	497.22 ;
: 1075	497.27 ;
: 1077	497.32 ;
: 1077	498.8 ;
: 1077	498.22 ;
: 1079	498.27 ;
: 1081	498.31 ;
: 1090	509.5 ;
: 1090	509.21 ;
: 1092	509.25 ;
: 1100	515.6 ;
: 1100	515.22 ;
: 1102	515.27 ;
: 1120	521.5 ;
: 1120	521.21 ;
: 1122	521.26 ;
: 1192	559.8 ;
: 1192	559.25 ;
: 1194	559.30 ;
: 1196	559.34 ;
: 1198	559.38 ;
: 1200	559.45 ;
: 1202	559.49 ;
: 1226	633.6 ;
: 1228	633.10 ;
: 1230	633.14 ;
: 1232	633.17 ;
: 1234	633.21 ;
: 1236	633.24 ;
: 1240	633.28 ;
: 1242	633.33 ;
: 1244	633.36 ;
: 1246	633.44 ;
: 1246	633.50 ;
: 1246	633.54 ;
: 1246	634.4 ;
: 1248	634.9 ;
: 1250	634.12 ;
: 1252	634.20 ;
: 1295	733.7 ;
: 1295	733.21 ;
: 1297	733.26 ;
: 1299	733.31 ;
: 1301	733.33 ;
: 1305	733.37 ;
: 1307	733.43 ;
: 1307	733.49 ;
: 1309	733.54 ;
: 1309	735.7 ;
: 1309	735.21 ;
: 1311	735.26 ;
: 1313	735.31 ;
: 1315	735.33 ;
: 1319	735.37 ;
: 1321	735.43 ;
: 1321	735.49 ;
: 1323	735.54 ;
: 1337	741.9 ;
: 1337	741.17 ;
: 1339	741.21 ;
: 1341	741.24 ;
: 1343	741.26 ;
: 1345	741.30 ;
: 1347	741.32 ;
: 1349	741.40 ;
: 1349	768.10 ;
: 1349	768.18 ;
: 1351	768.22 ;
: 1353	768.26 ;
: 1354	768.31 ;
: 1356	768.33 ;
: 1356	769.11 ;
: 1356	769.18 ;
: 1358	769.25 ;
: 1360	769.33 ;
: 1368	773.8 ;
: 1368	773.14 ;
: 1368	774.4 ;
: 1368	774.11 ;
: 1368	775.8 ;
: 1372	775.10 ;
: 1374	775.15 ;
: 1376	775.19 ;
: 1378	775.23 ;
: 1383	775.41 ;
: 1387	775.45 ;
: 1391	775.60 ;
: 1391	775.64 ;
: 1391	776.8 ;
: 1393	776.12 ;
: 1395	776.14 ;
: 1395	776.26 ;
: 1399	776.34 ;
: 1401	776.36 ;
: 1403	776.39 ;
: 1405	776.46 ;
: 1405	777.8 ;
: 1407	777.14 ;
: 1409	777.17 ;
: 1413	777.21 ;
: 1417	777.30 ;
: 1419	777.35 ;
: 1421	777.42 ;
: 1421	777.46 ;
: 1421	778.4 ;
: 1421	778.10 ;
: 1423	778.10 ;
: 1423	781.7 ;
: 1423	781.15 ;
: 1427	781.17 ;
: 1429	781.22 ;
: 1431	781.29 ;
: 1431	782.8 ;
: 1431	782.19 ;
: 1435	782.21 ;
: 1437	782.26 ;
: 1439	782.33 ;
: 1439	25.6 ;
: 1439	25.13 ;
: 1443	25.16 ;
: 1445	25.22 ;
: 1449	25.25 ;
: 1451	25.30 ;
: 1451	27.9 ;
: 1451	27.22 ;
: 1453	27.26 ;
: 1455	27.29 ;
: 1457	27.34 ;
: 1459	27.37 ;
: 1459	28.8 ;
: 1459	28.18 ;
: 1461	28.23 ;
: 1463	28.29 ;
: 1465	28.35 ;
: 1469	28.41 ;
: 1471	28.46 ;
: 1480	34.8 ;
: 1480	34.20 ;
: 1482	34.27 ;
: 1484	34.32 ;
: 1484	35.9 ;
: 1484	35.17 ;
: 1486	35.21 ;
: 1488	35.24 ;
: 1490	35.27 ;
: 1492	35.30 ;
: 1494	35.33 ;
: 1496	35.38 ;
: 1498	35.43 ;
: 1498	36.6 ;
: 1498	36.14 ;
: 1500	36.18 ;
: 1501	36.23 ;
: 1503	36.29 ;
: 1503	37.7 ;
: 1503	37.15 ;
: 1505	37.21 ;
: 1505	38.9 ;
: 1505	38.16 ;
: 1509	38.20 ;
: 1511	38.25 ;
: 1511	41.7 ;
: 1511	41.14 ;
: 1511	42.4 ;
: 1515	42.7 ;
: 1517	42.12 ;
: 1517	42.19 ;
: 1521	42.22 ;
: 1523	42.27 ;
: 1529	42.39 ;
: 1531	42.43 ;
: 1531	43.4 ;
: 1531	43.11 ;
: 1533	43.16 ;
: 1538	43.28 ;
: 1540	43.33 ;
: 1540	44.5 ;
: 1540	44.13 ;
: 1545	44.22 ;
: 1547	44.26 ;
: 1551	44.35 ;
: 1553	44.41 ;
: 1553	44.46 ;
: 1553	45.6 ;
: 1553	45.14 ;
: 1555	45.18 ;
: 1557	45.24 ;
: 1557	49.8 ;
: 1557	49.22 ;
: 1557	50.4 ;
: 1559	50.9 ;
: 1564	50.25 ;
: 1568	50.27 ;
: 1568	51.8 ;
: 1570	51.11 ;
: 1572	51.16 ;
: 1574	51.19 ;
: 1576	51.24 ;
: 1581	51.40 ;
: 1583	51.44 ;
: 1585	51.47 ;
: 1587	51.49 ;
: 1587	52.8 ;
: 1587	52.15 ;
: 1589	52.21 ;
: 1592	52.35 ;
: 1594	52.40 ;
: 1594	53.4 ;
: 1594	53.8 ;
: 1594	54.4 ;
: 1596	54.7 ;
: 1596	55.8 ;
: 1598	55.12 ;
: 1603	55.28 ;
: 1605	55.31 ;
: 1609	55.35 ;
: 1611	55.38 ;
: 1613	55.42 ;
: 1615	55.46 ;
: 1615	55.52 ;
: 1617	55.58 ;
: 1619	55.61 ;
: 1619	56.4 ;
: 1623	56.10 ;
: 1625	56.15 ;
: 1625	58.10 ;
: 1625	58.23 ;
: 1627	58.27 ;
: 1631	58.29 ;
: 1633	58.31 ;
: 1635	58.36 ;
: 1637	58.40 ;
: 1637	60.9 ;
: 1637	60.23 ;
: 1637	61.4 ;
: 1639	61.9 ;
: 1644	61.25 ;
: 1648	61.27 ;
: 1648	62.8 ;
: 1650	62.11 ;
: 1652	62.16 ;
: 1654	62.19 ;
: 1656	62.24 ;
: 1661	62.40 ;
: 1663	62.44 ;
: 1665	62.47 ;
: 1667	62.48 ;
: 1667	63.8 ;
: 1667	63.15 ;
: 1669	63.21 ;
: 1672	63.35 ;
: 1674	63.40 ;
: 1674	64.4 ;
: 1674	64.8 ;
: 1674	65.4 ;
: 1676	65.7 ;
: 1676	66.8 ;
: 1678	66.12 ;
: 1683	66.28 ;
: 1685	66.31 ;
: 1689	66.35 ;
: 1691	66.38 ;
: 1693	66.42 ;
: 1695	66.46 ;
: 1695	66.52 ;
: 1695	67.8 ;
: 1697	67.15 ;
: 1699	67.18 ;
: 1699	68.4 ;
: 1703	68.10 ;
: 1705	68.15 ;
: 1705	70.7 ;
: 1705	70.17 ;
: 1705	71.0 ;
: 1707	71.6 ;
: 1711	71.15 ;
: 1713	71.20 ;
: 1715	71.26 ;
: 1717	71.30 ;
: 1721	71.39 ;
: 1723	71.44 ;
: 1725	71.49 ;
: 1725	72.0 ;
: 1727	72.7 ;
: 1733	72.16 ;
: 1737	72.23 ;
: 1739	72.28 ;
: 1739	72.34 ;
: 1739	72.39 ;
: 1739	73.4 ;
: 1739	73.11 ;
: 1740	73.26 ;
: 1744	73.28 ;
: 1744	74.4 ;
: 1744	74.17 ;
: 1748	74.24 ;
: 1748	75.8 ;
: 1750	75.14 ;
: 1750	75.21 ;
: 1752	75.42 ;
: 1754	75.45 ;
: 1754	76.0 ;
: 1756	76.10 ;
: 1758	76.12 ;
: 1759	76.17 ;
: 1761	76.21 ;
: 1763	76.24 ;
: 1765	76.29 ;
: 1767	76.34 ;
: 1769	76.43 ;
: 1771	76.46 ;
: 1773	76.48 ;
: 1773	77.4 ;
: 1777	77.11 ;
: 1779	77.15 ;
: 1779	78.4 ;
: 1779	78.10 ;
: 1781	78.14 ;
: 1783	78.18 ;
: 1785	78.26 ;
: 1785	80.7 ;
: 1785	80.14 ;
: 1789	80.21 ;
: 1791	80.25 ;
: 1791	82.7 ;
: 1791	82.14 ;
: 1795	82.21 ;
: 1797	82.25 ;
: 1797	83.7 ;
: 1797	83.14 ;
: 1801	83.21 ;
: 1803	83.25 ;
