: 33119	423.6 ;
: 33119	423.17 ;
: 33121	423.20 ;
: 33123	423.23 ;
: 33195	482.6 ;
: 33195	482.22 ;
: 33197	482.26 ;
: 33199	482.31 ;
: 33265	508.8 ;
: 33265	508.25 ;
: 33269	508.27 ;
: 33271	508.32 ;
: 33273	508.39 ;
: 33273	509.8 ;
: 33273	509.22 ;
: 33275	509.27 ;
: 33277	509.32 ;
: 33277	510.8 ;
: 33277	510.22 ;
: 33279	510.27 ;
: 33281	510.31 ;
: 33290	521.5 ;
: 33290	521.21 ;
: 33292	521.25 ;
: 33300	527.6 ;
: 33300	527.22 ;
: 33302	527.27 ;
: 33320	533.5 ;
: 33320	533.21 ;
: 33322	533.26 ;
: 33392	577.8 ;
: 33392	577.25 ;
: 33394	577.30 ;
: 33396	577.34 ;
: 33398	577.38 ;
: 33400	577.45 ;
: 33402	577.49 ;
: 33426	651.6 ;
: 33428	651.10 ;
: 33430	651.14 ;
: 33432	651.17 ;
: 33434	651.21 ;
: 33436	651.24 ;
: 33440	651.28 ;
: 33442	651.33 ;
: 33444	651.36 ;
: 33446	651.44 ;
: 33446	651.50 ;
: 33446	651.54 ;
: 33446	652.4 ;
: 33448	652.9 ;
: 33450	652.12 ;
: 33452	652.20 ;
: 33509	757.7 ;
: 33509	757.21 ;
: 33511	757.26 ;
: 33513	757.31 ;
: 33515	757.33 ;
: 33519	757.37 ;
: 33521	757.43 ;
: 33521	757.49 ;
: 33523	757.54 ;
: 33523	759.7 ;
: 33523	759.21 ;
: 33525	759.26 ;
: 33527	759.31 ;
: 33529	759.33 ;
: 33533	759.37 ;
: 33535	759.43 ;
: 33535	759.49 ;
: 33537	759.54 ;
: 33557	781.11 ;
: 33557	781.19 ;
: 33559	781.23 ;
: 33561	781.26 ;
: 33563	781.28 ;
: 33565	781.32 ;
: 33567	781.34 ;
: 33569	781.42 ;
: 33611	817.10 ;
: 33611	817.18 ;
: 33613	817.22 ;
: 33615	817.26 ;
: 33617	817.31 ;
: 33619	817.33 ;
: 33619	818.11 ;
: 33619	818.18 ;
: 33621	818.25 ;
: 33623	818.33 ;
: 33631	822.8 ;
: 33631	822.14 ;
: 33631	823.4 ;
: 33631	823.11 ;
: 33631	824.8 ;
: 33635	824.10 ;
: 33637	824.15 ;
: 33639	824.19 ;
: 33641	824.23 ;
: 33646	824.41 ;
: 33650	824.45 ;
: 33654	824.60 ;
: 33654	824.64 ;
: 33654	825.8 ;
: 33656	825.12 ;
: 33658	825.14 ;
: 33658	825.26 ;
: 33662	825.34 ;
: 33664	825.36 ;
: 33666	825.39 ;
: 33668	825.46 ;
: 33668	826.8 ;
: 33670	826.14 ;
: 33672	826.17 ;
: 33676	826.21 ;
: 33680	826.30 ;
: 33682	826.35 ;
: 33684	826.42 ;
: 33684	826.46 ;
: 33684	827.4 ;
: 33684	827.10 ;
: 33686	827.10 ;
: 33686	25.6 ;
: 33686	25.13 ;
: 33690	25.16 ;
: 33692	25.22 ;
: 33696	25.25 ;
: 33698	25.30 ;
: 33698	27.9 ;
: 33698	27.22 ;
: 33700	27.26 ;
: 33702	27.29 ;
: 33704	27.34 ;
: 33706	27.37 ;
: 33706	28.8 ;
: 33706	28.18 ;
: 33708	28.23 ;
: 33710	28.29 ;
: 33712	28.35 ;
: 33716	28.41 ;
: 33718	28.46 ;
: 33727	35.8 ;
: 33727	35.20 ;
: 33729	35.27 ;
: 33731	35.32 ;
: 33731	36.9 ;
: 33731	36.17 ;
: 33733	36.21 ;
: 33735	36.24 ;
: 33737	36.27 ;
: 33739	36.30 ;
: 33741	36.33 ;
: 33743	36.38 ;
: 33745	36.43 ;
: 33745	37.6 ;
: 33745	37.14 ;
: 33747	37.18 ;
: 33749	37.23 ;
: 33751	37.29 ;
: 33751	38.7 ;
: 33751	38.15 ;
: 33753	38.21 ;
: 33753	39.9 ;
: 33753	39.16 ;
: 33757	39.20 ;
: 33759	39.25 ;
: 33759	42.7 ;
: 33759	42.14 ;
: 33759	43.4 ;
: 33763	43.7 ;
: 33765	43.12 ;
: 33765	43.19 ;
: 33769	43.22 ;
: 33771	43.27 ;
: 33777	43.39 ;
: 33779	43.43 ;
: 33779	44.4 ;
: 33779	44.11 ;
: 33781	44.16 ;
: 33786	44.28 ;
: 33788	44.33 ;
: 33788	45.5 ;
: 33788	45.13 ;
: 33793	45.22 ;
: 33795	45.26 ;
: 33799	45.35 ;
: 33801	45.41 ;
: 33801	45.46 ;
: 33801	46.6 ;
: 33801	46.14 ;
: 33803	46.18 ;
: 33805	46.24 ;
: 33805	50.8 ;
: 33805	50.22 ;
: 33805	51.4 ;
: 33807	51.9 ;
: 33812	51.25 ;
: 33816	51.27 ;
: 33816	52.8 ;
: 33818	52.11 ;
: 33820	52.16 ;
: 33822	52.19 ;
: 33824	52.24 ;
: 33829	52.40 ;
: 33831	52.44 ;
: 33833	52.47 ;
: 33835	52.49 ;
: 33835	53.8 ;
: 33835	53.15 ;
: 33837	53.21 ;
: 33840	53.35 ;
: 33842	53.40 ;
: 33842	54.4 ;
: 33842	54.8 ;
: 33842	55.4 ;
: 33844	55.7 ;
: 33844	56.8 ;
: 33846	56.12 ;
: 33851	56.28 ;
: 33853	56.31 ;
: 33857	56.35 ;
: 33859	56.38 ;
: 33861	56.42 ;
: 33863	56.46 ;
: 33863	56.52 ;
: 33865	56.58 ;
: 33867	56.61 ;
: 33867	57.4 ;
: 33871	57.10 ;
: 33873	57.15 ;
: 33873	59.10 ;
: 33873	59.23 ;
: 33875	59.27 ;
: 33879	59.29 ;
: 33881	59.31 ;
: 33883	59.36 ;
: 33885	59.40 ;
: 33885	61.9 ;
: 33885	61.23 ;
: 33885	62.4 ;
: 33887	62.9 ;
: 33892	62.25 ;
: 33896	62.27 ;
: 33896	63.8 ;
: 33898	63.11 ;
: 33900	63.16 ;
: 33902	63.19 ;
: 33904	63.24 ;
: 33909	63.40 ;
: 33911	63.44 ;
: 33913	63.47 ;
: 33915	63.48 ;
: 33915	64.8 ;
: 33915	64.15 ;
: 33917	64.21 ;
: 33920	64.35 ;
: 33922	64.40 ;
: 33922	65.4 ;
: 33922	65.8 ;
: 33922	66.4 ;
: 33924	66.7 ;
: 33924	67.8 ;
: 33926	67.12 ;
: 33931	67.28 ;
: 33933	67.31 ;
: 33937	67.35 ;
: 33939	67.38 ;
: 33941	67.42 ;
: 33943	67.46 ;
: 33943	67.52 ;
: 33943	68.8 ;
: 33945	68.15 ;
: 33947	68.18 ;
: 33947	69.4 ;
: 33951	69.10 ;
: 33953	69.15 ;
: 33953	84.7 ;
: 33953	84.17 ;
: 33953	85.0 ;
: 33955	85.6 ;
: 33959	85.15 ;
: 33961	85.20 ;
: 33963	85.26 ;
: 33965	85.30 ;
: 33969	85.39 ;
: 33971	85.44 ;
: 33973	85.50 ;
: 33973	86.0 ;
: 33975	86.7 ;
: 33981	86.16 ;
: 33985	86.23 ;
: 33987	86.28 ;
: 33987	86.34 ;
: 33987	86.40 ;
: 33987	86.54 ;
: 33987	87.4 ;
: 33989	87.7 ;
: 33993	87.11 ;
: 33997	87.18 ;
: 33998	87.24 ;
: 33998	87.30 ;
: 33998	87.48 ;
: 33998	88.4 ;
: 34000	88.10 ;
: 34004	88.12 ;
: 34006	88.14 ;
: 34010	88.18 ;
: 34010	88.54 ;
: 34010	89.8 ;
: 34010	89.21 ;
: 34014	89.29 ;
: 34016	89.35 ;
: 34018	89.38 ;
: 34020	89.41 ;
: 34022	89.44 ;
: 34022	90.12 ;
: 34024	90.16 ;
: 34026	90.18 ;
: 34028	90.23 ;
: 34030	90.27 ;
: 34032	90.30 ;
: 34034	90.35 ;
: 34036	90.40 ;
: 34038	90.48 ;
: 34040	90.51 ;
: 34042	90.53 ;
: 34042	91.8 ;
: 34046	91.14 ;
: 34048	91.18 ;
: 34048	92.4 ;
: 34048	92.8 ;
: 34048	93.4 ;
: 34050	93.8 ;
: 34052	93.12 ;
: 34054	93.21 ;
: 34054	93.64 ;
: 34054	94.4 ;
: 34054	97.7 ;
: 34054	97.14 ;
: 34058	97.21 ;
: 34060	97.25 ;
: 34060	99.7 ;
: 34060	99.14 ;
: 34064	99.21 ;
: 34066	99.25 ;
: 34066	100.7 ;
: 34066	100.14 ;
: 34070	100.21 ;
: 34072	100.25 ;
: 34075	2.8 ;
: 34075	2.31 ;
: 34077	2.36 ;
: 34079	2.41 ;
: 34079	3.8 ;
: 34079	3.23 ;
: 34081	3.27 ;
: 34085	3.31 ;
: 34087	3.36 ;
: 34087	3.41 ;
: 34088	3.41 ;
: 34092	3.41 ;
: 34093	3.41 ;
: 34097	3.41 ;
: 34098	3.41 ;
: 34102	3.41 ;
: 34107	56.12 ;
: 34107	56.25 ;
: 34109	56.34 ;
: 34111	56.37 ;
: 34113	56.40 ;
: 34263	143.8 ;
: 34263	143.16 ;
: 34263	144.4 ;
: 34265	144.10 ;
: 34265	145.4 ;
: 34267	145.16 ;
: 34271	145.20 ;
: 34273	145.30 ;
: 34277	145.34 ;
: 34279	145.42 ;
: 34279	145.48 ;
: 34279	145.52 ;
: 34279	146.4 ;
: 34281	146.15 ;
: 34285	146.19 ;
: 34287	146.29 ;
: 34291	146.33 ;
: 34295	146.35 ;
: 34297	146.43 ;
: 34297	146.49 ;
: 34297	146.53 ;
: 34297	147.4 ;
: 34299	147.16 ;
: 34303	147.20 ;
: 34305	147.30 ;
: 34307	147.35 ;
: 34307	148.4 ;
: 34309	148.11 ;
: 34309	149.4 ;
: 34311	149.17 ;
: 34311	151.8 ;
: 34311	151.17 ;
: 34311	152.4 ;
: 34313	152.10 ;
: 34313	153.4 ;
: 34315	153.15 ;
: 34319	153.19 ;
: 34321	153.29 ;
: 34325	153.33 ;
: 34327	153.39 ;
: 34329	153.47 ;
: 34329	153.53 ;
: 34329	153.57 ;
: 34329	154.4 ;
: 34331	154.15 ;
: 34335	154.19 ;
: 34337	154.29 ;
: 34341	154.33 ;
: 34343	154.38 ;
: 34345	154.46 ;
: 34345	154.52 ;
: 34345	154.56 ;
: 34345	155.4 ;
: 34347	155.16 ;
: 34347	156.4 ;
: 34349	156.15 ;
: 34353	156.19 ;
: 34355	156.29 ;
: 34357	156.33 ;
: 34357	157.4 ;
: 34359	157.12 ;
: 34359	159.9 ;
: 34359	159.29 ;
: 34359	160.0 ;
: 34359	160.57 ;
: 34359	161.0 ;
: 34359	161.65 ;
: 34359	162.0 ;
: 34359	162.31 ;
: 34359	163.4 ;
: 34361	163.10 ;
: 34361	164.4 ;
: 34363	164.13 ;
: 34367	164.17 ;
: 34369	164.27 ;
: 34373	164.29 ;
: 34373	165.8 ;
: 34375	165.13 ;
: 34377	165.18 ;
: 34379	165.24 ;
: 34383	165.29 ;
: 34385	165.37 ;
: 34385	165.42 ;
: 34385	166.4 ;
: 34385	166.8 ;
: 34385	167.4 ;
: 34387	167.15 ;
: 34391	167.19 ;
: 34393	167.29 ;
: 34397	167.31 ;
: 34397	168.8 ;
: 34399	168.13 ;
: 34401	168.19 ;
: 34405	168.25 ;
: 34407	168.33 ;
: 34407	168.37 ;
: 34407	169.4 ;
: 34407	169.8 ;
: 34407	170.4 ;
: 34409	170.7 ;
: 34409	171.8 ;
: 34411	171.20 ;
: 34411	172.8 ;
: 34413	172.17 ;
: 34417	172.21 ;
: 34419	172.31 ;
: 34423	172.33 ;
: 34423	173.12 ;
: 34425	173.16 ;
: 34427	173.21 ;
: 34429	173.27 ;
: 34433	173.33 ;
: 34435	173.41 ;
: 34435	173.46 ;
: 34435	174.8 ;
: 34435	174.12 ;
: 34435	175.4 ;
: 34439	175.8 ;
: 34439	176.4 ;
: 34441	176.12 ;
: 34441	176.12 ;
: 34445	176.12 ;
: 34446	183.8 ;
: 34446	183.16 ;
: 34446	184.4 ;
: 34448	184.8 ;
: 34450	184.13 ;
: 34452	184.21 ;
: 34456	184.25 ;
: 34458	184.29 ;
: 34459	184.35 ;
: 34459	184.39 ;
: 34459	185.4 ;
: 34461	185.9 ;
: 34463	185.17 ;
: 34463	186.4 ;
: 34463	186.9 ;
: 34463	187.8 ;
: 34465	187.13 ;
: 34467	187.17 ;
: 34469	187.22 ;
: 34471	187.30 ;
: 34475	187.34 ;
: 34477	187.38 ;
: 34481	187.45 ;
: 34482	187.51 ;
: 34482	187.55 ;
: 34482	188.8 ;
: 34484	188.13 ;
: 34486	188.17 ;
: 34488	188.19 ;
: 34488	189.4 ;
: 34490	189.7 ;
: 34494	189.14 ;
: 34496	189.18 ;
: 34497	191.8 ;
: 34497	191.18 ;
: 34497	192.4 ;
: 34499	192.9 ;
: 34501	192.14 ;
: 34503	192.22 ;
: 34507	192.26 ;
: 34509	192.32 ;
: 34509	192.38 ;
: 34509	192.42 ;
: 34509	193.4 ;
: 34511	193.12 ;
: 34511	194.4 ;
: 34511	194.9 ;
: 34511	195.8 ;
: 34513	195.13 ;
: 34515	195.18 ;
: 34517	195.22 ;
: 34517	196.8 ;
: 34519	196.16 ;
: 34523	196.20 ;
: 34525	196.24 ;
: 34527	196.29 ;
: 34529	196.35 ;
: 34529	196.41 ;
: 34529	196.45 ;
: 34529	197.8 ;
: 34531	197.12 ;
: 34533	197.15 ;
: 34535	197.20 ;
: 34535	198.4 ;
: 34537	198.7 ;
: 34541	198.14 ;
: 34543	198.19 ;
: 34543	198.19 ;
: 34547	198.19 ;
: 34548	201.8 ;
: 34548	201.16 ;
: 34550	201.20 ;
: 34552	201.24 ;
: 34552	202.8 ;
: 34552	202.16 ;
: 34554	202.20 ;
: 34556	202.24 ;
: 34556	202.24 ;
: 34560	202.24 ;
: 34561	205.8 ;
: 34561	205.16 ;
: 34563	205.20 ;
: 34565	205.24 ;
: 34565	206.8 ;
: 34565	206.16 ;
: 34567	206.20 ;
: 34569	206.24 ;
: 34569	27.11 ;
: 34569	27.19 ;
: 34571	27.24 ;
: 34571	28.11 ;
: 34571	28.19 ;
: 34573	28.24 ;
: 34573	28.24 ;
: 34577	28.24 ;
: 34578	33.10 ;
: 34578	33.18 ;
: 34580	33.29 ;
: 34582	33.37 ;
: 34584	33.45 ;
: 34586	33.56 ;
: 34588	33.60 ;
: 34588	33.60 ;
: 34592	33.60 ;
: 34593	38.7 ;
: 34593	38.15 ;
: 34595	38.23 ;
: 34597	38.31 ;
: 34599	38.39 ;
: 34601	38.47 ;
: 34603	38.51 ;
: 34603	41.14 ;
: 34603	41.21 ;
: 34603	42.4 ;
: 34607	42.6 ;
: 34607	42.13 ;
: 34609	42.18 ;
: 34611	42.22 ;
: 34613	42.26 ;
: 34617	42.33 ;
: 34619	42.40 ;
: 34621	42.41 ;
: 34621	43.4 ;
: 34621	43.11 ;
: 34623	43.15 ;
: 34625	43.19 ;
: 34629	43.25 ;
: 34666	53.13 ;
: 34666	53.24 ;
: 34666	54.4 ;
: 34668	54.14 ;
: 34670	54.20 ;
: 34672	54.24 ;
: 34672	55.8 ;
: 34674	55.13 ;
: 34676	55.16 ;
: 34678	55.18 ;
: 34682	55.22 ;
: 34684	55.26 ;
: 34686	55.29 ;
: 34688	55.32 ;
: 34692	55.39 ;
: 34693	55.45 ;
: 34693	55.51 ;
: 34695	55.54 ;
: 34695	56.4 ;
: 34699	56.10 ;
: 34701	56.16 ;
: 34705	56.18 ;
: 34706	58.10 ;
: 34706	58.18 ;
: 34708	58.29 ;
: 34710	58.39 ;
: 34710	39.8 ;
: 34710	39.16 ;
: 34712	39.21 ;
: 34712	40.8 ;
: 34712	40.16 ;
: 34714	40.21 ;
: 34714	42.9 ;
: 34714	42.26 ;
: 34716	42.33 ;
: 34718	42.37 ;
: 34720	42.43 ;
: 34720	42.43 ;
: 34724	42.43 ;
: 34725	42.43 ;
: 34729	42.43 ;
: 34730	47.14 ;
: 34730	47.21 ;
: 34732	47.26 ;
: 34736	47.30 ;
: 34738	47.33 ;
: 34740	47.38 ;
: 34740	48.14 ;
: 34740	48.21 ;
: 34742	48.26 ;
: 34746	48.30 ;
: 34748	48.34 ;
: 34750	48.39 ;
: 34750	50.14 ;
: 34750	50.21 ;
: 34752	50.32 ;
: 34754	50.43 ;
: 34754	52.9 ;
: 34754	52.17 ;
: 34754	53.4 ;
: 34756	53.9 ;
: 34760	53.13 ;
: 34762	53.16 ;
: 34764	53.23 ;
: 34766	53.34 ;
: 34768	53.39 ;
: 34770	53.50 ;
: 34770	56.10 ;
: 34770	56.20 ;
: 34770	57.4 ;
: 34772	57.10 ;
: 34774	57.16 ;
: 34776	57.21 ;
: 34780	57.25 ;
: 34782	57.29 ;
: 34784	57.34 ;
: 34786	57.37 ;
: 34786	59.12 ;
: 34786	59.19 ;
: 34788	59.24 ;
: 34788	61.16 ;
: 34788	61.24 ;
: 34788	62.4 ;
: 34792	62.10 ;
: 34792	62.17 ;
: 34794	62.20 ;
: 34796	62.24 ;
: 34798	62.27 ;
: 34800	62.34 ;
: 34802	62.37 ;
: 34806	62.44 ;
: 34808	62.47 ;
: 34810	62.51 ;
: 34910	82.21 ;
: 34910	82.29 ;
: 34915	82.33 ;
: 34918	82.37 ;
: 34921	82.41 ;
: 34924	82.45 ;
: 34929	82.47 ;
: 34932	82.50 ;
: 34935	82.55 ;
: 34940	82.57 ;
: 34943	82.63 ;
: 34943	84.19 ;
: 34943	84.28 ;
: 34946	84.42 ;
: 34951	84.44 ;
: 34954	84.50 ;
: 34957	84.59 ;
: 34957	86.12 ;
: 34957	86.20 ;
: 34959	86.34 ;
: 34964	86.36 ;
: 34967	86.42 ;
: 34967	88.13 ;
: 34967	88.24 ;
: 34967	89.4 ;
: 34972	89.8 ;
: 34975	89.12 ;
: 34978	89.16 ;
: 34983	89.18 ;
: 34986	89.20 ;
: 34991	89.24 ;
: 34996	89.26 ;
: 34999	89.29 ;
: 34999	89.35 ;
: 35004	89.39 ;
: 35007	89.41 ;
: 35009	89.50 ;
: 35009	91.12 ;
: 35009	91.22 ;
: 35012	91.27 ;
: 35017	91.30 ;
: 35020	91.35 ;
: 35023	91.41 ;
: 35025	91.51 ;
: 35030	91.56 ;
: 35030	91.62 ;
: 35033	91.67 ;
: 35033	93.13 ;
: 35033	93.20 ;
: 35038	93.23 ;
: 35040	93.32 ;
: 35040	94.14 ;
: 35040	94.22 ;
: 35043	94.27 ;
: 35048	94.30 ;
: 35051	94.35 ;
: 35053	94.46 ;
: 35058	94.51 ;
: 35058	94.56 ;
: 35059	94.56 ;
: 35064	94.56 ;
: 35065	94.56 ;
: 35070	94.56 ;
: 35071	94.56 ;
: 35076	94.56 ;
: 35077	100.10 ;
: 35077	100.18 ;
: 35082	100.22 ;
: 35085	100.25 ;
: 35087	100.41 ;
: 35087	102.10 ;
: 35087	102.18 ;
: 35092	102.22 ;
: 35095	102.25 ;
: 35097	102.41 ;
: 35097	104.10 ;
: 35097	104.18 ;
: 35102	104.22 ;
: 35104	104.38 ;
: 35107	104.51 ;
: 35110	104.56 ;
: 35110	106.8 ;
: 35110	106.15 ;
: 35115	106.19 ;
: 35117	106.35 ;
: 35117	108.13 ;
: 35117	108.21 ;
: 35120	108.25 ;
: 35125	108.30 ;
: 35126	110.14 ;
: 35126	110.21 ;
: 35126	111.4 ;
: 35131	111.8 ;
: 35136	111.12 ;
: 35141	111.16 ;
: 35146	111.19 ;
: 35146	112.4 ;
: 35151	112.6 ;
: 35154	112.11 ;
: 35156	112.29 ;
: 35156	112.36 ;
: 35161	112.40 ;
: 35163	112.50 ;
: 35168	112.55 ;
: 35169	114.13 ;
: 35169	114.23 ;
: 35169	115.4 ;
: 35171	115.15 ;
: 35176	115.19 ;
: 35179	115.33 ;
: 35184	115.35 ;
: 35187	115.40 ;
: 35187	116.4 ;
: 35190	116.18 ;
: 35193	116.22 ;
: 35198	116.26 ;
: 35200	116.36 ;
: 35202	116.43 ;
: 35204	116.51 ;
: 35204	116.56 ;
: 35205	118.12 ;
: 35205	118.19 ;
: 35207	118.29 ;
: 35210	118.34 ;
