exit	kernel8051.fs	+151
[asm	kernel8051.fs	+176
noop	kernel8051.fs	+178
nip	kernel8051.fs	+181
dup	kernel8051.fs	+185
2drop	kernel8051.fs	+188
drop	kernel8051.fs	+190
invert	kernel8051.fs	+198
flip	kernel8051.fs	+203
1+	kernel8051.fs	+208
1-	kernel8051.fs	+214
lit	kernel8051.fs	+227
literal	kernel8051.fs	+232
[']	kernel8051.fs	+235
[char]	kernel8051.fs	+239
(	kernel8051.fs	+242
\	kernel8051.fs	+245
\s	kernel8051.fs	+248
[	kernel8051.fs	+262
;	kernel8051.fs	+297
-;	kernel8051.fs	+301
swap	kernel8051.fs	+327
over	kernel8051.fs	+331
c@i	kernel8051.fs	+339
@i	kernel8051.fs	+342
c!	kernel8051.fs	+344
c!i	kernel8051.fs	+345
!	kernel8051.fs	+348
!i	kernel8051.fs	+349
c@d	kernel8051.fs	+359
@d	kernel8051.fs	+361
c!d	kernel8051.fs	+364
!d	kernel8051.fs	+367
c@	kernel8051.fs	+375
c@p	kernel8051.fs	+379
@	kernel8051.fs	+384
@p	kernel8051.fs	+386
+	kernel8051.fs	+394
and	kernel8051.fs	+401
or	kernel8051.fs	+405
xor	kernel8051.fs	+409
-	kernel8051.fs	+412
2*	kernel8051.fs	+417
2/	kernel8051.fs	+421
2+	kernel8051.fs	+423
abs	kernel8051.fs	+425
negate	kernel8051.fs	+427
um*	kernel8051.fs	+464
*	kernel8051.fs	+482
um/mod	kernel8051.fs	+488
/mod	kernel8051.fs	+508
mod	kernel8051.fs	+509
/	kernel8051.fs	+510
0<	kernel8051.fs	+516
=	kernel8051.fs	+521
0=	kernel8051.fs	+522
not	kernel8051.fs	+524
u>	kernel8051.fs	+527
u<	kernel8051.fs	+528
>	kernel8051.fs	+533
<	kernel8051.fs	+534
(>r)	kernel8051.fs	+552
(r>)	kernel8051.fs	+558
push	kernel8051.fs	+563
>r	kernel8051.fs	+564
pop	kernel8051.fs	+565
r>	kernel8051.fs	+566
(r@)	kernel8051.fs	+569
i	kernel8051.fs	+574
r@	kernel8051.fs	+575
*/	kernel8051.fs	+577
execute	kernel8051.fs	+598
?branch	kernel8051.fs	+600
if	kernel8051.fs	+609
else	kernel8051.fs	+610
then	kernel8051.fs	+611
begin	kernel8051.fs	+612
until	kernel8051.fs	+613
again	kernel8051.fs	+614
while	kernel8051.fs	+616
repeat	kernel8051.fs	+617
1-dup0=until	kernel8051.fs	+624
dupif	kernel8051.fs	+626
dup0=if	kernel8051.fs	+629
dup0<if	kernel8051.fs	+631
dup0<notif	kernel8051.fs	+633
dupuntil	kernel8051.fs	+635
dup0=until	kernel8051.fs	+638
dup0<until	kernel8051.fs	+641
dup0<notuntil	kernel8051.fs	+644
dup>r	kernel8051.fs	+647
r>drop	kernel8051.fs	+648
(next)	kernel8051.fs	+650
for	kernel8051.fs	+653
next	kernel8051.fs	+654
abort	kernel8051.fs	+694
emit	kernel8051.fs	+709
key	kernel8051.fs	+712
key?	kernel8051.fs	+715
min	kernel8051.fs	+757
max	kernel8051.fs	+759
depth	kernel8051.fs	+772
(exec:)	kernel8051.fs	+781
exec:	kernel8051.fs	+782
(string)	kernel8051.fs	+807
s"	kernel8051.fs	+814
number	kernel8051.fs	+817
perform	kernel8051.fs	+818
quit	kernel8051.fs	+822
cr	debug.fs	+25
count	debug.fs	+27
type	debug.fs	+28
."	debug.fs	+29
(.hex)	debug.fs	+32
.hex	debug.fs	+35
(hb.)	debug.fs	+36
h.	debug.fs	+37
hb.	debug.fs	+38
space	debug.fs	+39
dot	debug.fs	+42
.	debug.fs	+45
u.	debug.fs	+46
dump	debug.fs	+50
countd	debug.fs	+59
dumpd	debug.fs	+61
.s?	debug.fs	+84
.s	debug.fs	+97
.sh	debug.fs	+99
.su	debug.fs	+100
clear	debug.fs	+102
2dup	job.fs	+2
?dup	job.fs	+3
INVERTED	iic552.fs	+39
speed	iic552.fs	+44
'iic-err	iic552.fs	+53
iic-ok	iic552.fs	+55
iic-ok?	iic552.fs	+56
iicSTART	iic552.fs	+72
slave-adr<	iic552.fs	+83
slave-adr>	iic552.fs	+94
byte>iic	iic552.fs	+102
byte<iic	iic552.fs	+112
iicSTOP	iic552.fs	+122
iicABORT?	iic552.fs	+128
invert-byte	iic552.fs	+135
?invert-byte	iic552.fs	+136
?not	iic552.fs	+137
iic@	iic552.fs	+143
iic!	iic552.fs	+151
iic$!	iic552.fs	+159
#retries	iic552.fs	+181
xp@	iic552.fs	+183
xp!	iic552.fs	+191
XP0	iic552.fs	+200
xp0@	iic552.fs	+201
xp0!	iic552.fs	+202
XP1	iic552.fs	+204
xp1@	iic552.fs	+205
xp1!	iic552.fs	+206
keypad!	16key.fs	+27
keypad@	16key.fs	+28
column-key	16key.fs	+31
column	16key.fs	+33
row-key	16key.fs	+36
row	16key.fs	+38
raw-button	16key.fs	+41
key-table	16key.fs	+46
raw>ascii	16key.fs	+53
button	16key.fs	+58
lcd@	lcd.fs	+39
lcd!	lcd.fs	+40
lcd$!	lcd.fs	+42
L1	lcd.fs	+44
L2	lcd.fs	+45
lcd-clk-hi	lcd.fs	+47
lcd-clk-lo	lcd.fs	+48
lcd-strobe	lcd.fs	+50
>busy	lcd.fs	+52
-busy@	lcd.fs	+56
lcd-wait	lcd.fs	+59
lcd-answers?	lcd.fs	+61
prep-lcd-inst	lcd.fs	+65
prep-lcd-emit	lcd.fs	+74
(lcd-instruction)	lcd.fs	+82
lcd-instruction	lcd.fs	+84
lcd-emit	lcd.fs	+86
lcd-digit	lcd.fs	+88
lcd-type	lcd.fs	+91
lcd-space	lcd.fs	+93
lcd-spaces	lcd.fs	+94
invisible	lcd.fs	+96
blinking	lcd.fs	+97
underline	lcd.fs	+98
cursor	lcd.fs	+100
lcd-at	lcd.fs	+102
(dark)	lcd.fs	+104
left	lcd.fs	+106
do-loops	lcd.fs	+108
(init-lcd)	lcd.fs	+110
?init-lcd	lcd.fs	+114
lcd-dark	lcd.fs	+118
