: 919	411.6 ;
: 919	411.17 ;
: 921	411.20 ;
: 923	411.23 ;
: 995	470.6 ;
: 995	470.22 ;
: 997	470.26 ;
: 999	470.31 ;
: 1065	496.8 ;
: 1065	496.25 ;
: 1069	496.27 ;
: 1071	496.32 ;
: 1073	496.39 ;
: 1073	497.8 ;
: 1073	497.22 ;
: 1075	497.27 ;
: 1077	497.32 ;
: 1077	498.8 ;
: 1077	498.22 ;
: 1079	498.27 ;
: 1081	498.31 ;
: 1090	509.5 ;
: 1090	509.21 ;
: 1092	509.25 ;
: 1100	515.6 ;
: 1100	515.22 ;
: 1102	515.27 ;
: 1120	521.5 ;
: 1120	521.21 ;
: 1122	521.26 ;
: 1192	559.8 ;
: 1192	559.25 ;
: 1194	559.30 ;
: 1196	559.34 ;
: 1198	559.38 ;
: 1200	559.45 ;
: 1202	559.49 ;
: 1226	633.6 ;
: 1228	633.10 ;
: 1230	633.14 ;
: 1232	633.17 ;
: 1234	633.21 ;
: 1236	633.24 ;
: 1240	633.28 ;
: 1242	633.33 ;
: 1244	633.36 ;
: 1246	633.44 ;
: 1246	633.50 ;
: 1246	633.54 ;
: 1246	634.4 ;
: 1248	634.9 ;
: 1250	634.12 ;
: 1252	634.20 ;
: 1295	733.7 ;
: 1295	733.21 ;
: 1297	733.26 ;
: 1299	733.31 ;
: 1301	733.33 ;
: 1305	733.37 ;
: 1307	733.43 ;
: 1307	733.49 ;
: 1309	733.54 ;
: 1309	735.7 ;
: 1309	735.21 ;
: 1311	735.26 ;
: 1313	735.31 ;
: 1315	735.33 ;
: 1319	735.37 ;
: 1321	735.43 ;
: 1321	735.49 ;
: 1323	735.54 ;
: 1337	741.9 ;
: 1337	741.17 ;
: 1339	741.21 ;
: 1341	741.24 ;
: 1343	741.26 ;
: 1345	741.30 ;
: 1347	741.32 ;
: 1349	741.40 ;
: 1349	768.10 ;
: 1349	768.18 ;
: 1351	768.22 ;
: 1353	768.26 ;
: 1354	768.31 ;
: 1356	768.33 ;
: 1356	769.11 ;
: 1356	769.18 ;
: 1358	769.25 ;
: 1360	769.33 ;
: 1368	773.8 ;
: 1368	773.14 ;
: 1368	774.4 ;
: 1368	774.11 ;
: 1368	775.8 ;
: 1372	775.10 ;
: 1374	775.15 ;
: 1376	775.19 ;
: 1378	775.23 ;
: 1383	775.41 ;
: 1387	775.45 ;
: 1391	775.60 ;
: 1391	775.64 ;
: 1391	776.8 ;
: 1393	776.12 ;
: 1395	776.14 ;
: 1395	776.26 ;
: 1399	776.34 ;
: 1401	776.36 ;
: 1403	776.39 ;
: 1405	776.46 ;
: 1405	777.8 ;
: 1407	777.14 ;
: 1409	777.17 ;
: 1413	777.21 ;
: 1417	777.30 ;
: 1419	777.35 ;
: 1421	777.42 ;
: 1421	777.46 ;
: 1421	778.4 ;
: 1421	778.10 ;
: 1423	778.10 ;
: 1423	781.7 ;
: 1423	781.15 ;
: 1427	781.17 ;
: 1429	781.22 ;
: 1431	781.29 ;
: 1431	782.8 ;
: 1431	782.19 ;
: 1435	782.21 ;
: 1437	782.26 ;
: 1439	782.33 ;
: 1439	25.6 ;
: 1439	25.13 ;
: 1443	25.16 ;
: 1445	25.22 ;
: 1449	25.25 ;
: 1451	25.30 ;
: 1451	27.9 ;
: 1451	27.22 ;
: 1453	27.26 ;
: 1455	27.29 ;
: 1457	27.34 ;
: 1459	27.37 ;
: 1459	28.8 ;
: 1459	28.18 ;
: 1461	28.23 ;
: 1463	28.29 ;
: 1465	28.35 ;
: 1469	28.41 ;
: 1471	28.46 ;
: 1480	34.8 ;
: 1480	34.20 ;
: 1482	34.27 ;
: 1484	34.32 ;
: 1484	35.9 ;
: 1484	35.17 ;
: 1486	35.21 ;
: 1488	35.24 ;
: 1490	35.27 ;
: 1492	35.30 ;
: 1494	35.33 ;
: 1496	35.38 ;
: 1498	35.43 ;
: 1498	36.6 ;
: 1498	36.14 ;
: 1500	36.18 ;
: 1501	36.23 ;
: 1503	36.29 ;
: 1503	37.7 ;
: 1503	37.15 ;
: 1505	37.21 ;
: 1505	38.9 ;
: 1505	38.16 ;
: 1509	38.20 ;
: 1511	38.25 ;
: 1511	41.7 ;
: 1511	41.14 ;
: 1511	42.4 ;
: 1515	42.7 ;
: 1517	42.12 ;
: 1517	42.19 ;
: 1521	42.22 ;
: 1523	42.27 ;
: 1529	42.39 ;
: 1531	42.43 ;
: 1531	43.4 ;
: 1531	43.11 ;
: 1533	43.16 ;
: 1538	43.28 ;
: 1540	43.33 ;
: 1540	44.5 ;
: 1540	44.13 ;
: 1545	44.22 ;
: 1547	44.26 ;
: 1551	44.35 ;
: 1553	44.41 ;
: 1553	44.46 ;
: 1553	45.6 ;
: 1553	45.14 ;
: 1555	45.18 ;
: 1557	45.24 ;
: 1557	49.8 ;
: 1557	49.22 ;
: 1557	50.4 ;
: 1559	50.9 ;
: 1564	50.25 ;
: 1568	50.27 ;
: 1568	51.8 ;
: 1570	51.11 ;
: 1572	51.16 ;
: 1574	51.19 ;
: 1576	51.24 ;
: 1581	51.40 ;
: 1583	51.44 ;
: 1585	51.47 ;
: 1587	51.49 ;
: 1587	52.8 ;
: 1587	52.15 ;
: 1589	52.21 ;
: 1592	52.35 ;
: 1594	52.40 ;
: 1594	53.4 ;
: 1594	53.8 ;
: 1594	54.4 ;
: 1596	54.7 ;
: 1596	55.8 ;
: 1598	55.12 ;
: 1603	55.28 ;
: 1605	55.31 ;
: 1609	55.35 ;
: 1611	55.38 ;
: 1613	55.42 ;
: 1615	55.46 ;
: 1615	55.52 ;
: 1617	55.58 ;
: 1619	55.61 ;
: 1619	56.4 ;
: 1623	56.10 ;
: 1625	56.15 ;
: 1625	58.10 ;
: 1625	58.23 ;
: 1627	58.27 ;
: 1631	58.29 ;
: 1633	58.31 ;
: 1635	58.36 ;
: 1637	58.40 ;
: 1637	60.9 ;
: 1637	60.23 ;
: 1637	61.4 ;
: 1639	61.9 ;
: 1644	61.25 ;
: 1648	61.27 ;
: 1648	62.8 ;
: 1650	62.11 ;
: 1652	62.16 ;
: 1654	62.19 ;
: 1656	62.24 ;
: 1661	62.40 ;
: 1663	62.44 ;
: 1665	62.47 ;
: 1667	62.48 ;
: 1667	63.8 ;
: 1667	63.15 ;
: 1669	63.21 ;
: 1672	63.35 ;
: 1674	63.40 ;
: 1674	64.4 ;
: 1674	64.8 ;
: 1674	65.4 ;
: 1676	65.7 ;
: 1676	66.8 ;
: 1678	66.12 ;
: 1683	66.28 ;
: 1685	66.31 ;
: 1689	66.35 ;
: 1691	66.38 ;
: 1693	66.42 ;
: 1695	66.46 ;
: 1695	66.52 ;
: 1695	67.8 ;
: 1697	67.15 ;
: 1699	67.18 ;
: 1699	68.4 ;
: 1703	68.10 ;
: 1705	68.15 ;
: 1705	70.7 ;
: 1705	70.17 ;
: 1705	71.0 ;
: 1707	71.6 ;
: 1711	71.15 ;
: 1713	71.20 ;
: 1715	71.26 ;
: 1717	71.30 ;
: 1721	71.39 ;
: 1723	71.44 ;
: 1725	71.49 ;
: 1725	72.0 ;
: 1727	72.7 ;
: 1733	72.16 ;
: 1737	72.23 ;
: 1739	72.28 ;
: 1739	72.34 ;
: 1739	72.39 ;
: 1739	73.4 ;
: 1739	73.11 ;
: 1740	73.26 ;
: 1744	73.28 ;
: 1744	74.4 ;
: 1744	74.17 ;
: 1748	74.24 ;
: 1748	75.8 ;
: 1750	75.14 ;
: 1750	75.21 ;
: 1752	75.42 ;
: 1754	75.45 ;
: 1754	76.0 ;
: 1756	76.10 ;
: 1758	76.12 ;
: 1759	76.17 ;
: 1761	76.21 ;
: 1763	76.24 ;
: 1765	76.29 ;
: 1767	76.34 ;
: 1769	76.43 ;
: 1771	76.46 ;
: 1773	76.48 ;
: 1773	77.4 ;
: 1777	77.11 ;
: 1779	77.15 ;
: 1779	78.4 ;
: 1779	78.10 ;
: 1781	78.14 ;
: 1783	78.18 ;
: 1785	78.26 ;
: 1785	80.7 ;
: 1785	80.14 ;
: 1789	80.21 ;
: 1791	80.25 ;
: 1791	82.7 ;
: 1791	82.14 ;
: 1795	82.21 ;
: 1797	82.25 ;
: 1797	83.7 ;
: 1797	83.14 ;
: 1801	83.21 ;
: 1803	83.25 ;
: 1806	338.6 ;
: 1808	338.10 ;
: 1810	338.15 ;
: 1810	339.5 ;
: 1814	339.7 ;
: 1816	339.12 ;
: 1818	339.19 ;
: 1820	339.23 ;
: 1821	340.5 ;
: 1825	340.7 ;
: 1827	340.12 ;
: 1829	340.19 ;
: 1831	340.24 ;
: 1831	341.5 ;
: 1833	341.8 ;
: 1835	341.12 ;
: 1835	342.5 ;
: 1837	342.8 ;
: 1839	342.12 ;
: 1839	343.5 ;
: 1841	343.8 ;
: 1843	343.12 ;
: 1843	345.5 ;
: 1845	345.7 ;
: 1847	345.11 ;
: 1847	346.5 ;
: 1849	346.7 ;
: 1851	346.11 ;
: 1851	347.5 ;
: 1853	347.7 ;
: 1855	347.11 ;
: 1884	362.8 ;
: 1886	362.10 ;
: 1886	393.13 ;
: 1886	393.43 ;
: 1886	394.0 ;
: 1888	394.4 ;
: 1890	394.8 ;
: 1892	394.11 ;
: 1894	394.15 ;
: 1896	394.17 ;
: 1898	394.21 ;
: 1900	394.24 ;
: 1902	394.29 ;
: 1902	394.55 ;
: 1902	395.0 ;
: 1904	395.7 ;
: 1904	395.33 ;
: 1904	396.0 ;
: 1906	396.4 ;
: 1910	396.8 ;
: 1912	396.12 ;
: 1915	396.18 ;
: 1917	396.22 ;
: 1917	396.27 ;
: 1921	396.31 ;
: 1923	396.34 ;
: 1925	396.39 ;
: 1927	396.48 ;
: 1927	396.53 ;
: 1928	398.13 ;
: 1928	398.43 ;
: 1928	399.0 ;
: 1930	399.4 ;
: 1932	399.8 ;
: 1934	399.11 ;
: 1936	399.14 ;
: 1938	399.16 ;
: 1940	399.20 ;
: 1942	399.23 ;
: 1944	399.27 ;
: 1944	399.53 ;
: 1944	400.0 ;
: 1946	400.7 ;
: 1946	400.34 ;
: 1946	401.0 ;
: 1948	401.4 ;
: 1952	401.8 ;
: 1954	401.12 ;
: 1957	401.18 ;
: 1959	401.22 ;
: 1959	401.27 ;
: 1963	401.31 ;
: 1965	401.34 ;
: 1967	401.39 ;
: 1969	401.48 ;
: 1969	401.53 ;
: 2028	527.10 ;
: 2028	527.28 ;
: 2028	528.0 ;
: 2030	528.6 ;
: 2034	528.10 ;
: 2036	528.17 ;
: 2039	528.23 ;
: 2041	528.30 ;
: 2043	528.38 ;
: 2043	528.43 ;
: 2044	530.10 ;
: 2044	530.28 ;
: 2046	530.32 ;
: 2049	530.36 ;
: 2052	530.39 ;
: 2055	530.43 ;
: 2060	530.45 ;
: 2063	530.49 ;
: 2074	533.7 ;
: 2079	533.9 ;
: 2082	533.13 ;
: 2087	533.15 ;
: 2090	533.19 ;
: 2092	533.24 ;
: 2095	533.26 ;
: 2098	533.29 ;
: 2098	535.8 ;
: 2098	535.20 ;
: 2100	535.24 ;
: 2100	535.41 ;
: 2103	535.47 ;
: 2103	536.8 ;
: 2103	536.20 ;
: 2105	536.24 ;
: 2108	536.31 ;
: 2108	536.49 ;
: 2111	536.56 ;
: 2111	536.56 ;
: 2116	536.56 ;
: 2117	770.12 ;
: 2117	770.20 ;
: 2117	771.0 ;
: 2121	771.38 ;
: 2121	772.0 ;
: 2124	772.3 ;
: 2124	773.0 ;
: 2126	773.26 ;
: 2126	774.0 ;
: 2148	774.0 ;
: 2153	774.0 ;
: 2154	774.0 ;
: 2159	774.0 ;
: 2160	774.0 ;
: 2165	774.0 ;
: 2249	774.0 ;
: 2254	774.0 ;
: 2255	907.18 ;
: 2255	907.30 ;
: 2257	907.42 ;
: 2260	907.44 ;
: 2285	926.6 ;
: 2285	926.15 ;
: 2287	926.27 ;
: 2289	926.35 ;
: 2334	953.12 ;
: 2334	953.26 ;
: 2334	954.0 ;
: 2336	954.15 ;
: 2336	955.0 ;
: 2341	955.6 ;
: 2343	955.18 ;
: 2343	955.31 ;
: 2343	956.0 ;
: 2345	956.16 ;
: 2347	956.28 ;
: 2347	957.0 ;
: 2350	957.5 ;
: 2352	957.16 ;
: 2352	957.33 ;
: 2352	958.0 ;
: 2352	958.8 ;
: 2354	958.22 ;
: 2359	958.27 ;
: 2359	959.0 ;
: 2361	959.20 ;
: 2363	959.33 ;
: 2363	960.0 ;
: 2365	960.12 ;
: 2365	960.25 ;
: 2365	961.0 ;
: 2370	961.3 ;
: 2372	961.15 ;
: 2372	963.8 ;
: 2372	963.15 ;
: 2372	964.0 ;
: 2374	964.15 ;
: 2374	965.0 ;
: 2379	965.6 ;
: 2381	965.18 ;
: 2381	965.31 ;
: 2381	966.0 ;
: 2383	966.16 ;
: 2385	966.28 ;
: 2385	967.0 ;
: 2385	967.8 ;
: 2387	967.22 ;
: 2392	967.27 ;
: 2392	968.0 ;
: 2394	968.20 ;
: 2396	968.33 ;
: 2396	969.0 ;
: 2401	969.3 ;
: 2403	969.15 ;
: 2403	1002.8 ;
: 2403	1002.16 ;
: 2407	1002.23 ;
: 2410	1002.31 ;
: 2410	1008.8 ;
: 2413	1008.13 ;
: 2416	1008.18 ;
: 2416	1010.8 ;
: 2416	1010.23 ;
: 2418	1010.28 ;
: 2421	1010.31 ;
: 2424	1010.35 ;
: 2429	1010.39 ;
: 2432	1010.45 ;
: 2432	1010.51 ;
: 2435	1010.56 ;
: 2435	1012.16 ;
: 2435	1012.33 ;
: 2435	1013.0 ;
: 2437	1013.6 ;
: 2440	1013.10 ;
: 2443	1013.13 ;
: 2446	1013.15 ;
: 2449	1013.18 ;
: 2450	1013.23 ;
: 2453	1013.25 ;
: 2455	1013.30 ;
: 2455	1041.16 ;
: 2455	1041.64 ;
: 2455	1042.0 ;
: 2458	1042.4 ;
: 2461	1042.9 ;
: 2464	1042.13 ;
: 2464	1042.27 ;
: 2464	1043.0 ;
: 2467	1043.6 ;
: 2470	1043.9 ;
: 2473	1043.12 ;
: 2476	1043.16 ;
: 2481	1043.18 ;
: 2481	1044.0 ;
: 2484	1044.5 ;
: 2487	1044.8 ;
: 2490	1044.14 ;
: 2493	1044.17 ;
: 2494	1044.23 ;
: 2494	1044.44 ;
: 2494	1045.0 ;
: 2494	1045.5 ;
: 2494	1046.0 ;
: 2497	1046.4 ;
: 2500	1046.7 ;
: 2503	1046.10 ;
: 2506	1046.12 ;
: 2509	1046.14 ;
: 2512	1046.17 ;
: 2515	1046.22 ;
: 2515	1070.18 ;
: 2515	1070.67 ;
: 2515	1071.0 ;
: 2518	1071.4 ;
: 2521	1071.7 ;
: 2526	1071.9 ;
: 2529	1071.11 ;
: 2529	1072.0 ;
: 2529	1072.7 ;
: 2529	1073.0 ;
: 2531	1073.7 ;
: 2534	1073.9 ;
: 2537	1073.11 ;
: 2542	1073.15 ;
: 2545	1073.21 ;
: 2548	1073.24 ;
: 2551	1073.27 ;
: 2554	1073.30 ;
: 2557	1073.36 ;
: 2557	1073.42 ;
: 2557	1073.48 ;
: 2557	1073.59 ;
: 2557	1074.0 ;
: 2560	1074.5 ;
: 2565	1074.7 ;
: 2568	1074.9 ;
: 2571	1074.12 ;
: 2573	1074.17 ;
: 2576	1074.19 ;
: 2581	1074.23 ;
: 2584	1074.29 ;
: 2587	1074.35 ;
: 2590	1074.38 ;
: 2591	1074.44 ;
: 2591	1074.50 ;
: 2591	1074.67 ;
: 2591	1075.0 ;
: 2594	1075.5 ;
: 2597	1075.8 ;
: 2602	1075.10 ;
: 2605	1075.13 ;
: 2605	1075.29 ;
: 2605	1076.0 ;
: 2605	1076.7 ;
: 2607	1076.7 ;
