exit	kernel8051.fs	+146
[asm	kernel8051.fs	+164
noop	kernel8051.fs	+166
nip	kernel8051.fs	+169
dup	kernel8051.fs	+173
2drop	kernel8051.fs	+176
drop	kernel8051.fs	+178
invert	kernel8051.fs	+186
flip	kernel8051.fs	+189
flip	kernel8051.fs	+191
1+	kernel8051.fs	+196
1-	kernel8051.fs	+202
lit	kernel8051.fs	+215
literal	kernel8051.fs	+220
[']	kernel8051.fs	+223
[char]	kernel8051.fs	+227
(	kernel8051.fs	+230
\	kernel8051.fs	+233
\s	kernel8051.fs	+236
[	kernel8051.fs	+250
;	kernel8051.fs	+285
-;	kernel8051.fs	+289
swap	kernel8051.fs	+315
over	kernel8051.fs	+319
c@i	kernel8051.fs	+327
@i	kernel8051.fs	+330
c!	kernel8051.fs	+332
c!i	kernel8051.fs	+333
!	kernel8051.fs	+336
!i	kernel8051.fs	+337
c@d	kernel8051.fs	+347
@d	kernel8051.fs	+349
c!d	kernel8051.fs	+352
!d	kernel8051.fs	+355
c@	kernel8051.fs	+363
c@p	kernel8051.fs	+367
@	kernel8051.fs	+372
@p	kernel8051.fs	+374
+	kernel8051.fs	+382
and	kernel8051.fs	+389
or	kernel8051.fs	+393
xor	kernel8051.fs	+397
-	kernel8051.fs	+400
2*	kernel8051.fs	+405
2/	kernel8051.fs	+409
2+	kernel8051.fs	+411
abs	kernel8051.fs	+413
negate	kernel8051.fs	+415
um*	kernel8051.fs	+452
*	kernel8051.fs	+470
um/mod	kernel8051.fs	+476
/mod	kernel8051.fs	+496
mod	kernel8051.fs	+497
/	kernel8051.fs	+498
0<	kernel8051.fs	+504
=	kernel8051.fs	+509
0=	kernel8051.fs	+510
not	kernel8051.fs	+512
u>	kernel8051.fs	+515
u<	kernel8051.fs	+516
>	kernel8051.fs	+521
<	kernel8051.fs	+522
push	kernel8051.fs	+534
>r	kernel8051.fs	+535
pop	kernel8051.fs	+539
r>	kernel8051.fs	+540
push	kernel8051.fs	+545
>r	kernel8051.fs	+546
pop	kernel8051.fs	+547
r>	kernel8051.fs	+548
i	kernel8051.fs	+550
r@	kernel8051.fs	+551
i	kernel8051.fs	+556
r@	kernel8051.fs	+557
*/	kernel8051.fs	+559
execute	kernel8051.fs	+580
?branch	kernel8051.fs	+582
if	kernel8051.fs	+591
else	kernel8051.fs	+592
then	kernel8051.fs	+593
begin	kernel8051.fs	+594
until	kernel8051.fs	+595
again	kernel8051.fs	+596
while	kernel8051.fs	+598
repeat	kernel8051.fs	+599
1-dup0=until	kernel8051.fs	+606
dupif	kernel8051.fs	+608
dup0=if	kernel8051.fs	+611
dup0<if	kernel8051.fs	+613
dup0<notif	kernel8051.fs	+615
dupuntil	kernel8051.fs	+617
dup0=until	kernel8051.fs	+620
dup0<until	kernel8051.fs	+623
dup0<notuntil	kernel8051.fs	+626
dup>r	kernel8051.fs	+629
r>drop	kernel8051.fs	+630
(next)	kernel8051.fs	+632
for	kernel8051.fs	+635
next	kernel8051.fs	+636
abort	kernel8051.fs	+674
emit	kernel8051.fs	+687
key	kernel8051.fs	+690
key?	kernel8051.fs	+693
min	kernel8051.fs	+733
max	kernel8051.fs	+735
depth	kernel8051.fs	+737
exec:	kernel8051.fs	+741
exec:	kernel8051.fs	+742
number	kernel8051.fs	+768
perform	kernel8051.fs	+769
quit	kernel8051.fs	+773
key	kernel8051.fs	+781
key?	kernel8051.fs	+782
cr	debug.fs	+25
count	debug.fs	+27
type	debug.fs	+28
(.hex)	debug.fs	+31
.hex	debug.fs	+34
(hb.)	debug.fs	+35
h.	debug.fs	+36
hb.	debug.fs	+37
space	debug.fs	+38
dot	debug.fs	+41
.	debug.fs	+44
u.	debug.fs	+45
dump	debug.fs	+49
countd	debug.fs	+58
dumpd	debug.fs	+60
.s?	debug.fs	+70
.s	debug.fs	+80
.sh	debug.fs	+82
.su	debug.fs	+83
clear	debug.fs	+85
**	basic.fs	+338
/	basic.fs	+339
//	basic.fs	+340
&/	basic.fs	+341
^/	basic.fs	+342
|/	basic.fs	+343
<=	basic.fs	+345
>=	basic.fs	+346
<>	basic.fs	+347
?skip	basic.fs	+350
byte-next	basic.fs	+393
word-next	basic.fs	+398
interrupts-disabled	basic.fs	+403
interrupts-enabled	basic.fs	+404
P0!	basic.fs	+477
P0@	basic.fs	+480
PRT0CF!	basic.fs	+485
PRT0CF@	basic.fs	+488
P0and!	basic.fs	+519
P0or!	basic.fs	+521
P0bit!	basic.fs	+527
P0bit@	basic.fs	+530
'2**	basic.fs	+532
2**	basic.fs	+533
high	basic.fs	+535
low	basic.fs	+536
ms-counter	basic.fs	+768
atomic-@	basic.fs	+770
add-timer	basic.fs	+776
cycles/ms	basic.fs	+806
ms-reload-low	basic.fs	+807
ms-reload-high	basic.fs	+808
set-mstimer	basic.fs	+831
cycles/10us	basic.fs	+905
scale-to-clock	basic.fs	+907
ms-wait	basic.fs	+909
ms-timeout?	basic.fs	+918
ms	basic.fs	+926
set-tone-timer	basic.fs	+928
enable-tones	basic.fs	+937
tone-timeout?	basic.fs	+939
clear-tone-timeout	basic.fs	+945
disable-tones	basic.fs	+947
toggle-P0	basic.fs	+949
pulseout	basic.fs	+953
wait	basic.fs	+963
jump	basic.fs	+1002
2dup	basic.fs	+1008
umax	basic.fs	+1010
basic-branch	basic.fs	+1012
basic-lookup	basic.fs	+1041
basic-lookdown	basic.fs	+1070
init	modular.bas	+20
wr_LCD	modular.bas	+50
back	modular.bas	+60
clear	modular.bas	+66
cret	modular.bas	+73
loop	modular.bas	+78
xmit	modular.bas	+88
handler	modular.bas	+94
leave	modular.bas	+103
begin	modular.bas	+105
main	modular.bas	+108
