Tue Jul 06 04:20:17 PM PDT 2004
/home/prog/amrforth/v6_4/310/example
amrForth v6.4.x 17MAY04
Loading configuration files.
Forth> c Compiling Interactive System

ROM-START=635 

Host Stack = <0> 
ROM used = 1992 $7C8 

Forth> d 
    To download to the target,
press and hold RESET on the target board,
then press the SPACE key...
    Now release the RESET button.
Cygnal downloader.
Downloading rom.bin via RS232
512 byte pages: 03 02 01 
Forth> .s <0> 
Forth> 1 2 3 
Forth> .s <3> 1 2 3 
Forth> * + . 7 
Forth> . -12800 ?
Forth> . -2304 ?
Forth> .s <0> 
Forth> bye 
