: 863	422.6 ;
: 863	422.17 ;
: 865	422.20 ;
: 867	422.23 ;
: 939	481.6 ;
: 939	481.22 ;
: 941	481.26 ;
: 943	481.31 ;
: 1009	507.8 ;
: 1009	507.25 ;
: 1013	507.27 ;
: 1015	507.32 ;
: 1017	507.39 ;
: 1017	508.8 ;
: 1017	508.22 ;
: 1019	508.27 ;
: 1021	508.32 ;
: 1021	509.8 ;
: 1021	509.22 ;
: 1023	509.27 ;
: 1025	509.31 ;
: 1034	520.5 ;
: 1034	520.21 ;
: 1036	520.25 ;
: 1044	534.6 ;
: 1044	534.22 ;
: 1046	534.27 ;
: 1058	555.6 ;
: 1058	555.22 ;
: 1060	555.27 ;
: 1117	594.8 ;
: 1117	594.25 ;
: 1119	594.30 ;
: 1121	594.34 ;
: 1123	594.38 ;
: 1125	594.45 ;
: 1127	594.49 ;
: 1151	668.6 ;
: 1153	668.10 ;
: 1155	668.14 ;
: 1157	668.17 ;
: 1159	668.21 ;
: 1161	668.24 ;
: 1165	668.28 ;
: 1167	668.33 ;
: 1169	668.36 ;
: 1171	668.44 ;
: 1171	668.50 ;
: 1171	668.54 ;
: 1171	669.4 ;
: 1173	669.9 ;
: 1175	669.12 ;
: 1177	669.20 ;
: 1220	774.7 ;
: 1220	774.21 ;
: 1222	774.26 ;
: 1224	774.31 ;
: 1226	774.33 ;
: 1230	774.37 ;
: 1232	774.43 ;
: 1232	774.49 ;
: 1234	774.54 ;
: 1234	776.7 ;
: 1234	776.21 ;
: 1236	776.26 ;
: 1238	776.31 ;
: 1240	776.33 ;
: 1244	776.37 ;
: 1246	776.43 ;
: 1246	776.49 ;
: 1248	776.54 ;
: 1268	798.11 ;
: 1268	798.19 ;
: 1270	798.23 ;
: 1272	798.26 ;
: 1274	798.28 ;
: 1276	798.32 ;
: 1278	798.34 ;
: 1280	798.42 ;
: 1322	834.10 ;
: 1322	834.18 ;
: 1324	834.22 ;
: 1326	834.26 ;
: 1328	834.31 ;
: 1330	834.33 ;
: 1330	835.11 ;
: 1330	835.18 ;
: 1332	835.25 ;
: 1334	835.33 ;
: 1342	839.8 ;
: 1342	839.14 ;
: 1342	840.4 ;
: 1342	840.11 ;
: 1342	841.8 ;
: 1346	841.10 ;
: 1348	841.15 ;
: 1350	841.19 ;
: 1352	841.23 ;
: 1357	841.41 ;
: 1361	841.45 ;
: 1365	841.60 ;
: 1365	841.64 ;
: 1365	842.8 ;
: 1367	842.12 ;
: 1369	842.14 ;
: 1369	842.26 ;
: 1373	842.34 ;
: 1375	842.36 ;
: 1377	842.39 ;
: 1379	842.46 ;
: 1379	843.8 ;
: 1381	843.14 ;
: 1383	843.17 ;
: 1387	843.21 ;
: 1391	843.30 ;
: 1393	843.35 ;
: 1395	843.42 ;
: 1395	843.46 ;
: 1395	844.4 ;
: 1395	844.10 ;
: 1397	844.10 ;
: 1397	25.6 ;
: 1397	25.13 ;
: 1401	25.16 ;
: 1403	25.22 ;
: 1407	25.25 ;
: 1409	25.30 ;
: 1409	27.9 ;
: 1409	27.22 ;
: 1411	27.26 ;
: 1413	27.29 ;
: 1415	27.34 ;
: 1417	27.37 ;
: 1417	28.8 ;
: 1417	28.18 ;
: 1419	28.23 ;
: 1421	28.29 ;
: 1423	28.35 ;
: 1427	28.41 ;
: 1429	28.46 ;
: 1438	35.8 ;
: 1438	35.20 ;
: 1440	35.27 ;
: 1442	35.32 ;
: 1442	36.9 ;
: 1442	36.17 ;
: 1444	36.21 ;
: 1446	36.24 ;
: 1448	36.27 ;
: 1450	36.30 ;
: 1452	36.33 ;
: 1454	36.38 ;
: 1456	36.43 ;
: 1456	37.6 ;
: 1456	37.14 ;
: 1458	37.18 ;
: 1460	37.23 ;
: 1462	37.29 ;
: 1462	38.7 ;
: 1462	38.15 ;
: 1464	38.21 ;
: 1464	39.9 ;
: 1464	39.16 ;
: 1468	39.20 ;
: 1470	39.25 ;
: 1470	42.7 ;
: 1470	42.14 ;
: 1470	43.4 ;
: 1474	43.7 ;
: 1476	43.12 ;
: 1476	43.19 ;
: 1480	43.22 ;
: 1482	43.27 ;
: 1488	43.39 ;
: 1490	43.43 ;
: 1490	44.4 ;
: 1490	44.11 ;
: 1492	44.16 ;
: 1497	44.28 ;
: 1499	44.33 ;
: 1499	45.5 ;
: 1499	45.13 ;
: 1504	45.22 ;
: 1506	45.26 ;
: 1510	45.35 ;
: 1512	45.41 ;
: 1512	45.46 ;
: 1512	46.6 ;
: 1512	46.14 ;
: 1514	46.18 ;
: 1516	46.24 ;
: 1516	48.11 ;
: 1516	48.21 ;
: 1516	49.0 ;
: 1520	49.3 ;
: 1522	49.8 ;
: 1524	49.12 ;
: 1528	49.18 ;
: 1530	49.22 ;
: 1532	49.25 ;
: 1534	49.29 ;
: 1538	49.31 ;
: 1540	49.35 ;
: 1544	49.39 ;
: 1546	49.41 ;
: 1548	49.47 ;
: 1550	49.51 ;
: 1554	49.56 ;
: 1555	50.9 ;
: 1555	50.17 ;
: 1557	50.25 ;
: 1561	50.34 ;
: 1563	50.39 ;
: 1565	50.47 ;
: 1565	51.7 ;
: 1565	51.15 ;
: 1567	51.20 ;
: 1569	51.26 ;
: 1571	51.31 ;
: 1573	51.37 ;
: 1573	52.6 ;
: 1573	52.14 ;
: 1575	52.20 ;
: 1579	52.29 ;
: 1581	52.34 ;
: 1583	52.40 ;
: 1585	52.45 ;
: 1587	52.51 ;
: 1587	56.8 ;
: 1587	56.22 ;
: 1587	57.4 ;
: 1589	57.9 ;
: 1594	57.25 ;
: 1598	57.27 ;
: 1598	58.8 ;
: 1600	58.11 ;
: 1602	58.16 ;
: 1604	58.19 ;
: 1606	58.24 ;
: 1611	58.40 ;
: 1613	58.44 ;
: 1615	58.47 ;
: 1617	58.49 ;
: 1617	59.8 ;
: 1617	59.15 ;
: 1619	59.21 ;
: 1622	59.35 ;
: 1624	59.40 ;
: 1624	60.4 ;
: 1624	60.8 ;
: 1624	61.4 ;
: 1626	61.7 ;
: 1626	62.8 ;
: 1628	62.12 ;
: 1633	62.28 ;
: 1635	62.31 ;
: 1639	62.35 ;
: 1641	62.38 ;
: 1643	62.42 ;
: 1645	62.46 ;
: 1645	62.52 ;
: 1647	62.58 ;
: 1649	62.61 ;
: 1649	63.4 ;
: 1653	63.10 ;
: 1655	63.15 ;
: 1655	65.10 ;
: 1655	65.23 ;
: 1657	65.27 ;
: 1661	65.29 ;
: 1663	65.31 ;
: 1665	65.36 ;
: 1667	65.40 ;
: 1667	67.9 ;
: 1667	67.23 ;
: 1667	68.4 ;
: 1669	68.9 ;
: 1674	68.25 ;
: 1678	68.27 ;
: 1678	69.8 ;
: 1680	69.11 ;
: 1682	69.16 ;
: 1684	69.19 ;
: 1686	69.24 ;
: 1691	69.40 ;
: 1693	69.44 ;
: 1695	69.47 ;
: 1697	69.48 ;
: 1697	70.8 ;
: 1697	70.15 ;
: 1699	70.21 ;
: 1702	70.35 ;
: 1704	70.40 ;
: 1704	71.4 ;
: 1704	71.8 ;
: 1704	72.4 ;
: 1706	72.7 ;
: 1706	73.8 ;
: 1708	73.12 ;
: 1713	73.28 ;
: 1715	73.31 ;
: 1719	73.35 ;
: 1721	73.38 ;
: 1723	73.42 ;
: 1725	73.46 ;
: 1725	73.52 ;
: 1725	74.8 ;
: 1727	74.15 ;
: 1729	74.18 ;
: 1729	75.4 ;
: 1733	75.10 ;
: 1735	75.15 ;
: 1735	90.7 ;
: 1735	90.17 ;
: 1735	91.0 ;
: 1737	91.6 ;
: 1741	91.15 ;
: 1743	91.20 ;
: 1745	91.26 ;
: 1747	91.30 ;
: 1751	91.39 ;
: 1753	91.44 ;
: 1755	91.50 ;
: 1755	92.0 ;
: 1757	92.7 ;
: 1763	92.16 ;
: 1767	92.23 ;
: 1769	92.28 ;
: 1769	92.34 ;
: 1769	92.40 ;
: 1769	92.54 ;
: 1769	93.4 ;
: 1771	93.7 ;
: 1775	93.11 ;
: 1779	93.18 ;
: 1780	93.24 ;
: 1780	93.30 ;
: 1780	93.48 ;
: 1780	94.4 ;
: 1782	94.10 ;
: 1786	94.12 ;
: 1788	94.14 ;
: 1792	94.18 ;
: 1792	94.54 ;
: 1792	95.8 ;
: 1792	95.21 ;
: 1796	95.29 ;
: 1798	95.35 ;
: 1800	95.38 ;
: 1802	95.41 ;
: 1804	95.44 ;
: 1804	96.12 ;
: 1806	96.16 ;
: 1808	96.18 ;
: 1810	96.23 ;
: 1812	96.27 ;
: 1814	96.30 ;
: 1816	96.35 ;
: 1818	96.40 ;
: 1820	96.48 ;
: 1822	96.51 ;
: 1824	96.53 ;
: 1824	97.8 ;
: 1828	97.14 ;
: 1830	97.18 ;
: 1830	98.4 ;
: 1830	98.8 ;
: 1830	99.4 ;
: 1832	99.8 ;
: 1834	99.12 ;
: 1836	99.21 ;
: 1836	99.64 ;
: 1836	100.4 ;
: 1836	103.7 ;
: 1836	103.14 ;
: 1840	103.21 ;
: 1842	103.25 ;
: 1842	105.7 ;
: 1842	105.14 ;
: 1846	105.21 ;
: 1848	105.25 ;
: 1848	106.7 ;
: 1848	106.14 ;
: 1852	106.21 ;
: 1854	106.25 ;
: 1942	38.9 ;
: 1942	38.16 ;
: 1942	39.4 ;
: 1944	39.12 ;
: 1944	40.4 ;
: 1944	40.9 ;
: 1944	41.8 ;
: 1946	41.14 ;
: 1948	41.20 ;
: 1950	41.26 ;
: 1952	41.32 ;
: 1956	41.35 ;
: 1958	41.39 ;
: 1962	41.44 ;
: 1962	42.4 ;
: 1962	42.10 ;
: 1964	42.10 ;
: 1982	52.6 ;
: 1982	52.13 ;
: 1984	52.18 ;
: 1988	52.21 ;
: 1990	52.26 ;
: 1992	52.32 ;
