: 919	422.6 ;
: 919	422.17 ;
: 921	422.20 ;
: 923	422.23 ;
: 995	481.6 ;
: 995	481.22 ;
: 997	481.26 ;
: 999	481.31 ;
: 1065	507.8 ;
: 1065	507.25 ;
: 1069	507.27 ;
: 1071	507.32 ;
: 1073	507.39 ;
: 1073	508.8 ;
: 1073	508.22 ;
: 1075	508.27 ;
: 1077	508.32 ;
: 1077	509.8 ;
: 1077	509.22 ;
: 1079	509.27 ;
: 1081	509.31 ;
: 1090	520.5 ;
: 1090	520.21 ;
: 1092	520.25 ;
: 1100	534.6 ;
: 1100	534.22 ;
: 1102	534.27 ;
: 1114	555.6 ;
: 1114	555.22 ;
: 1116	555.27 ;
: 1173	594.8 ;
: 1173	594.25 ;
: 1175	594.30 ;
: 1177	594.34 ;
: 1179	594.38 ;
: 1181	594.45 ;
: 1183	594.49 ;
: 1207	668.6 ;
: 1209	668.10 ;
: 1211	668.14 ;
: 1213	668.17 ;
: 1215	668.21 ;
: 1217	668.24 ;
: 1221	668.28 ;
: 1223	668.33 ;
: 1225	668.36 ;
: 1227	668.44 ;
: 1227	668.50 ;
: 1227	668.54 ;
: 1227	669.4 ;
: 1229	669.9 ;
: 1231	669.12 ;
: 1233	669.20 ;
: 1276	774.7 ;
: 1276	774.21 ;
: 1278	774.26 ;
: 1280	774.31 ;
: 1282	774.33 ;
: 1286	774.37 ;
: 1288	774.43 ;
: 1288	774.49 ;
: 1290	774.54 ;
: 1290	776.7 ;
: 1290	776.21 ;
: 1292	776.26 ;
: 1294	776.31 ;
: 1296	776.33 ;
: 1300	776.37 ;
: 1302	776.43 ;
: 1302	776.49 ;
: 1304	776.54 ;
: 1324	798.11 ;
: 1324	798.19 ;
: 1326	798.23 ;
: 1328	798.26 ;
: 1330	798.28 ;
: 1332	798.32 ;
: 1334	798.34 ;
: 1336	798.42 ;
: 1378	834.10 ;
: 1378	834.18 ;
: 1380	834.22 ;
: 1382	834.26 ;
: 1384	834.31 ;
: 1386	834.33 ;
: 1386	835.11 ;
: 1386	835.18 ;
: 1388	835.25 ;
: 1390	835.33 ;
: 1398	839.8 ;
: 1398	839.14 ;
: 1398	840.4 ;
: 1398	840.11 ;
: 1398	841.8 ;
: 1402	841.10 ;
: 1404	841.15 ;
: 1406	841.19 ;
: 1408	841.23 ;
: 1413	841.41 ;
: 1417	841.45 ;
: 1421	841.60 ;
: 1421	841.64 ;
: 1421	842.8 ;
: 1423	842.12 ;
: 1425	842.14 ;
: 1425	842.26 ;
: 1429	842.34 ;
: 1431	842.36 ;
: 1433	842.39 ;
: 1435	842.46 ;
: 1435	843.8 ;
: 1437	843.14 ;
: 1439	843.17 ;
: 1443	843.21 ;
: 1447	843.30 ;
: 1449	843.35 ;
: 1451	843.42 ;
: 1451	843.46 ;
: 1451	844.4 ;
: 1451	844.10 ;
: 1453	844.10 ;
: 1453	25.6 ;
: 1453	25.13 ;
: 1457	25.16 ;
: 1459	25.22 ;
: 1463	25.25 ;
: 1465	25.30 ;
: 1465	27.9 ;
: 1465	27.22 ;
: 1467	27.26 ;
: 1469	27.29 ;
: 1471	27.34 ;
: 1473	27.37 ;
: 1473	28.8 ;
: 1473	28.18 ;
: 1475	28.23 ;
: 1477	28.29 ;
: 1479	28.35 ;
: 1483	28.41 ;
: 1485	28.46 ;
: 1494	35.8 ;
: 1494	35.20 ;
: 1496	35.27 ;
: 1498	35.32 ;
: 1498	36.9 ;
: 1498	36.17 ;
: 1500	36.21 ;
: 1502	36.24 ;
: 1504	36.27 ;
: 1506	36.30 ;
: 1508	36.33 ;
: 1510	36.38 ;
: 1512	36.43 ;
: 1512	37.6 ;
: 1512	37.14 ;
: 1514	37.18 ;
: 1516	37.23 ;
: 1518	37.29 ;
: 1518	38.7 ;
: 1518	38.15 ;
: 1520	38.21 ;
: 1520	39.9 ;
: 1520	39.16 ;
: 1524	39.20 ;
: 1526	39.25 ;
: 1526	42.7 ;
: 1526	42.14 ;
: 1526	43.4 ;
: 1530	43.7 ;
: 1532	43.12 ;
: 1532	43.19 ;
: 1536	43.22 ;
: 1538	43.27 ;
: 1544	43.39 ;
: 1546	43.43 ;
: 1546	44.4 ;
: 1546	44.11 ;
: 1548	44.16 ;
: 1553	44.28 ;
: 1555	44.33 ;
: 1555	45.5 ;
: 1555	45.13 ;
: 1560	45.22 ;
: 1562	45.26 ;
: 1566	45.35 ;
: 1568	45.41 ;
: 1568	45.46 ;
: 1568	46.6 ;
: 1568	46.14 ;
: 1570	46.18 ;
: 1572	46.24 ;
: 1572	48.11 ;
: 1572	48.21 ;
: 1572	49.0 ;
: 1576	49.3 ;
: 1578	49.8 ;
: 1580	49.12 ;
: 1584	49.18 ;
: 1586	49.22 ;
: 1588	49.25 ;
: 1590	49.29 ;
: 1594	49.31 ;
: 1596	49.35 ;
: 1600	49.39 ;
: 1602	49.41 ;
: 1604	49.47 ;
: 1606	49.51 ;
: 1610	49.56 ;
: 1611	50.9 ;
: 1611	50.17 ;
: 1613	50.25 ;
: 1617	50.34 ;
: 1619	50.39 ;
: 1621	50.47 ;
: 1621	51.7 ;
: 1621	51.15 ;
: 1623	51.20 ;
: 1625	51.26 ;
: 1627	51.31 ;
: 1629	51.37 ;
: 1629	52.6 ;
: 1629	52.14 ;
: 1631	52.20 ;
: 1635	52.29 ;
: 1637	52.34 ;
: 1639	52.40 ;
: 1641	52.45 ;
: 1643	52.51 ;
: 1643	56.8 ;
: 1643	56.22 ;
: 1643	57.4 ;
: 1645	57.9 ;
: 1650	57.25 ;
: 1654	57.27 ;
: 1654	58.8 ;
: 1656	58.11 ;
: 1658	58.16 ;
: 1660	58.19 ;
: 1662	58.24 ;
: 1667	58.40 ;
: 1669	58.44 ;
: 1671	58.47 ;
: 1673	58.49 ;
: 1673	59.8 ;
: 1673	59.15 ;
: 1675	59.21 ;
: 1678	59.35 ;
: 1680	59.40 ;
: 1680	60.4 ;
: 1680	60.8 ;
: 1680	61.4 ;
: 1682	61.7 ;
: 1682	62.8 ;
: 1684	62.12 ;
: 1689	62.28 ;
: 1691	62.31 ;
: 1695	62.35 ;
: 1697	62.38 ;
: 1699	62.42 ;
: 1701	62.46 ;
: 1701	62.52 ;
: 1703	62.58 ;
: 1705	62.61 ;
: 1705	63.4 ;
: 1709	63.10 ;
: 1711	63.15 ;
: 1711	65.10 ;
: 1711	65.23 ;
: 1713	65.27 ;
: 1717	65.29 ;
: 1719	65.31 ;
: 1721	65.36 ;
: 1723	65.40 ;
: 1723	67.9 ;
: 1723	67.23 ;
: 1723	68.4 ;
: 1725	68.9 ;
: 1730	68.25 ;
: 1734	68.27 ;
: 1734	69.8 ;
: 1736	69.11 ;
: 1738	69.16 ;
: 1740	69.19 ;
: 1742	69.24 ;
: 1747	69.40 ;
: 1749	69.44 ;
: 1751	69.47 ;
: 1753	69.48 ;
: 1753	70.8 ;
: 1753	70.15 ;
: 1755	70.21 ;
: 1758	70.35 ;
: 1760	70.40 ;
: 1760	71.4 ;
: 1760	71.8 ;
: 1760	72.4 ;
: 1762	72.7 ;
: 1762	73.8 ;
: 1764	73.12 ;
: 1769	73.28 ;
: 1771	73.31 ;
: 1775	73.35 ;
: 1777	73.38 ;
: 1779	73.42 ;
: 1781	73.46 ;
: 1781	73.52 ;
: 1781	74.8 ;
: 1783	74.15 ;
: 1785	74.18 ;
: 1785	75.4 ;
: 1789	75.10 ;
: 1791	75.15 ;
: 1791	90.7 ;
: 1791	90.17 ;
: 1791	91.0 ;
: 1793	91.6 ;
: 1797	91.15 ;
: 1799	91.20 ;
: 1801	91.26 ;
: 1803	91.30 ;
: 1807	91.39 ;
: 1809	91.44 ;
: 1811	91.50 ;
: 1811	92.0 ;
: 1813	92.7 ;
: 1819	92.16 ;
: 1823	92.23 ;
: 1825	92.28 ;
: 1825	92.34 ;
: 1825	92.40 ;
: 1825	92.54 ;
: 1825	93.4 ;
: 1827	93.7 ;
: 1831	93.11 ;
: 1835	93.18 ;
: 1836	93.24 ;
: 1836	93.30 ;
: 1836	93.48 ;
: 1836	94.4 ;
: 1838	94.10 ;
: 1842	94.12 ;
: 1844	94.14 ;
: 1848	94.18 ;
: 1848	94.54 ;
: 1848	95.8 ;
: 1848	95.21 ;
: 1852	95.29 ;
: 1854	95.35 ;
: 1856	95.38 ;
: 1858	95.41 ;
: 1860	95.44 ;
: 1860	96.12 ;
: 1862	96.16 ;
: 1864	96.18 ;
: 1866	96.23 ;
: 1868	96.27 ;
: 1870	96.30 ;
: 1872	96.35 ;
: 1874	96.40 ;
: 1876	96.48 ;
: 1878	96.51 ;
: 1880	96.53 ;
: 1880	97.8 ;
: 1884	97.14 ;
: 1886	97.18 ;
: 1886	98.4 ;
: 1886	98.8 ;
: 1886	99.4 ;
: 1888	99.8 ;
: 1890	99.12 ;
: 1892	99.21 ;
: 1892	99.64 ;
: 1892	100.4 ;
: 1892	103.7 ;
: 1892	103.14 ;
: 1896	103.21 ;
: 1898	103.25 ;
: 1898	105.7 ;
: 1898	105.14 ;
: 1902	105.21 ;
: 1904	105.25 ;
: 1904	106.7 ;
: 1904	106.14 ;
: 1908	106.21 ;
: 1910	106.25 ;
: 1974	13.7 ;
: 1974	13.16 ;
: 1976	13.19 ;
: 1978	13.31 ;
: 1980	13.33 ;
: 1982	13.35 ;
: 1982	14.11 ;
: 1982	14.22 ;
: 1982	15.4 ;
: 1984	15.9 ;
: 1986	15.13 ;
: 1988	15.17 ;
: 1990	15.20 ;
: 1997	15.27 ;
: 1999	15.32 ;
: 2001	15.36 ;
: 2003	15.40 ;
: 2005	15.43 ;
: 2012	15.49 ;
: 2012	16.4 ;
: 2014	16.8 ;
: 2016	16.11 ;
: 2018	16.14 ;
: 2020	16.17 ;
: 2024	16.23 ;
: 2026	16.27 ;
: 2030	16.32 ;
: 2031	17.8 ;
: 2031	17.14 ;
: 2031	18.4 ;
: 2033	18.7 ;
: 2037	18.9 ;
: 2041	18.11 ;
: 2041	19.4 ;
: 2045	19.7 ;
: 2047	19.11 ;
: 2047	20.8 ;
: 2052	20.11 ;
: 2055	20.14 ;
: 2055	21.12 ;
: 2058	21.20 ;
: 2061	21.23 ;
: 2061	22.8 ;
: 2066	22.12 ;
: 2066	23.8 ;
: 2069	23.13 ;
: 2072	23.16 ;
: 2077	23.17 ;
: 2077	24.4 ;
: 2082	24.10 ;
: 2085	24.16 ;
