: 839	422.6 ;
: 839	422.17 ;
: 841	422.20 ;
: 843	422.23 ;
: 915	481.6 ;
: 915	481.22 ;
: 917	481.26 ;
: 919	481.31 ;
: 985	507.8 ;
: 985	507.25 ;
: 989	507.27 ;
: 991	507.32 ;
: 993	507.39 ;
: 993	508.8 ;
: 993	508.22 ;
: 995	508.27 ;
: 997	508.32 ;
: 997	509.8 ;
: 997	509.22 ;
: 999	509.27 ;
: 1001	509.31 ;
: 1010	520.5 ;
: 1010	520.21 ;
: 1012	520.25 ;
: 1020	534.6 ;
: 1020	534.22 ;
: 1022	534.27 ;
: 1034	555.6 ;
: 1034	555.22 ;
: 1036	555.27 ;
: 1093	594.8 ;
: 1093	594.25 ;
: 1095	594.30 ;
: 1097	594.34 ;
: 1099	594.38 ;
: 1101	594.45 ;
: 1103	594.49 ;
: 1127	668.6 ;
: 1129	668.10 ;
: 1131	668.14 ;
: 1133	668.17 ;
: 1135	668.21 ;
: 1137	668.24 ;
: 1141	668.28 ;
: 1143	668.33 ;
: 1145	668.36 ;
: 1147	668.44 ;
: 1147	668.50 ;
: 1147	668.54 ;
: 1147	669.4 ;
: 1149	669.9 ;
: 1151	669.12 ;
: 1153	669.20 ;
: 1196	774.7 ;
: 1196	774.21 ;
: 1198	774.26 ;
: 1200	774.31 ;
: 1202	774.33 ;
: 1206	774.37 ;
: 1208	774.43 ;
: 1208	774.49 ;
: 1210	774.54 ;
: 1210	776.7 ;
: 1210	776.21 ;
: 1212	776.26 ;
: 1214	776.31 ;
: 1216	776.33 ;
: 1220	776.37 ;
: 1222	776.43 ;
: 1222	776.49 ;
: 1224	776.54 ;
: 1244	798.11 ;
: 1244	798.19 ;
: 1246	798.23 ;
: 1248	798.26 ;
: 1250	798.28 ;
: 1252	798.32 ;
: 1254	798.34 ;
: 1256	798.42 ;
: 1298	834.10 ;
: 1298	834.18 ;
: 1300	834.22 ;
: 1302	834.26 ;
: 1304	834.31 ;
: 1306	834.33 ;
: 1306	835.11 ;
: 1306	835.18 ;
: 1308	835.25 ;
: 1310	835.33 ;
: 1318	839.8 ;
: 1318	839.14 ;
: 1318	840.4 ;
: 1318	840.11 ;
: 1318	841.8 ;
: 1322	841.10 ;
: 1324	841.15 ;
: 1326	841.19 ;
: 1328	841.23 ;
: 1333	841.41 ;
: 1337	841.45 ;
: 1341	841.60 ;
: 1341	841.64 ;
: 1341	842.8 ;
: 1343	842.12 ;
: 1345	842.14 ;
: 1345	842.26 ;
: 1349	842.34 ;
: 1351	842.36 ;
: 1353	842.39 ;
: 1355	842.46 ;
: 1355	843.8 ;
: 1357	843.14 ;
: 1359	843.17 ;
: 1363	843.21 ;
: 1367	843.30 ;
: 1369	843.35 ;
: 1371	843.42 ;
: 1371	843.46 ;
: 1371	844.4 ;
: 1371	844.10 ;
: 1373	844.10 ;
: 1373	25.6 ;
: 1373	25.13 ;
: 1377	25.16 ;
: 1379	25.22 ;
: 1383	25.25 ;
: 1385	25.30 ;
: 1385	27.9 ;
: 1385	27.22 ;
: 1387	27.26 ;
: 1389	27.29 ;
: 1391	27.34 ;
: 1393	27.37 ;
: 1393	28.8 ;
: 1393	28.18 ;
: 1395	28.23 ;
: 1397	28.29 ;
: 1399	28.35 ;
: 1403	28.41 ;
: 1405	28.46 ;
: 1414	35.8 ;
: 1414	35.20 ;
: 1416	35.27 ;
: 1418	35.32 ;
: 1418	36.9 ;
: 1418	36.17 ;
: 1420	36.21 ;
: 1422	36.24 ;
: 1424	36.27 ;
: 1426	36.30 ;
: 1428	36.33 ;
: 1430	36.38 ;
: 1432	36.43 ;
: 1432	37.6 ;
: 1432	37.14 ;
: 1434	37.18 ;
: 1436	37.23 ;
: 1438	37.29 ;
: 1438	38.7 ;
: 1438	38.15 ;
: 1440	38.21 ;
: 1440	39.9 ;
: 1440	39.16 ;
: 1444	39.20 ;
: 1446	39.25 ;
: 1446	42.7 ;
: 1446	42.14 ;
: 1446	43.4 ;
: 1450	43.7 ;
: 1452	43.12 ;
: 1452	43.19 ;
: 1456	43.22 ;
: 1458	43.27 ;
: 1464	43.39 ;
: 1466	43.43 ;
: 1466	44.4 ;
: 1466	44.11 ;
: 1468	44.16 ;
: 1473	44.28 ;
: 1475	44.33 ;
: 1475	45.5 ;
: 1475	45.13 ;
: 1480	45.22 ;
: 1482	45.26 ;
: 1486	45.35 ;
: 1488	45.41 ;
: 1488	45.46 ;
: 1488	46.6 ;
: 1488	46.14 ;
: 1490	46.18 ;
: 1492	46.24 ;
: 1492	48.11 ;
: 1492	48.21 ;
: 1492	49.0 ;
: 1496	49.3 ;
: 1498	49.8 ;
: 1500	49.12 ;
: 1504	49.18 ;
: 1506	49.22 ;
: 1508	49.25 ;
: 1510	49.29 ;
: 1514	49.31 ;
: 1516	49.35 ;
: 1520	49.39 ;
: 1522	49.41 ;
: 1524	49.47 ;
: 1526	49.51 ;
: 1530	49.56 ;
: 1531	50.9 ;
: 1531	50.17 ;
: 1533	50.25 ;
: 1537	50.34 ;
: 1539	50.39 ;
: 1541	50.47 ;
: 1541	51.7 ;
: 1541	51.15 ;
: 1543	51.20 ;
: 1545	51.26 ;
: 1547	51.31 ;
: 1549	51.37 ;
: 1549	52.6 ;
: 1549	52.14 ;
: 1551	52.20 ;
: 1555	52.29 ;
: 1557	52.34 ;
: 1559	52.40 ;
: 1561	52.45 ;
: 1563	52.51 ;
: 1563	56.8 ;
: 1563	56.22 ;
: 1563	57.4 ;
: 1565	57.9 ;
: 1570	57.25 ;
: 1574	57.27 ;
: 1574	58.8 ;
: 1576	58.11 ;
: 1578	58.16 ;
: 1580	58.19 ;
: 1582	58.24 ;
: 1587	58.40 ;
: 1589	58.44 ;
: 1591	58.47 ;
: 1593	58.49 ;
: 1593	59.8 ;
: 1593	59.15 ;
: 1595	59.21 ;
: 1598	59.35 ;
: 1600	59.40 ;
: 1600	60.4 ;
: 1600	60.8 ;
: 1600	61.4 ;
: 1602	61.7 ;
: 1602	62.8 ;
: 1604	62.12 ;
: 1609	62.28 ;
: 1611	62.31 ;
: 1615	62.35 ;
: 1617	62.38 ;
: 1619	62.42 ;
: 1621	62.46 ;
: 1621	62.52 ;
: 1623	62.58 ;
: 1625	62.61 ;
: 1625	63.4 ;
: 1629	63.10 ;
: 1631	63.15 ;
: 1631	65.10 ;
: 1631	65.23 ;
: 1633	65.27 ;
: 1637	65.29 ;
: 1639	65.31 ;
: 1641	65.36 ;
: 1643	65.40 ;
: 1643	67.9 ;
: 1643	67.23 ;
: 1643	68.4 ;
: 1645	68.9 ;
: 1650	68.25 ;
: 1654	68.27 ;
: 1654	69.8 ;
: 1656	69.11 ;
: 1658	69.16 ;
: 1660	69.19 ;
: 1662	69.24 ;
: 1667	69.40 ;
: 1669	69.44 ;
: 1671	69.47 ;
: 1673	69.48 ;
: 1673	70.8 ;
: 1673	70.15 ;
: 1675	70.21 ;
: 1678	70.35 ;
: 1680	70.40 ;
: 1680	71.4 ;
: 1680	71.8 ;
: 1680	72.4 ;
: 1682	72.7 ;
: 1682	73.8 ;
: 1684	73.12 ;
: 1689	73.28 ;
: 1691	73.31 ;
: 1695	73.35 ;
: 1697	73.38 ;
: 1699	73.42 ;
: 1701	73.46 ;
: 1701	73.52 ;
: 1701	74.8 ;
: 1703	74.15 ;
: 1705	74.18 ;
: 1705	75.4 ;
: 1709	75.10 ;
: 1711	75.15 ;
: 1711	90.7 ;
: 1711	90.17 ;
: 1711	91.0 ;
: 1713	91.6 ;
: 1717	91.15 ;
: 1719	91.20 ;
: 1721	91.26 ;
: 1723	91.30 ;
: 1727	91.39 ;
: 1729	91.44 ;
: 1731	91.50 ;
: 1731	92.0 ;
: 1733	92.7 ;
: 1739	92.16 ;
: 1743	92.23 ;
: 1745	92.28 ;
: 1745	92.34 ;
: 1745	92.40 ;
: 1745	92.54 ;
: 1745	93.4 ;
: 1747	93.7 ;
: 1751	93.11 ;
: 1755	93.18 ;
: 1756	93.24 ;
: 1756	93.30 ;
: 1756	93.48 ;
: 1756	94.4 ;
: 1758	94.10 ;
: 1762	94.12 ;
: 1764	94.14 ;
: 1768	94.18 ;
: 1768	94.54 ;
: 1768	95.8 ;
: 1768	95.21 ;
: 1772	95.29 ;
: 1774	95.35 ;
: 1776	95.38 ;
: 1778	95.41 ;
: 1780	95.44 ;
: 1780	96.12 ;
: 1782	96.16 ;
: 1784	96.18 ;
: 1786	96.23 ;
: 1788	96.27 ;
: 1790	96.30 ;
: 1792	96.35 ;
: 1794	96.40 ;
: 1796	96.48 ;
: 1798	96.51 ;
: 1800	96.53 ;
: 1800	97.8 ;
: 1804	97.14 ;
: 1806	97.18 ;
: 1806	98.4 ;
: 1806	98.8 ;
: 1806	99.4 ;
: 1808	99.8 ;
: 1810	99.12 ;
: 1812	99.21 ;
: 1812	99.64 ;
: 1812	100.4 ;
: 1812	103.7 ;
: 1812	103.14 ;
: 1816	103.21 ;
: 1818	103.25 ;
: 1818	105.7 ;
: 1818	105.14 ;
: 1822	105.21 ;
: 1824	105.25 ;
: 1824	106.7 ;
: 1824	106.14 ;
: 1828	106.21 ;
: 1830	106.25 ;
