frequency	amrfconf.fs	+1
default-TH1	amrfconf.fs	+2
smod?	amrfconf.fs	+3
rom-start	amrfconf.fs	+4
polled-kernel	amrfconf.fs	+5
sfr-file	amrfconf.fs	+6
2+	metacomp.fs	+44
flip	metacomp.fs	+46
not	metacomp.fs	+50
exec:	metacomp.fs	+52
\s	metacomp.fs	+55
make-vocabulary.log	metacomp.fs	+58
meta	metacomp.fs	+72
target	metacomp.fs	+73
asm	metacomp.fs	+74
immed	metacomp.fs	+75
also	metacomp.fs	+78
definitions	metacomp.fs	+79
to-meta	metacomp.fs	+83
in-meta	metacomp.fs	+84
in-compiler	metacomp.fs	+85
in-forth	metacomp.fs	+87
in-host	metacomp.fs	+88
in-assembler	metacomp.fs	+89
in-target	metacomp.fs	+90
in-immed	metacomp.fs	+91
m:	metacomp.fs	+94
;m	metacomp.fs	+95
f:	metacomp.fs	+98
;f	metacomp.fs	+99
a:	metacomp.fs	+102
;a	metacomp.fs	+103
i:	metacomp.fs	+106
;i	metacomp.fs	+107
romDP	metacomp.fs	+109
cpuDP	metacomp.fs	+111
write-crlf	metacomp.fs	+116
(.)	metacomp.fs	+119
makelogger	metacomp.fs	+122
dash	metacomp.fs	+138
aspace	metacomp.fs	+139
acolon	metacomp.fs	+140
(##)	metacomp.fs	+141
get-system-date	metacomp.fs	+142
createlog	metacomp.fs	+149
iram.log	metacomp.fs	+156
logIRAM	metacomp.fs	+157
romHERE	metacomp.fs	+160
cpuHERE	metacomp.fs	+161
symbols-file	metacomp.fs	+164
hidden-symbols-file	metacomp.fs	+165
exits-file	metacomp.fs	+166
stepper-source-file	metacomp.fs	+167
kernel-word-file	metacomp.fs	+168
close-log-files	metacomp.fs	+170
symbols-id	metacomp.fs	+177
hidden-symbols-id	metacomp.fs	+182
exits-id	metacomp.fs	+187
stepper-source-id	metacomp.fs	+192
kernel-word-id	metacomp.fs	+197
symbols-entry	metacomp.fs	+202
hidden-symbols-entry	metacomp.fs	+216
exits-entry	metacomp.fs	+230
last-sourceline#	metacomp.fs	+244
last->in	metacomp.fs	+245
stepper-source-entry	metacomp.fs	+247
stepper-source-last-entry	metacomp.fs	+264
kernel-entry	metacomp.fs	+282
target-size	metacomp.fs	+293
target-image	metacomp.fs	+295
w!	metacomp.fs	+301
w@	metacomp.fs	+303
sw@	metacomp.fs	+305
org	metacomp.fs	+309
romALLOT	metacomp.fs	+310
rp0	metacomp.fs	+313
sp0	metacomp.fs	+314
#bit-variables	metacomp.fs	+322
bit-variables	metacomp.fs	+324
overlapped?	metacomp.fs	+326
bit-collision?	metacomp.fs	+330
skip-bit-variables	metacomp.fs	+334
cpuhere	metacomp.fs	+337
?skip-bits	metacomp.fs	+339
cpuALLOT	metacomp.fs	+342
allot	metacomp.fs	+351
there	metacomp.fs	+353
c@-t	metacomp.fs	+355
c!-t	metacomp.fs	+356
@-t	metacomp.fs	+358
!-t	metacomp.fs	+359
c,-t	metacomp.fs	+361
,-t	metacomp.fs	+362
hostc,	metacomp.fs	+365
host,	metacomp.fs	+366
c,	metacomp.fs	+369
,	metacomp.fs	+370
label	metacomp.fs	+374
end-code	metacomp.fs	+375
c;	metacomp.fs	+376
s,-t	metacomp.fs	+379
'edge	metacomp.fs	+383
hide	metacomp.fs	+384
hint	metacomp.fs	+385
edge	metacomp.fs	+386
TARGET-NAMES	metacomp.fs	+393
CFA-T	metacomp.fs	+395
.id	metacomp.fs	+405
.ID-T	metacomp.fs	+408
REMEMBER-NAME	metacomp.fs	+417
.target-names	metacomp.fs	+422
tcreate	metacomp.fs	+435
-tcreate	metacomp.fs	+442
precreate	metacomp.fs	+448
mcreate	metacomp.fs	+453
code	metacomp.fs	+455
-code	metacomp.fs	+456
host-here	metacomp.fs	+459
here	metacomp.fs	+462
target-variable	metacomp.fs	+466
vcreate	metacomp.fs	+471
exclusively	metacomp.fs	+475
IMMEDIATE?	metacomp.fs	+480
TARGET?	metacomp.fs	+487
META?	metacomp.fs	+491
?missing	metacomp.fs	+497
host'	metacomp.fs	+500
'	metacomp.fs	+503
[t']	metacomp.fs	+506
STRING	metacomp.fs	+511
HOST,"	metacomp.fs	+512
,"	metacomp.fs	+513
,'	metacomp.fs	+514
double?	metacomp.fs	+516
CCONSTANT	asm8051.fs	+31
FSWAP	asm8051.fs	+36
which	asm8051.fs	+39
source	asm8051.fs	+41
destination	asm8051.fs	+44
fresh	asm8051.fs	+46
(operand)	asm8051.fs	+50
OPERAND	asm8051.fs	+56
AB	asm8051.fs	+60
#	asm8051.fs	+61
<#>	asm8051.fs	+61
A	asm8051.fs	+62
<A>	asm8051.fs	+62
direct	asm8051.fs	+63
<direct>	asm8051.fs	+63
@R0	asm8051.fs	+64
@SP	asm8051.fs	+64
@R1	asm8051.fs	+65
R0	asm8051.fs	+66
SP	asm8051.fs	+66
R1	asm8051.fs	+67
R2	asm8051.fs	+68
IH	asm8051.fs	+68
R3	asm8051.fs	+69
IL	asm8051.fs	+69
R4	asm8051.fs	+70
R5	asm8051.fs	+71
R6	asm8051.fs	+72
R7	asm8051.fs	+73
DPTR	asm8051.fs	+74
<DPTR>	asm8051.fs	+74
@DPTR	asm8051.fs	+75
<@DPTR>	asm8051.fs	+75
@A+DPTR	asm8051.fs	+76
<@A+DPTR>	asm8051.fs	+76
@A+PC	asm8051.fs	+77
<@A+PC>	asm8051.fs	+77
C	asm8051.fs	+78
<C>	asm8051.fs	+78
BIT	asm8051.fs	+79
<BIT>	asm8051.fs	+79
?OP-ERR	asm8051.fs	+85
0OPS?	asm8051.fs	+88
1OP?	asm8051.fs	+89
2OPS?	asm8051.fs	+90
XCH?	asm8051.fs	+92
ADD?	asm8051.fs	+96
XRL?	asm8051.fs	+98
ANL?	asm8051.fs	+105
RANGE?	asm8051.fs	+110
isBIT	asm8051.fs	+113
.P0	asm8051.fs	+120
.TCON	asm8051.fs	+120
.P1	asm8051.fs	+121
.SCON	asm8051.fs	+121
.P2	asm8051.fs	+122
.IE	asm8051.fs	+122
.P3	asm8051.fs	+123
.IP	asm8051.fs	+123
.PSW	asm8051.fs	+125
.ACC	asm8051.fs	+126
.B	asm8051.fs	+127
BIT?	asm8051.fs	+132
CLRCLR?	asm8051.fs	+136
SET?	asm8051.fs	+143
CLR?	asm8051.fs	+148
?0OPS	asm8051.fs	+155
(i1)	asm8051.fs	+157
i1	asm8051.fs	+159
(i2)	asm8051.fs	+163
(i3)	asm8051.fs	+169
i3	asm8051.fs	+178
(i4)	asm8051.fs	+182
SETB	asm8051.fs	+186
LCALL	asm8051.fs	+193
}RANGE	asm8051.fs	+195
ACALL	asm8051.fs	+199
CALL	asm8051.fs	+202
LJMP	asm8051.fs	+208
AJMP	asm8051.fs	+210
SJMP	asm8051.fs	+213
JUMP	asm8051.fs	+215
XCHD	asm8051.fs	+224
NOP	asm8051.fs	+228
RET	asm8051.fs	+229
RETI	asm8051.fs	+230
?A	asm8051.fs	+234
RR	asm8051.fs	+238
RRC	asm8051.fs	+239
RL	asm8051.fs	+240
RLC	asm8051.fs	+241
DA	asm8051.fs	+242
SWAP	asm8051.fs	+243
?AB	asm8051.fs	+247
DIV	asm8051.fs	+251
MUL	asm8051.fs	+252
JMP	asm8051.fs	+254
INC	asm8051.fs	+257
DEC	asm8051.fs	+261
ADD	asm8051.fs	+264
ADDC	asm8051.fs	+265
SUBB	asm8051.fs	+266
ORL	asm8051.fs	+268
ANL	asm8051.fs	+269
XRL	asm8051.fs	+270
XCH	asm8051.fs	+271
?C,/	asm8051.fs	+275
NORL	asm8051.fs	+282
NANL	asm8051.fs	+283
?direct	asm8051.fs	+287
PUSH	asm8051.fs	+291
POP	asm8051.fs	+292
MOVC	asm8051.fs	+294
MOVX	asm8051.fs	+299
?CLR	asm8051.fs	+314
CLR	asm8051.fs	+320
CPL	asm8051.fs	+326
mov1	asm8051.fs	+334
mov,	asm8051.fs	+336
mov74	asm8051.fs	+341
movF4	asm8051.fs	+342
movE4	asm8051.fs	+343
mov84	asm8051.fs	+344
movA4	asm8051.fs	+347
MOV	asm8051.fs	+351
-C	asm8051.fs	+372
+C	asm8051.fs	+373
0<>	asm8051.fs	+374
0=	asm8051.fs	+375
-ZERO	asm8051.fs	+377
CJNE?	asm8051.fs	+388
DJNE?	asm8051.fs	+392
?IF	asm8051.fs	+396
=	asm8051.fs	+407
BEGIN	asm8051.fs	+419
IF	asm8051.fs	+420
WHILE	asm8051.fs	+421
THEN	asm8051.fs	+422
ELSE	asm8051.fs	+423
UNTIL	asm8051.fs	+424
AGAIN	asm8051.fs	+425
REPEAT	asm8051.fs	+426
SFR	asm8051.fs	+431
'SP	asm8051.fs	+437
'IH	asm8051.fs	+437
'IL	asm8051.fs	+437
'R0	asm8051.fs	+438
'R1	asm8051.fs	+438
'R2	asm8051.fs	+438
'R3	asm8051.fs	+438
'R4	asm8051.fs	+439
'R5	asm8051.fs	+439
'R6	asm8051.fs	+439
'R7	asm8051.fs	+439
P0	asm8051.fs	+442
TCON	asm8051.fs	+442
P1	asm8051.fs	+442
P2	asm8051.fs	+442
P3	asm8051.fs	+443
PSW	asm8051.fs	+443
ACC	asm8051.fs	+443
B	asm8051.fs	+443
RP	asm8051.fs	+446
DPL	asm8051.fs	+447
DPH	asm8051.fs	+447
PCON	asm8051.fs	+447
TMOD	asm8051.fs	+447
TL0	asm8051.fs	+448
TL1	asm8051.fs	+448
TH0	asm8051.fs	+448
TH1	asm8051.fs	+448
SCON	asm8051.fs	+451
SBUF	asm8051.fs	+451
IE	asm8051.fs	+451
IP	asm8051.fs	+451
CKCON	sfr-f300.fs	+40
PSCTL	sfr-f300.fs	+41
SCON0	sfr-f300.fs	+43
.SCON0	sfr-f300.fs	+43
SBUF0	sfr-f300.fs	+44
CPT0MD	sfr-f300.fs	+45
CPT0MX	sfr-f300.fs	+46
P0MDOUT	sfr-f300.fs	+48
OSCXCN	sfr-f300.fs	+52
OSCICN	sfr-f300.fs	+53
OSCICL	sfr-f300.fs	+54
FLSCL	sfr-f300.fs	+55
FLKEY	sfr-f300.fs	+56
AMX0SL	sfr-f300.fs	+59
ADC0CF	sfr-f300.fs	+60
ADC0	sfr-f300.fs	+61
SMB0CN	sfr-f300.fs	+63
.SMB0CN	sfr-f300.fs	+63
SMB0CF	sfr-f300.fs	+64
SMB0DAT	sfr-f300.fs	+65
ADC0GT	sfr-f300.fs	+66
ADC0LT	sfr-f300.fs	+67
TMR2CN	sfr-f300.fs	+69
.TMR2CN	sfr-f300.fs	+69
TMR2RLL	sfr-f300.fs	+70
TMR2RLH	sfr-f300.fs	+71
TMR2L	sfr-f300.fs	+72
TMR2H	sfr-f300.fs	+73
REF0CN	sfr-f300.fs	+76
PCA0CN	sfr-f300.fs	+78
.PCA0CN	sfr-f300.fs	+78
PCA0MD	sfr-f300.fs	+79
PCA0CPM0	sfr-f300.fs	+80
PCA0CPM1	sfr-f300.fs	+81
PCA0CPM2	sfr-f300.fs	+82
XBR0	sfr-f300.fs	+85
XBR1	sfr-f300.fs	+86
XBR2	sfr-f300.fs	+87
IT01CF	sfr-f300.fs	+88
EIE1	sfr-f300.fs	+89
ADC0CN	sfr-f300.fs	+91
.ADC0CN	sfr-f300.fs	+91
PCA0CPL1	sfr-f300.fs	+92
PCA0CPH1	sfr-f300.fs	+93
PCA0CPL2	sfr-f300.fs	+94
PCA0CPH2	sfr-f300.fs	+95
RSTSRC	sfr-f300.fs	+96
P0MDIN	sfr-f300.fs	+99
EIP1	sfr-f300.fs	+100
CPT0CN	sfr-f300.fs	+102
.CPT0CN	sfr-f300.fs	+102
PCA0L	sfr-f300.fs	+103
PCA0H	sfr-f300.fs	+104
PCA0CPL0	sfr-f300.fs	+105
PCA0CPH0	sfr-f300.fs	+106
[[	kernel8051.fs	+84
]]	kernel8051.fs	+85
$=	kernel8051.fs	+88
C8051F300	kernel8051.fs	+93
cygnal-chip	kernel8051.fs	+105
bootloader-installed	kernel8051.fs	+113
call,	kernel8051.fs	+118
lcall,	kernel8051.fs	+119
jump,	kernel8051.fs	+120
ljmp,	kernel8051.fs	+121
table?	kernel8051.fs	+123
token,	kernel8051.fs	+126
next	kernel8051.fs	+134
exit-absolute	kernel8051.fs	+139
exit-long	kernel8051.fs	+145
exit	kernel8051.fs	+151
[asm	kernel8051.fs	+175
noop	kernel8051.fs	+177
nip	kernel8051.fs	+180
dup	kernel8051.fs	+184
2drop	kernel8051.fs	+187
drop	kernel8051.fs	+189
invert	kernel8051.fs	+197
flip	kernel8051.fs	+202
1+	kernel8051.fs	+207
1-	kernel8051.fs	+213
lit	kernel8051.fs	+226
literal	kernel8051.fs	+231
[']	kernel8051.fs	+234
[char]	kernel8051.fs	+238
(	kernel8051.fs	+241
\	kernel8051.fs	+244
\s	kernel8051.fs	+247
[	kernel8051.fs	+261
;	kernel8051.fs	+296
-;	kernel8051.fs	+300
swap	kernel8051.fs	+326
over	kernel8051.fs	+330
c@i	kernel8051.fs	+338
@i	kernel8051.fs	+341
c!	kernel8051.fs	+343
c!i	kernel8051.fs	+344
!	kernel8051.fs	+347
!i	kernel8051.fs	+348
c@d	kernel8051.fs	+358
@d	kernel8051.fs	+360
c!d	kernel8051.fs	+363
!d	kernel8051.fs	+366
c@	kernel8051.fs	+374
c@p	kernel8051.fs	+378
@	kernel8051.fs	+383
@p	kernel8051.fs	+385
+	kernel8051.fs	+393
and	kernel8051.fs	+400
or	kernel8051.fs	+404
xor	kernel8051.fs	+408
-	kernel8051.fs	+411
2*	kernel8051.fs	+416
2/	kernel8051.fs	+420
2+	kernel8051.fs	+422
abs	kernel8051.fs	+424
negate	kernel8051.fs	+426
um*	kernel8051.fs	+463
*	kernel8051.fs	+481
um/mod	kernel8051.fs	+487
/mod	kernel8051.fs	+507
mod	kernel8051.fs	+508
/	kernel8051.fs	+509
0<	kernel8051.fs	+515
=	kernel8051.fs	+520
0=	kernel8051.fs	+521
not	kernel8051.fs	+523
u>	kernel8051.fs	+534
u<	kernel8051.fs	+535
>	kernel8051.fs	+555
<	kernel8051.fs	+556
(>r)	kernel8051.fs	+569
(r>)	kernel8051.fs	+575
push	kernel8051.fs	+580
>r	kernel8051.fs	+581
pop	kernel8051.fs	+582
r>	kernel8051.fs	+583
(r@)	kernel8051.fs	+586
i	kernel8051.fs	+591
r@	kernel8051.fs	+592
*/	kernel8051.fs	+594
execute	kernel8051.fs	+615
?branch	kernel8051.fs	+617
if	kernel8051.fs	+626
else	kernel8051.fs	+627
then	kernel8051.fs	+628
begin	kernel8051.fs	+629
until	kernel8051.fs	+630
again	kernel8051.fs	+631
while	kernel8051.fs	+633
repeat	kernel8051.fs	+634
1-dup0=until	kernel8051.fs	+641
dupif	kernel8051.fs	+643
dup0=if	kernel8051.fs	+646
dup0<if	kernel8051.fs	+648
dup0<notif	kernel8051.fs	+650
dupuntil	kernel8051.fs	+652
dup0=until	kernel8051.fs	+655
dup0<until	kernel8051.fs	+658
dup0<notuntil	kernel8051.fs	+661
dup>r	kernel8051.fs	+664
r>drop	kernel8051.fs	+665
(next)	kernel8051.fs	+667
for	kernel8051.fs	+670
next	kernel8051.fs	+671
abort	kernel8051.fs	+711
emit	kernel8051.fs	+726
key	kernel8051.fs	+729
key?	kernel8051.fs	+732
min	kernel8051.fs	+774
max	kernel8051.fs	+776
depth	kernel8051.fs	+789
(exec:)	kernel8051.fs	+798
exec:	kernel8051.fs	+799
(string)	kernel8051.fs	+824
s"	kernel8051.fs	+831
number	kernel8051.fs	+834
perform	kernel8051.fs	+835
quit	kernel8051.fs	+839
cr	debug.fs	+25
count	debug.fs	+27
type	debug.fs	+28
."	debug.fs	+29
(.hex)	debug.fs	+32
.hex	debug.fs	+35
(hb.)	debug.fs	+36
h.	debug.fs	+37
hb.	debug.fs	+38
space	debug.fs	+39
dot	debug.fs	+42
.	debug.fs	+45
u.	debug.fs	+46
.nibble	debug.fs	+48
(bb.)	debug.fs	+50
bb.	debug.fs	+51
b.	debug.fs	+52
dump	debug.fs	+56
countd	debug.fs	+65
dumpd	debug.fs	+67
.s?	debug.fs	+90
.s	debug.fs	+103
.sh	debug.fs	+105
.su	debug.fs	+106
clear	debug.fs	+108
.u<.	job.fs	+7
.<.	job.fs	+13
u<=	job.fs	+21
.u>.	job.fs	+27
