Tue Jul 06 04:19:01 PM PDT 2004
/home/prog/amrforth/v6_4/310/boot
amrForth v6.4.x 17MAY04
Loading configuration files.
C2> dump C2dump 0000 
02 00 AC 02 02 03 00 00 00 00 00 02 02 0B 00 00 
00 00 00 02 02 13 00 00 00 00 00 02 02 1B 00 00 
00 00 00 02 02 23 00 00 00 00 00 02 02 2B 00 00 
00 00 00 02 02 33 00 00 00 00 00 02 02 3B 00 00 
00 00 00 02 02 43 00 00 00 00 00 02 02 4B 00 00 
00 00 00 02 02 53 00 00 00 00 00 02 02 5B 00 00 
00 00 00 02 02 63 00 00 00 00 00 02 02 6B 00 00 
00 00 00 02 02 73 00 00 00 00 00 30 99 FD C2 99 
F5 99 22 30 98 FD C2 98 E5 99 22 53 89 F1 43 89 
01 75 8C 00 75 8A 00 C2 8D D2 8C 30 98 05 C2 98 
E5 99 22 30 8D 04 C2 8C 41 00 80 EF 53 D9 BF 43 
A4 14 43 F1 FF 75 E1 01 75 E2 40 75 B2 C3 75 8E 
00 75 98 12 75 89 20 75 8D 96 D2 8E 11 8B 64 A5 
60 0F B2 82 E4 FF FE 7D 0A DF FE DE FC DD FA 80 
F1 74 5A 11 7B 11 8B 64 61 60 0F B2 82 E4 FF FE 
7D 0A DF FE DE FC DD FA 80 F1 11 8B 64 6D 60 0F  
C2> erase C2erase  
C2> dump C2dump 0000 
FF FF FF FF FF FF FF FF FF FF FF FF FF FF FF FF 
FF FF FF FF FF FF FF FF FF FF FF FF FF FF FF FF 
FF FF FF FF FF FF FF FF FF FF FF FF FF FF FF FF 
FF FF FF FF FF FF FF FF FF FF FF FF FF FF FF FF 
FF FF FF FF FF FF FF FF FF FF FF FF FF FF FF FF 
FF FF FF FF FF FF FF FF FF FF FF FF FF FF FF FF 
FF FF FF FF FF FF FF FF FF FF FF FF FF FF FF FF 
FF FF FF FF FF FF FF FF FF FF FF FF FF FF FF FF 
FF FF FF FF FF FF FF FF FF FF FF FF FF FF FF FF 
FF FF FF FF FF FF FF FF FF FF FF FF FF FF FF FF 
FF FF FF FF FF FF FF FF FF FF FF FF FF FF FF FF 
FF FF FF FF FF FF FF FF FF FF FF FF FF FF FF FF 
FF FF FF FF FF FF FF FF FF FF FF FF FF FF FF FF 
FF FF FF FF FF FF FF FF FF FF FF FF FF FF FF FF 
FF FF FF FF FF FF FF FF FF FF FF FF FF FF FF FF 
FF FF FF FF FF FF FF FF FF FF FF FF FF FF FF FF  
C2> download Download rom.bin via C2
512 byte pages: 0 
C2> dump C2dump 0000 
02 00 AC 02 02 03 00 00 00 00 00 02 02 0B 00 00 
00 00 00 02 02 13 00 00 00 00 00 02 02 1B 00 00 
00 00 00 02 02 23 00 00 00 00 00 02 02 2B 00 00 
00 00 00 02 02 33 00 00 00 00 00 02 02 3B 00 00 
00 00 00 02 02 43 00 00 00 00 00 02 02 4B 00 00 
00 00 00 02 02 53 00 00 00 00 00 02 02 5B 00 00 
00 00 00 02 02 63 00 00 00 00 00 02 02 6B 00 00 
00 00 00 02 02 73 00 00 00 00 00 30 99 FD C2 99 
F5 99 22 30 98 FD C2 98 E5 99 22 53 89 F1 43 89 
01 75 8C 00 75 8A 00 C2 8D D2 8C 30 98 05 C2 98 
E5 99 22 30 8D 04 C2 8C 41 00 80 EF 53 D9 BF 43 
A4 14 43 F1 FF 75 E1 01 75 E2 40 75 B2 C3 75 8E 
00 75 98 12 75 89 20 75 8D 96 D2 8E 11 8B 64 A5 
60 0F B2 82 E4 FF FE 7D 0A DF FE DE FC DD FA 80 
F1 74 5A 11 7B 11 8B 64 61 60 0F B2 82 E4 FF FE 
7D 0A DF FE DE FC DD FA 80 F1 11 8B 64 6D 60 0F  
C2> n C2next 0100 
B2 82 E4 FF FE 7D 0A DF FE DE FC DD FA 80 F1 11 
8B 64 72 60 0F B2 82 E4 FF FE 7D 0A DF FE DE FC 
DD FA 80 F1 74 A5 11 7B 11 83 70 0F B2 82 E4 FF 
FE 7D 0A DF FE DE FC DD FA 80 F1 B4 3F 02 80 04 
40 02 74 3E FF 75 8F 03 90 02 00 75 B7 A5 75 B7 
F1 F0 05 83 05 83 DF F3 FF 74 5A 11 7B 75 8F 01 
90 02 00 7E 00 11 83 75 B7 A5 75 B7 F1 F0 A3 11 
83 75 B7 A5 75 B7 F1 F0 A3 DE EA EF 11 7B DF E3 
75 8F 00 11 83 41 00 00 00 00 00 00 00 00 00 00 
00 00 00 00 00 00 00 00 00 00 00 00 00 00 00 00 
00 00 00 00 00 00 00 00 00 00 00 00 00 00 00 00 
00 00 00 00 00 00 00 00 00 00 00 00 00 00 00 00 
00 00 00 00 00 00 00 00 00 00 00 00 00 00 00 00 
00 00 00 00 00 00 00 00 00 00 00 00 00 00 00 00 
00 00 00 00 00 00 00 00 00 00 00 00 00 00 00 00 
00 00 00 00 00 00 00 00 00 00 00 00 00 00 00 00  
C2> n C2next 0200 
FF FF FF FF FF FF FF FF FF FF FF FF FF FF FF FF 
FF FF FF FF FF FF FF FF FF FF FF FF FF FF FF FF 
FF FF FF FF FF FF FF FF FF FF FF FF FF FF FF FF 
FF FF FF FF FF FF FF FF FF FF FF FF FF FF FF FF 
FF FF FF FF FF FF FF FF FF FF FF FF FF FF FF FF 
FF FF FF FF FF FF FF FF FF FF FF FF FF FF FF FF 
FF FF FF FF FF FF FF FF FF FF FF FF FF FF FF FF 
FF FF FF FF FF FF FF FF FF FF FF FF FF FF FF FF 
FF FF FF FF FF FF FF FF FF FF FF FF FF FF FF FF 
FF FF FF FF FF FF FF FF FF FF FF FF FF FF FF FF 
FF FF FF FF FF FF FF FF FF FF FF FF FF FF FF FF 
FF FF FF FF FF FF FF FF FF FF FF FF FF FF FF FF 
FF FF FF FF FF FF FF FF FF FF FF FF FF FF FF FF 
FF FF FF FF FF FF FF FF FF FF FF FF FF FF FF FF 
FF FF FF FF FF FF FF FF FF FF FF FF FF FF FF FF 
FF FF FF FF FF FF FF FF FF FF FF FF FF FF FF FF  
C2> bye 
