: 863	422.6 ;
: 863	422.17 ;
: 865	422.20 ;
: 867	422.23 ;
: 939	481.6 ;
: 939	481.22 ;
: 941	481.26 ;
: 943	481.31 ;
: 1009	507.8 ;
: 1009	507.25 ;
: 1013	507.27 ;
: 1015	507.32 ;
: 1017	507.39 ;
: 1017	508.8 ;
: 1017	508.22 ;
: 1019	508.27 ;
: 1021	508.32 ;
: 1021	509.8 ;
: 1021	509.22 ;
: 1023	509.27 ;
: 1025	509.31 ;
: 1034	520.5 ;
: 1034	520.21 ;
: 1036	520.25 ;
: 1044	526.6 ;
: 1044	526.22 ;
: 1046	526.27 ;
: 1064	532.5 ;
: 1064	532.21 ;
: 1066	532.26 ;
: 1136	576.8 ;
: 1136	576.25 ;
: 1138	576.30 ;
: 1140	576.34 ;
: 1142	576.38 ;
: 1144	576.45 ;
: 1146	576.49 ;
: 1170	650.6 ;
: 1172	650.10 ;
: 1174	650.14 ;
: 1176	650.17 ;
: 1178	650.21 ;
: 1180	650.24 ;
: 1184	650.28 ;
: 1186	650.33 ;
: 1188	650.36 ;
: 1190	650.44 ;
: 1190	650.50 ;
: 1190	650.54 ;
: 1190	651.4 ;
: 1192	651.9 ;
: 1194	651.12 ;
: 1196	651.20 ;
: 1239	756.7 ;
: 1239	756.21 ;
: 1241	756.26 ;
: 1243	756.31 ;
: 1245	756.33 ;
: 1249	756.37 ;
: 1251	756.43 ;
: 1251	756.49 ;
: 1253	756.54 ;
: 1253	758.7 ;
: 1253	758.21 ;
: 1255	758.26 ;
: 1257	758.31 ;
: 1259	758.33 ;
: 1263	758.37 ;
: 1265	758.43 ;
: 1265	758.49 ;
: 1267	758.54 ;
: 1287	780.11 ;
: 1287	780.19 ;
: 1289	780.23 ;
: 1291	780.26 ;
: 1293	780.28 ;
: 1295	780.32 ;
: 1297	780.34 ;
: 1299	780.42 ;
: 1341	816.10 ;
: 1341	816.18 ;
: 1343	816.22 ;
: 1345	816.26 ;
: 1347	816.31 ;
: 1349	816.33 ;
: 1349	817.11 ;
: 1349	817.18 ;
: 1351	817.25 ;
: 1353	817.33 ;
: 1361	821.8 ;
: 1361	821.14 ;
: 1361	822.4 ;
: 1361	822.11 ;
: 1361	823.8 ;
: 1365	823.10 ;
: 1367	823.15 ;
: 1369	823.19 ;
: 1371	823.23 ;
: 1376	823.41 ;
: 1380	823.45 ;
: 1384	823.60 ;
: 1384	823.64 ;
: 1384	824.8 ;
: 1386	824.12 ;
: 1388	824.14 ;
: 1388	824.26 ;
: 1392	824.34 ;
: 1394	824.36 ;
: 1396	824.39 ;
: 1398	824.46 ;
: 1398	825.8 ;
: 1400	825.14 ;
: 1402	825.17 ;
: 1406	825.21 ;
: 1410	825.30 ;
: 1412	825.35 ;
: 1414	825.42 ;
: 1414	825.46 ;
: 1414	826.4 ;
: 1414	826.10 ;
: 1416	826.10 ;
: 1416	25.6 ;
: 1416	25.13 ;
: 1420	25.16 ;
: 1422	25.22 ;
: 1426	25.25 ;
: 1428	25.30 ;
: 1428	27.9 ;
: 1428	27.22 ;
: 1430	27.26 ;
: 1432	27.29 ;
: 1434	27.34 ;
: 1436	27.37 ;
: 1436	28.8 ;
: 1436	28.18 ;
: 1438	28.23 ;
: 1440	28.29 ;
: 1442	28.35 ;
: 1446	28.41 ;
: 1448	28.46 ;
: 1457	35.8 ;
: 1457	35.20 ;
: 1459	35.27 ;
: 1461	35.32 ;
: 1461	36.9 ;
: 1461	36.17 ;
: 1463	36.21 ;
: 1465	36.24 ;
: 1467	36.27 ;
: 1469	36.30 ;
: 1471	36.33 ;
: 1473	36.38 ;
: 1475	36.43 ;
: 1475	37.6 ;
: 1475	37.14 ;
: 1477	37.18 ;
: 1479	37.23 ;
: 1481	37.29 ;
: 1481	38.7 ;
: 1481	38.15 ;
: 1483	38.21 ;
: 1483	39.9 ;
: 1483	39.16 ;
: 1487	39.20 ;
: 1489	39.25 ;
: 1489	42.7 ;
: 1489	42.14 ;
: 1489	43.4 ;
: 1493	43.7 ;
: 1495	43.12 ;
: 1495	43.19 ;
: 1499	43.22 ;
: 1501	43.27 ;
: 1507	43.39 ;
: 1509	43.43 ;
: 1509	44.4 ;
: 1509	44.11 ;
: 1511	44.16 ;
: 1516	44.28 ;
: 1518	44.33 ;
: 1518	45.5 ;
: 1518	45.13 ;
: 1523	45.22 ;
: 1525	45.26 ;
: 1529	45.35 ;
: 1531	45.41 ;
: 1531	45.46 ;
: 1531	46.6 ;
: 1531	46.14 ;
: 1533	46.18 ;
: 1535	46.24 ;
: 1535	48.11 ;
: 1535	48.21 ;
: 1535	49.0 ;
: 1539	49.3 ;
: 1541	49.8 ;
: 1543	49.12 ;
: 1547	49.18 ;
: 1549	49.22 ;
: 1551	49.25 ;
: 1553	49.29 ;
: 1557	49.31 ;
: 1559	49.35 ;
: 1563	49.39 ;
: 1565	49.41 ;
: 1567	49.47 ;
: 1569	49.51 ;
: 1573	49.56 ;
: 1574	50.9 ;
: 1574	50.17 ;
: 1576	50.25 ;
: 1580	50.34 ;
: 1582	50.39 ;
: 1584	50.47 ;
: 1584	51.7 ;
: 1584	51.15 ;
: 1586	51.20 ;
: 1588	51.26 ;
: 1590	51.31 ;
: 1592	51.37 ;
: 1592	52.6 ;
: 1592	52.14 ;
: 1594	52.20 ;
: 1598	52.29 ;
: 1600	52.34 ;
: 1602	52.40 ;
: 1604	52.45 ;
: 1606	52.51 ;
: 1606	56.8 ;
: 1606	56.22 ;
: 1606	57.4 ;
: 1608	57.9 ;
: 1613	57.25 ;
: 1617	57.27 ;
: 1617	58.8 ;
: 1619	58.11 ;
: 1621	58.16 ;
: 1623	58.19 ;
: 1625	58.24 ;
: 1630	58.40 ;
: 1632	58.44 ;
: 1634	58.47 ;
: 1636	58.49 ;
: 1636	59.8 ;
: 1636	59.15 ;
: 1638	59.21 ;
: 1641	59.35 ;
: 1643	59.40 ;
: 1643	60.4 ;
: 1643	60.8 ;
: 1643	61.4 ;
: 1645	61.7 ;
: 1645	62.8 ;
: 1647	62.12 ;
: 1652	62.28 ;
: 1654	62.31 ;
: 1658	62.35 ;
: 1660	62.38 ;
: 1662	62.42 ;
: 1664	62.46 ;
: 1664	62.52 ;
: 1666	62.58 ;
: 1668	62.61 ;
: 1668	63.4 ;
: 1672	63.10 ;
: 1674	63.15 ;
: 1674	65.10 ;
: 1674	65.23 ;
: 1676	65.27 ;
: 1680	65.29 ;
: 1682	65.31 ;
: 1684	65.36 ;
: 1686	65.40 ;
: 1686	67.9 ;
: 1686	67.23 ;
: 1686	68.4 ;
: 1688	68.9 ;
: 1693	68.25 ;
: 1697	68.27 ;
: 1697	69.8 ;
: 1699	69.11 ;
: 1701	69.16 ;
: 1703	69.19 ;
: 1705	69.24 ;
: 1710	69.40 ;
: 1712	69.44 ;
: 1714	69.47 ;
: 1716	69.48 ;
: 1716	70.8 ;
: 1716	70.15 ;
: 1718	70.21 ;
: 1721	70.35 ;
: 1723	70.40 ;
: 1723	71.4 ;
: 1723	71.8 ;
: 1723	72.4 ;
: 1725	72.7 ;
: 1725	73.8 ;
: 1727	73.12 ;
: 1732	73.28 ;
: 1734	73.31 ;
: 1738	73.35 ;
: 1740	73.38 ;
: 1742	73.42 ;
: 1744	73.46 ;
: 1744	73.52 ;
: 1744	74.8 ;
: 1746	74.15 ;
: 1748	74.18 ;
: 1748	75.4 ;
: 1752	75.10 ;
: 1754	75.15 ;
: 1754	90.7 ;
: 1754	90.17 ;
: 1754	91.0 ;
: 1756	91.6 ;
: 1760	91.15 ;
: 1762	91.20 ;
: 1764	91.26 ;
: 1766	91.30 ;
: 1770	91.39 ;
: 1772	91.44 ;
: 1774	91.50 ;
: 1774	92.0 ;
: 1776	92.7 ;
: 1782	92.16 ;
: 1786	92.23 ;
: 1788	92.28 ;
: 1788	92.34 ;
: 1788	92.40 ;
: 1788	92.54 ;
: 1788	93.4 ;
: 1790	93.7 ;
: 1794	93.11 ;
: 1798	93.18 ;
: 1799	93.24 ;
: 1799	93.30 ;
: 1799	93.48 ;
: 1799	94.4 ;
: 1801	94.10 ;
: 1805	94.12 ;
: 1807	94.14 ;
: 1811	94.18 ;
: 1811	94.54 ;
: 1811	95.8 ;
: 1811	95.21 ;
: 1815	95.29 ;
: 1817	95.35 ;
: 1819	95.38 ;
: 1821	95.41 ;
: 1823	95.44 ;
: 1823	96.12 ;
: 1825	96.16 ;
: 1827	96.18 ;
: 1829	96.23 ;
: 1831	96.27 ;
: 1833	96.30 ;
: 1835	96.35 ;
: 1837	96.40 ;
: 1839	96.48 ;
: 1841	96.51 ;
: 1843	96.53 ;
: 1843	97.8 ;
: 1847	97.14 ;
: 1849	97.18 ;
: 1849	98.4 ;
: 1849	98.8 ;
: 1849	99.4 ;
: 1851	99.8 ;
: 1853	99.12 ;
: 1855	99.21 ;
: 1855	99.64 ;
: 1855	100.4 ;
: 1855	103.7 ;
: 1855	103.14 ;
: 1859	103.21 ;
: 1861	103.25 ;
: 1861	105.7 ;
: 1861	105.14 ;
: 1865	105.21 ;
: 1867	105.25 ;
: 1867	106.7 ;
: 1867	106.14 ;
: 1871	106.21 ;
: 1873	106.25 ;
