Tue Jul 06 04:21:02 PM PDT 2004
/home/prog/amrforth/v6_4/017/boot
amrForth v6.4.x 17MAY04
Loading configuration files.
JTAG> dump dump 0000 
02 00 E9 02 02 03 00 00 00 00 00 02 02 0B 00 00 
00 00 00 02 02 13 00 00 00 00 00 02 02 1B 00 00 
00 00 00 02 02 23 00 00 00 00 00 02 02 2B 00 00 
00 00 00 02 02 33 00 00 00 00 00 02 02 3B 00 00 
00 00 00 02 02 43 00 00 00 00 00 02 02 4B 00 00 
00 00 00 02 02 53 00 00 00 00 00 02 02 5B 00 00 
00 00 00 02 02 63 00 00 00 00 00 02 02 6B 00 00 
00 00 00 02 02 73 00 00 00 00 00 02 02 7B 00 00 
00 00 00 02 02 83 00 00 00 00 00 02 02 8B 00 00 
00 00 00 02 02 93 00 00 00 00 00 02 02 9B 00 00 
00 00 00 02 02 A3 00 00 00 00 00 02 02 AB 00 00 
00 00 00 51 DA 02 00 22 30 99 FD C2 99 F5 99 22 
30 98 FD C2 98 E5 99 22 53 89 F1 43 89 01 75 8C 
00 75 8A 00 C2 8D D2 8C 30 98 05 C2 98 E5 99 22 
30 8D 04 C2 8C 41 00 80 EF 75 FF DE 75 FF AD 75 
E1 04 75 E3 40 75 B1 67 7F 0A 7E 64 DE FE DF FA 
E5 B1 30 E7 FB 75 B2 08 75 98 52 75 89 20 75 8D 
F3 D2 8E 43 87 80 11 C8 64 A5 60 02 41 00 74 5A 
11 B8 11 C8 64 61 60 02 41 00 11 C8 64 6D 60 02 
41 00 11 C8 64 72 60 02 41 00 74 A5 11 B8 11 C0 
70 02 41 00 B4 3F 02 80 04 40 02 74 3E FF 75 B6 
89 75 8F 03 90 02 00 F0 05 83 05 83 DF F9 FF 74 
5A 11 B8 75 8F 01 90 02 00 7E 00 11 C0 F0 A3 11 
C0 F0 A3 DE F6 EF 11 B8 DF EF 75 8F 00 11 C0 41 
00 00 00 00 00 00 00 00 00 00 00 00 00 00 00 00 
00 00 00 00 00 00 00 00 00 00 00 00 00 00 00 00 
00 00 00 00 00 00 00 00 00 00 00 00 00 00 00 00 
00 00 00 00 00 00 00 00 00 00 00 00 00 00 00 00 
00 00 00 00 00 00 00 00 00 00 00 00 00 00 00 00 
00 00 00 00 00 00 00 00 00 00 00 00 00 00 00 00 
00 00 00 00 00 00 00 00 00 00 00 00 00 00 00 00 
00 00 00 00 00 00 00 00 00 00 00 00 00 00 00 00 
 
JTAG> erase erase-all  
JTAG> dump dump 0000 
FF FF FF FF FF FF FF FF FF FF FF FF FF FF FF FF 
FF FF FF FF FF FF FF FF FF FF FF FF FF FF FF FF 
FF FF FF FF FF FF FF FF FF FF FF FF FF FF FF FF 
FF FF FF FF FF FF FF FF FF FF FF FF FF FF FF FF 
FF FF FF FF FF FF FF FF FF FF FF FF FF FF FF FF 
FF FF FF FF FF FF FF FF FF FF FF FF FF FF FF FF 
FF FF FF FF FF FF FF FF FF FF FF FF FF FF FF FF 
FF FF FF FF FF FF FF FF FF FF FF FF FF FF FF FF 
FF FF FF FF FF FF FF FF FF FF FF FF FF FF FF FF 
FF FF FF FF FF FF FF FF FF FF FF FF FF FF FF FF 
FF FF FF FF FF FF FF FF FF FF FF FF FF FF FF FF 
FF FF FF FF FF FF FF FF FF FF FF FF FF FF FF FF 
FF FF FF FF FF FF FF FF FF FF FF FF FF FF FF FF 
FF FF FF FF FF FF FF FF FF FF FF FF FF FF FF FF 
FF FF FF FF FF FF FF FF FF FF FF FF FF FF FF FF 
FF FF FF FF FF FF FF FF FF FF FF FF FF FF FF FF 
FF FF FF FF FF FF FF FF FF FF FF FF FF FF FF FF 
FF FF FF FF FF FF FF FF FF FF FF FF FF FF FF FF 
FF FF FF FF FF FF FF FF FF FF FF FF FF FF FF FF 
FF FF FF FF FF FF FF FF FF FF FF FF FF FF FF FF 
FF FF FF FF FF FF FF FF FF FF FF FF FF FF FF FF 
FF FF FF FF FF FF FF FF FF FF FF FF FF FF FF FF 
FF FF FF FF FF FF FF FF FF FF FF FF FF FF FF FF 
FF FF FF FF FF FF FF FF FF FF FF FF FF FF FF FF 
FF FF FF FF FF FF FF FF FF FF FF FF FF FF FF FF 
FF FF FF FF FF FF FF FF FF FF FF FF FF FF FF FF 
FF FF FF FF FF FF FF FF FF FF FF FF FF FF FF FF 
FF FF FF FF FF FF FF FF FF FF FF FF FF FF FF FF 
FF FF FF FF FF FF FF FF FF FF FF FF FF FF FF FF 
FF FF FF FF FF FF FF FF FF FF FF FF FF FF FF FF 
FF FF FF FF FF FF FF FF FF FF FF FF FF FF FF FF 
FF FF FF FF FF FF FF FF FF FF FF FF FF FF FF FF 
 
JTAG> download Download rom.bin via JTAG
512 byte pages: 0 

JTAG> dump dump 0000 
02 00 E9 02 02 03 00 00 00 00 00 02 02 0B 00 00 
00 00 00 02 02 13 00 00 00 00 00 02 02 1B 00 00 
00 00 00 02 02 23 00 00 00 00 00 02 02 2B 00 00 
00 00 00 02 02 33 00 00 00 00 00 02 02 3B 00 00 
00 00 00 02 02 43 00 00 00 00 00 02 02 4B 00 00 
00 00 00 02 02 53 00 00 00 00 00 02 02 5B 00 00 
00 00 00 02 02 63 00 00 00 00 00 02 02 6B 00 00 
00 00 00 02 02 73 00 00 00 00 00 02 02 7B 00 00 
00 00 00 02 02 83 00 00 00 00 00 02 02 8B 00 00 
00 00 00 02 02 93 00 00 00 00 00 02 02 9B 00 00 
00 00 00 02 02 A3 00 00 00 00 00 02 02 AB 00 00 
00 00 00 51 DA 02 00 22 30 99 FD C2 99 F5 99 22 
30 98 FD C2 98 E5 99 22 53 89 F1 43 89 01 75 8C 
00 75 8A 00 C2 8D D2 8C 30 98 05 C2 98 E5 99 22 
30 8D 04 C2 8C 41 00 80 EF 75 FF DE 75 FF AD 75 
E1 04 75 E3 40 75 B1 67 7F 0A 7E 64 DE FE DF FA 
E5 B1 30 E7 FB 75 B2 08 75 98 52 75 89 20 75 8D 
F3 D2 8E 43 87 80 11 C8 64 A5 60 02 41 00 74 5A 
11 B8 11 C8 64 61 60 02 41 00 11 C8 64 6D 60 02 
41 00 11 C8 64 72 60 02 41 00 74 A5 11 B8 11 C0 
70 02 41 00 B4 3F 02 80 04 40 02 74 3E FF 75 B6 
89 75 8F 03 90 02 00 F0 05 83 05 83 DF F9 FF 74 
5A 11 B8 75 8F 01 90 02 00 7E 00 11 C0 F0 A3 11 
C0 F0 A3 DE F6 EF 11 B8 DF EF 75 8F 00 11 C0 41 
00 00 00 00 00 00 00 00 00 00 00 00 00 00 00 00 
00 00 00 00 00 00 00 00 00 00 00 00 00 00 00 00 
00 00 00 00 00 00 00 00 00 00 00 00 00 00 00 00 
00 00 00 00 00 00 00 00 00 00 00 00 00 00 00 00 
00 00 00 00 00 00 00 00 00 00 00 00 00 00 00 00 
00 00 00 00 00 00 00 00 00 00 00 00 00 00 00 00 
00 00 00 00 00 00 00 00 00 00 00 00 00 00 00 00 
00 00 00 00 00 00 00 00 00 00 00 00 00 00 00 00 
 
JTAG> n next 0200 
FF FF FF FF FF FF FF FF FF FF FF FF FF FF FF FF 
FF FF FF FF FF FF FF FF FF FF FF FF FF FF FF FF 
FF FF FF FF FF FF FF FF FF FF FF FF FF FF FF FF 
FF FF FF FF FF FF FF FF FF FF FF FF FF FF FF FF 
FF FF FF FF FF FF FF FF FF FF FF FF FF FF FF FF 
FF FF FF FF FF FF FF FF FF FF FF FF FF FF FF FF 
FF FF FF FF FF FF FF FF FF FF FF FF FF FF FF FF 
FF FF FF FF FF FF FF FF FF FF FF FF FF FF FF FF 
FF FF FF FF FF FF FF FF FF FF FF FF FF FF FF FF 
FF FF FF FF FF FF FF FF FF FF FF FF FF FF FF FF 
FF FF FF FF FF FF FF FF FF FF FF FF FF FF FF FF 
FF FF FF FF FF FF FF FF FF FF FF FF FF FF FF FF 
FF FF FF FF FF FF FF FF FF FF FF FF FF FF FF FF 
FF FF FF FF FF FF FF FF FF FF FF FF FF FF FF FF 
FF FF FF FF FF FF FF FF FF FF FF FF FF FF FF FF 
FF FF FF FF FF FF FF FF FF FF FF FF FF FF FF FF 
FF FF FF FF FF FF FF FF FF FF FF FF FF FF FF FF 
FF FF FF FF FF FF FF FF FF FF FF FF FF FF FF FF 
FF FF FF FF FF FF FF FF FF FF FF FF FF FF FF FF 
FF FF FF FF FF FF FF FF FF FF FF FF FF FF FF FF 
FF FF FF FF FF FF FF FF FF FF FF FF FF FF FF FF 
FF FF FF FF FF FF FF FF FF FF FF FF FF FF FF FF 
FF FF FF FF FF FF FF FF FF FF FF FF FF FF FF FF 
FF FF FF FF FF FF FF FF FF FF FF FF FF FF FF FF 
FF FF FF FF FF FF FF FF FF FF FF FF FF FF FF FF 
FF FF FF FF FF FF FF FF FF FF FF FF FF FF FF FF 
FF FF FF FF FF FF FF FF FF FF FF FF FF FF FF FF 
FF FF FF FF FF FF FF FF FF FF FF FF FF FF FF FF 
FF FF FF FF FF FF FF FF FF FF FF FF FF FF FF FF 
FF FF FF FF FF FF FF FF FF FF FF FF FF FF FF FF 
FF FF FF FF FF FF FF FF FF FF FF FF FF FF FF FF 
FF FF FF FF FF FF FF FF FF FF FF FF FF FF FF FF 
 
JTAG> bye 
