: 919	422.6 ;
: 919	422.17 ;
: 921	422.20 ;
: 923	422.23 ;
: 995	481.6 ;
: 995	481.22 ;
: 997	481.26 ;
: 999	481.31 ;
: 1065	507.8 ;
: 1065	507.25 ;
: 1069	507.27 ;
: 1071	507.32 ;
: 1073	507.39 ;
: 1073	508.8 ;
: 1073	508.22 ;
: 1075	508.27 ;
: 1077	508.32 ;
: 1077	509.8 ;
: 1077	509.22 ;
: 1079	509.27 ;
: 1081	509.31 ;
: 1090	520.5 ;
: 1090	520.21 ;
: 1092	520.25 ;
: 1100	526.6 ;
: 1100	526.22 ;
: 1102	526.27 ;
: 1120	532.5 ;
: 1120	532.21 ;
: 1122	532.26 ;
: 1192	576.8 ;
: 1192	576.25 ;
: 1194	576.30 ;
: 1196	576.34 ;
: 1198	576.38 ;
: 1200	576.45 ;
: 1202	576.49 ;
: 1226	650.6 ;
: 1228	650.10 ;
: 1230	650.14 ;
: 1232	650.17 ;
: 1234	650.21 ;
: 1236	650.24 ;
: 1240	650.28 ;
: 1242	650.33 ;
: 1244	650.36 ;
: 1246	650.44 ;
: 1246	650.50 ;
: 1246	650.54 ;
: 1246	651.4 ;
: 1248	651.9 ;
: 1250	651.12 ;
: 1252	651.20 ;
: 1295	756.7 ;
: 1295	756.21 ;
: 1297	756.26 ;
: 1299	756.31 ;
: 1301	756.33 ;
: 1305	756.37 ;
: 1307	756.43 ;
: 1307	756.49 ;
: 1309	756.54 ;
: 1309	758.7 ;
: 1309	758.21 ;
: 1311	758.26 ;
: 1313	758.31 ;
: 1315	758.33 ;
: 1319	758.37 ;
: 1321	758.43 ;
: 1321	758.49 ;
: 1323	758.54 ;
: 1343	780.11 ;
: 1343	780.19 ;
: 1345	780.23 ;
: 1347	780.26 ;
: 1349	780.28 ;
: 1351	780.32 ;
: 1353	780.34 ;
: 1355	780.42 ;
: 1397	816.10 ;
: 1397	816.18 ;
: 1399	816.22 ;
: 1401	816.26 ;
: 1403	816.31 ;
: 1405	816.33 ;
: 1405	817.11 ;
: 1405	817.18 ;
: 1407	817.25 ;
: 1409	817.33 ;
: 1417	821.8 ;
: 1417	821.14 ;
: 1417	822.4 ;
: 1417	822.11 ;
: 1417	823.8 ;
: 1421	823.10 ;
: 1423	823.15 ;
: 1425	823.19 ;
: 1427	823.23 ;
: 1432	823.41 ;
: 1436	823.45 ;
: 1440	823.60 ;
: 1440	823.64 ;
: 1440	824.8 ;
: 1442	824.12 ;
: 1444	824.14 ;
: 1444	824.26 ;
: 1448	824.34 ;
: 1450	824.36 ;
: 1452	824.39 ;
: 1454	824.46 ;
: 1454	825.8 ;
: 1456	825.14 ;
: 1458	825.17 ;
: 1462	825.21 ;
: 1466	825.30 ;
: 1468	825.35 ;
: 1470	825.42 ;
: 1470	825.46 ;
: 1470	826.4 ;
: 1470	826.10 ;
: 1472	826.10 ;
: 1472	25.6 ;
: 1472	25.13 ;
: 1476	25.16 ;
: 1478	25.22 ;
: 1482	25.25 ;
: 1484	25.30 ;
: 1484	27.9 ;
: 1484	27.22 ;
: 1486	27.26 ;
: 1488	27.29 ;
: 1490	27.34 ;
: 1492	27.37 ;
: 1492	28.8 ;
: 1492	28.18 ;
: 1494	28.23 ;
: 1496	28.29 ;
: 1498	28.35 ;
: 1502	28.41 ;
: 1504	28.46 ;
: 1513	35.8 ;
: 1513	35.20 ;
: 1515	35.27 ;
: 1517	35.32 ;
: 1517	36.9 ;
: 1517	36.17 ;
: 1519	36.21 ;
: 1521	36.24 ;
: 1523	36.27 ;
: 1525	36.30 ;
: 1527	36.33 ;
: 1529	36.38 ;
: 1531	36.43 ;
: 1531	37.6 ;
: 1531	37.14 ;
: 1533	37.18 ;
: 1535	37.23 ;
: 1537	37.29 ;
: 1537	38.7 ;
: 1537	38.15 ;
: 1539	38.21 ;
: 1539	39.9 ;
: 1539	39.16 ;
: 1543	39.20 ;
: 1545	39.25 ;
: 1545	42.7 ;
: 1545	42.14 ;
: 1545	43.4 ;
: 1549	43.7 ;
: 1551	43.12 ;
: 1551	43.19 ;
: 1555	43.22 ;
: 1557	43.27 ;
: 1563	43.39 ;
: 1565	43.43 ;
: 1565	44.4 ;
: 1565	44.11 ;
: 1567	44.16 ;
: 1572	44.28 ;
: 1574	44.33 ;
: 1574	45.5 ;
: 1574	45.13 ;
: 1579	45.22 ;
: 1581	45.26 ;
: 1585	45.35 ;
: 1587	45.41 ;
: 1587	45.46 ;
: 1587	46.6 ;
: 1587	46.14 ;
: 1589	46.18 ;
: 1591	46.24 ;
: 1591	48.11 ;
: 1591	48.21 ;
: 1591	49.0 ;
: 1595	49.3 ;
: 1597	49.8 ;
: 1599	49.12 ;
: 1603	49.18 ;
: 1605	49.22 ;
: 1607	49.25 ;
: 1609	49.29 ;
: 1613	49.31 ;
: 1615	49.35 ;
: 1619	49.39 ;
: 1621	49.41 ;
: 1623	49.47 ;
: 1625	49.51 ;
: 1629	49.56 ;
: 1630	50.9 ;
: 1630	50.17 ;
: 1632	50.25 ;
: 1636	50.34 ;
: 1638	50.39 ;
: 1640	50.47 ;
: 1640	51.7 ;
: 1640	51.15 ;
: 1642	51.20 ;
: 1644	51.26 ;
: 1646	51.31 ;
: 1648	51.37 ;
: 1648	52.6 ;
: 1648	52.14 ;
: 1650	52.20 ;
: 1654	52.29 ;
: 1656	52.34 ;
: 1658	52.40 ;
: 1660	52.45 ;
: 1662	52.51 ;
: 1662	56.8 ;
: 1662	56.22 ;
: 1662	57.4 ;
: 1664	57.9 ;
: 1669	57.25 ;
: 1673	57.27 ;
: 1673	58.8 ;
: 1675	58.11 ;
: 1677	58.16 ;
: 1679	58.19 ;
: 1681	58.24 ;
: 1686	58.40 ;
: 1688	58.44 ;
: 1690	58.47 ;
: 1692	58.49 ;
: 1692	59.8 ;
: 1692	59.15 ;
: 1694	59.21 ;
: 1697	59.35 ;
: 1699	59.40 ;
: 1699	60.4 ;
: 1699	60.8 ;
: 1699	61.4 ;
: 1701	61.7 ;
: 1701	62.8 ;
: 1703	62.12 ;
: 1708	62.28 ;
: 1710	62.31 ;
: 1714	62.35 ;
: 1716	62.38 ;
: 1718	62.42 ;
: 1720	62.46 ;
: 1720	62.52 ;
: 1722	62.58 ;
: 1724	62.61 ;
: 1724	63.4 ;
: 1728	63.10 ;
: 1730	63.15 ;
: 1730	65.10 ;
: 1730	65.23 ;
: 1732	65.27 ;
: 1736	65.29 ;
: 1738	65.31 ;
: 1740	65.36 ;
: 1742	65.40 ;
: 1742	67.9 ;
: 1742	67.23 ;
: 1742	68.4 ;
: 1744	68.9 ;
: 1749	68.25 ;
: 1753	68.27 ;
: 1753	69.8 ;
: 1755	69.11 ;
: 1757	69.16 ;
: 1759	69.19 ;
: 1761	69.24 ;
: 1766	69.40 ;
: 1768	69.44 ;
: 1770	69.47 ;
: 1772	69.48 ;
: 1772	70.8 ;
: 1772	70.15 ;
: 1774	70.21 ;
: 1777	70.35 ;
: 1779	70.40 ;
: 1779	71.4 ;
: 1779	71.8 ;
: 1779	72.4 ;
: 1781	72.7 ;
: 1781	73.8 ;
: 1783	73.12 ;
: 1788	73.28 ;
: 1790	73.31 ;
: 1794	73.35 ;
: 1796	73.38 ;
: 1798	73.42 ;
: 1800	73.46 ;
: 1800	73.52 ;
: 1800	74.8 ;
: 1802	74.15 ;
: 1804	74.18 ;
: 1804	75.4 ;
: 1808	75.10 ;
: 1810	75.15 ;
: 1810	90.7 ;
: 1810	90.17 ;
: 1810	91.0 ;
: 1812	91.6 ;
: 1816	91.15 ;
: 1818	91.20 ;
: 1820	91.26 ;
: 1822	91.30 ;
: 1826	91.39 ;
: 1828	91.44 ;
: 1830	91.50 ;
: 1830	92.0 ;
: 1832	92.7 ;
: 1838	92.16 ;
: 1842	92.23 ;
: 1844	92.28 ;
: 1844	92.34 ;
: 1844	92.40 ;
: 1844	92.54 ;
: 1844	93.4 ;
: 1846	93.7 ;
: 1850	93.11 ;
: 1854	93.18 ;
: 1855	93.24 ;
: 1855	93.30 ;
: 1855	93.48 ;
: 1855	94.4 ;
: 1857	94.10 ;
: 1861	94.12 ;
: 1863	94.14 ;
: 1867	94.18 ;
: 1867	94.54 ;
: 1867	95.8 ;
: 1867	95.21 ;
: 1871	95.29 ;
: 1873	95.35 ;
: 1875	95.38 ;
: 1877	95.41 ;
: 1879	95.44 ;
: 1879	96.12 ;
: 1881	96.16 ;
: 1883	96.18 ;
: 1885	96.23 ;
: 1887	96.27 ;
: 1889	96.30 ;
: 1891	96.35 ;
: 1893	96.40 ;
: 1895	96.48 ;
: 1897	96.51 ;
: 1899	96.53 ;
: 1899	97.8 ;
: 1903	97.14 ;
: 1905	97.18 ;
: 1905	98.4 ;
: 1905	98.8 ;
: 1905	99.4 ;
: 1907	99.8 ;
: 1909	99.12 ;
: 1911	99.21 ;
: 1911	99.64 ;
: 1911	100.4 ;
: 1911	103.7 ;
: 1911	103.14 ;
: 1915	103.21 ;
: 1917	103.25 ;
: 1917	105.7 ;
: 1917	105.14 ;
: 1921	105.21 ;
: 1923	105.25 ;
: 1923	106.7 ;
: 1923	106.14 ;
: 1927	106.21 ;
: 1929	106.25 ;
: 179	106.25 ;
: 183	106.25 ;
