: 839	422.6 ;
: 839	422.17 ;
: 841	422.20 ;
: 843	422.23 ;
: 915	481.6 ;
: 915	481.22 ;
: 917	481.26 ;
: 919	481.31 ;
: 985	507.8 ;
: 985	507.25 ;
: 989	507.27 ;
: 991	507.32 ;
: 993	507.39 ;
: 993	508.8 ;
: 993	508.22 ;
: 995	508.27 ;
: 997	508.32 ;
: 997	509.8 ;
: 997	509.22 ;
: 999	509.27 ;
: 1001	509.31 ;
: 1010	520.5 ;
: 1010	520.21 ;
: 1012	520.25 ;
: 1020	526.6 ;
: 1020	526.22 ;
: 1022	526.27 ;
: 1040	532.5 ;
: 1040	532.21 ;
: 1042	532.26 ;
: 1112	576.8 ;
: 1112	576.25 ;
: 1114	576.30 ;
: 1116	576.34 ;
: 1118	576.38 ;
: 1120	576.45 ;
: 1122	576.49 ;
: 1146	650.6 ;
: 1148	650.10 ;
: 1150	650.14 ;
: 1152	650.17 ;
: 1154	650.21 ;
: 1156	650.24 ;
: 1160	650.28 ;
: 1162	650.33 ;
: 1164	650.36 ;
: 1166	650.44 ;
: 1166	650.50 ;
: 1166	650.54 ;
: 1166	651.4 ;
: 1168	651.9 ;
: 1170	651.12 ;
: 1172	651.20 ;
: 1215	756.7 ;
: 1215	756.21 ;
: 1217	756.26 ;
: 1219	756.31 ;
: 1221	756.33 ;
: 1225	756.37 ;
: 1227	756.43 ;
: 1227	756.49 ;
: 1229	756.54 ;
: 1229	758.7 ;
: 1229	758.21 ;
: 1231	758.26 ;
: 1233	758.31 ;
: 1235	758.33 ;
: 1239	758.37 ;
: 1241	758.43 ;
: 1241	758.49 ;
: 1243	758.54 ;
: 1263	780.11 ;
: 1263	780.19 ;
: 1265	780.23 ;
: 1267	780.26 ;
: 1269	780.28 ;
: 1271	780.32 ;
: 1273	780.34 ;
: 1275	780.42 ;
: 1317	816.10 ;
: 1317	816.18 ;
: 1319	816.22 ;
: 1321	816.26 ;
: 1323	816.31 ;
: 1325	816.33 ;
: 1325	817.11 ;
: 1325	817.18 ;
: 1327	817.25 ;
: 1329	817.33 ;
: 1337	821.8 ;
: 1337	821.14 ;
: 1337	822.4 ;
: 1337	822.11 ;
: 1337	823.8 ;
: 1341	823.10 ;
: 1343	823.15 ;
: 1345	823.19 ;
: 1347	823.23 ;
: 1352	823.41 ;
: 1356	823.45 ;
: 1360	823.60 ;
: 1360	823.64 ;
: 1360	824.8 ;
: 1362	824.12 ;
: 1364	824.14 ;
: 1364	824.26 ;
: 1368	824.34 ;
: 1370	824.36 ;
: 1372	824.39 ;
: 1374	824.46 ;
: 1374	825.8 ;
: 1376	825.14 ;
: 1378	825.17 ;
: 1382	825.21 ;
: 1386	825.30 ;
: 1388	825.35 ;
: 1390	825.42 ;
: 1390	825.46 ;
: 1390	826.4 ;
: 1390	826.10 ;
: 1392	826.10 ;
: 1392	25.6 ;
: 1392	25.13 ;
: 1396	25.16 ;
: 1398	25.22 ;
: 1402	25.25 ;
: 1404	25.30 ;
: 1404	27.9 ;
: 1404	27.22 ;
: 1406	27.26 ;
: 1408	27.29 ;
: 1410	27.34 ;
: 1412	27.37 ;
: 1412	28.8 ;
: 1412	28.18 ;
: 1414	28.23 ;
: 1416	28.29 ;
: 1418	28.35 ;
: 1422	28.41 ;
: 1424	28.46 ;
: 1433	35.8 ;
: 1433	35.20 ;
: 1435	35.27 ;
: 1437	35.32 ;
: 1437	36.9 ;
: 1437	36.17 ;
: 1439	36.21 ;
: 1441	36.24 ;
: 1443	36.27 ;
: 1445	36.30 ;
: 1447	36.33 ;
: 1449	36.38 ;
: 1451	36.43 ;
: 1451	37.6 ;
: 1451	37.14 ;
: 1453	37.18 ;
: 1455	37.23 ;
: 1457	37.29 ;
: 1457	38.7 ;
: 1457	38.15 ;
: 1459	38.21 ;
: 1459	39.9 ;
: 1459	39.16 ;
: 1463	39.20 ;
: 1465	39.25 ;
: 1465	42.7 ;
: 1465	42.14 ;
: 1465	43.4 ;
: 1469	43.7 ;
: 1471	43.12 ;
: 1471	43.19 ;
: 1475	43.22 ;
: 1477	43.27 ;
: 1483	43.39 ;
: 1485	43.43 ;
: 1485	44.4 ;
: 1485	44.11 ;
: 1487	44.16 ;
: 1492	44.28 ;
: 1494	44.33 ;
: 1494	45.5 ;
: 1494	45.13 ;
: 1499	45.22 ;
: 1501	45.26 ;
: 1505	45.35 ;
: 1507	45.41 ;
: 1507	45.46 ;
: 1507	46.6 ;
: 1507	46.14 ;
: 1509	46.18 ;
: 1511	46.24 ;
: 1511	48.11 ;
: 1511	48.21 ;
: 1511	49.0 ;
: 1515	49.3 ;
: 1517	49.8 ;
: 1519	49.12 ;
: 1523	49.18 ;
: 1525	49.22 ;
: 1527	49.25 ;
: 1529	49.29 ;
: 1533	49.31 ;
: 1535	49.35 ;
: 1539	49.39 ;
: 1541	49.41 ;
: 1543	49.47 ;
: 1545	49.51 ;
: 1549	49.56 ;
: 1550	50.9 ;
: 1550	50.17 ;
: 1552	50.25 ;
: 1556	50.34 ;
: 1558	50.39 ;
: 1560	50.47 ;
: 1560	51.7 ;
: 1560	51.15 ;
: 1562	51.20 ;
: 1564	51.26 ;
: 1566	51.31 ;
: 1568	51.37 ;
: 1568	52.6 ;
: 1568	52.14 ;
: 1570	52.20 ;
: 1574	52.29 ;
: 1576	52.34 ;
: 1578	52.40 ;
: 1580	52.45 ;
: 1582	52.51 ;
: 1582	56.8 ;
: 1582	56.22 ;
: 1582	57.4 ;
: 1584	57.9 ;
: 1589	57.25 ;
: 1593	57.27 ;
: 1593	58.8 ;
: 1595	58.11 ;
: 1597	58.16 ;
: 1599	58.19 ;
: 1601	58.24 ;
: 1606	58.40 ;
: 1608	58.44 ;
: 1610	58.47 ;
: 1612	58.49 ;
: 1612	59.8 ;
: 1612	59.15 ;
: 1614	59.21 ;
: 1617	59.35 ;
: 1619	59.40 ;
: 1619	60.4 ;
: 1619	60.8 ;
: 1619	61.4 ;
: 1621	61.7 ;
: 1621	62.8 ;
: 1623	62.12 ;
: 1628	62.28 ;
: 1630	62.31 ;
: 1634	62.35 ;
: 1636	62.38 ;
: 1638	62.42 ;
: 1640	62.46 ;
: 1640	62.52 ;
: 1642	62.58 ;
: 1644	62.61 ;
: 1644	63.4 ;
: 1648	63.10 ;
: 1650	63.15 ;
: 1650	65.10 ;
: 1650	65.23 ;
: 1652	65.27 ;
: 1656	65.29 ;
: 1658	65.31 ;
: 1660	65.36 ;
: 1662	65.40 ;
: 1662	67.9 ;
: 1662	67.23 ;
: 1662	68.4 ;
: 1664	68.9 ;
: 1669	68.25 ;
: 1673	68.27 ;
: 1673	69.8 ;
: 1675	69.11 ;
: 1677	69.16 ;
: 1679	69.19 ;
: 1681	69.24 ;
: 1686	69.40 ;
: 1688	69.44 ;
: 1690	69.47 ;
: 1692	69.48 ;
: 1692	70.8 ;
: 1692	70.15 ;
: 1694	70.21 ;
: 1697	70.35 ;
: 1699	70.40 ;
: 1699	71.4 ;
: 1699	71.8 ;
: 1699	72.4 ;
: 1701	72.7 ;
: 1701	73.8 ;
: 1703	73.12 ;
: 1708	73.28 ;
: 1710	73.31 ;
: 1714	73.35 ;
: 1716	73.38 ;
: 1718	73.42 ;
: 1720	73.46 ;
: 1720	73.52 ;
: 1720	74.8 ;
: 1722	74.15 ;
: 1724	74.18 ;
: 1724	75.4 ;
: 1728	75.10 ;
: 1730	75.15 ;
: 1730	90.7 ;
: 1730	90.17 ;
: 1730	91.0 ;
: 1732	91.6 ;
: 1736	91.15 ;
: 1738	91.20 ;
: 1740	91.26 ;
: 1742	91.30 ;
: 1746	91.39 ;
: 1748	91.44 ;
: 1750	91.50 ;
: 1750	92.0 ;
: 1752	92.7 ;
: 1758	92.16 ;
: 1762	92.23 ;
: 1764	92.28 ;
: 1764	92.34 ;
: 1764	92.40 ;
: 1764	92.54 ;
: 1764	93.4 ;
: 1766	93.7 ;
: 1770	93.11 ;
: 1774	93.18 ;
: 1775	93.24 ;
: 1775	93.30 ;
: 1775	93.48 ;
: 1775	94.4 ;
: 1777	94.10 ;
: 1781	94.12 ;
: 1783	94.14 ;
: 1787	94.18 ;
: 1787	94.54 ;
: 1787	95.8 ;
: 1787	95.21 ;
: 1791	95.29 ;
: 1793	95.35 ;
: 1795	95.38 ;
: 1797	95.41 ;
: 1799	95.44 ;
: 1799	96.12 ;
: 1801	96.16 ;
: 1803	96.18 ;
: 1805	96.23 ;
: 1807	96.27 ;
: 1809	96.30 ;
: 1811	96.35 ;
: 1813	96.40 ;
: 1815	96.48 ;
: 1817	96.51 ;
: 1819	96.53 ;
: 1819	97.8 ;
: 1823	97.14 ;
: 1825	97.18 ;
: 1825	98.4 ;
: 1825	98.8 ;
: 1825	99.4 ;
: 1827	99.8 ;
: 1829	99.12 ;
: 1831	99.21 ;
: 1831	99.64 ;
: 1831	100.4 ;
: 1831	103.7 ;
: 1831	103.14 ;
: 1835	103.21 ;
: 1837	103.25 ;
: 1837	105.7 ;
: 1837	105.14 ;
: 1841	105.21 ;
: 1843	105.25 ;
: 1843	106.7 ;
: 1843	106.14 ;
: 1847	106.21 ;
: 1849	106.25 ;
