: 839	422.6 ;
: 839	422.17 ;
: 841	422.20 ;
: 843	422.23 ;
: 915	481.6 ;
: 915	481.22 ;
: 917	481.26 ;
: 919	481.31 ;
: 985	507.8 ;
: 985	507.25 ;
: 989	507.27 ;
: 991	507.32 ;
: 993	507.39 ;
: 993	508.8 ;
: 993	508.22 ;
: 995	508.27 ;
: 997	508.32 ;
: 997	509.8 ;
: 997	509.22 ;
: 999	509.27 ;
: 1001	509.31 ;
: 1010	520.5 ;
: 1010	520.21 ;
: 1012	520.25 ;
: 1020	526.6 ;
: 1020	526.22 ;
: 1022	526.27 ;
: 1040	532.5 ;
: 1040	532.21 ;
: 1042	532.26 ;
: 1112	576.8 ;
: 1112	576.25 ;
: 1114	576.30 ;
: 1116	576.34 ;
: 1118	576.38 ;
: 1120	576.45 ;
: 1122	576.49 ;
: 1146	650.6 ;
: 1148	650.10 ;
: 1150	650.14 ;
: 1152	650.17 ;
: 1154	650.21 ;
: 1156	650.24 ;
: 1160	650.28 ;
: 1162	650.33 ;
: 1164	650.36 ;
: 1166	650.44 ;
: 1166	650.50 ;
: 1166	650.54 ;
: 1166	651.4 ;
: 1168	651.9 ;
: 1170	651.12 ;
: 1172	651.20 ;
: 1215	756.7 ;
: 1215	756.21 ;
: 1217	756.26 ;
: 1219	756.31 ;
: 1221	756.33 ;
: 1225	756.37 ;
: 1227	756.43 ;
: 1227	756.49 ;
: 1229	756.54 ;
: 1229	758.7 ;
: 1229	758.21 ;
: 1231	758.26 ;
: 1233	758.31 ;
: 1235	758.33 ;
: 1239	758.37 ;
: 1241	758.43 ;
: 1241	758.49 ;
: 1243	758.54 ;
: 1263	780.11 ;
: 1263	780.19 ;
: 1265	780.23 ;
: 1267	780.26 ;
: 1269	780.28 ;
: 1271	780.32 ;
: 1273	780.34 ;
: 1275	780.42 ;
: 1317	816.10 ;
: 1317	816.18 ;
: 1319	816.22 ;
: 1321	816.26 ;
: 1323	816.31 ;
: 1325	816.33 ;
: 1325	817.11 ;
: 1325	817.18 ;
: 1327	817.25 ;
: 1329	817.33 ;
: 1337	821.8 ;
: 1337	821.14 ;
: 1337	822.4 ;
: 1337	822.11 ;
: 1337	823.8 ;
: 1341	823.10 ;
: 1343	823.15 ;
: 1345	823.19 ;
: 1347	823.23 ;
: 1352	823.41 ;
: 1356	823.45 ;
: 1360	823.60 ;
: 1360	823.64 ;
: 1360	824.8 ;
: 1362	824.12 ;
: 1364	824.14 ;
: 1364	824.26 ;
: 1368	824.34 ;
: 1370	824.36 ;
: 1372	824.39 ;
: 1374	824.46 ;
: 1374	825.8 ;
: 1376	825.14 ;
: 1378	825.17 ;
: 1382	825.21 ;
: 1386	825.30 ;
: 1388	825.35 ;
: 1390	825.42 ;
: 1390	825.46 ;
: 1390	826.4 ;
: 1390	826.10 ;
: 1392	826.10 ;
: 1392	25.6 ;
: 1392	25.13 ;
: 1396	25.16 ;
: 1398	25.22 ;
: 1402	25.25 ;
: 1404	25.30 ;
: 1404	27.9 ;
: 1404	27.22 ;
: 1406	27.26 ;
: 1408	27.29 ;
: 1410	27.34 ;
: 1412	27.37 ;
: 1412	28.8 ;
: 1412	28.18 ;
: 1414	28.23 ;
: 1416	28.29 ;
: 1418	28.35 ;
: 1422	28.41 ;
: 1424	28.46 ;
: 1433	35.8 ;
: 1433	35.20 ;
: 1435	35.27 ;
: 1437	35.32 ;
: 1437	36.9 ;
: 1437	36.17 ;
: 1439	36.21 ;
: 1441	36.24 ;
: 1443	36.27 ;
: 1445	36.30 ;
: 1447	36.33 ;
: 1449	36.38 ;
: 1451	36.43 ;
: 1451	37.6 ;
: 1451	37.14 ;
: 1453	37.18 ;
: 1455	37.23 ;
: 1457	37.29 ;
: 1457	38.7 ;
: 1457	38.15 ;
: 1459	38.21 ;
: 1459	39.9 ;
: 1459	39.16 ;
: 1463	39.20 ;
: 1465	39.25 ;
: 1465	42.7 ;
: 1465	42.14 ;
: 1465	43.4 ;
: 1469	43.7 ;
: 1471	43.12 ;
: 1471	43.19 ;
: 1475	43.22 ;
: 1477	43.27 ;
: 1483	43.39 ;
: 1485	43.43 ;
: 1485	44.4 ;
: 1485	44.11 ;
: 1487	44.16 ;
: 1492	44.28 ;
: 1494	44.33 ;
: 1494	45.5 ;
: 1494	45.13 ;
: 1499	45.22 ;
: 1501	45.26 ;
: 1505	45.35 ;
: 1507	45.41 ;
: 1507	45.46 ;
: 1507	46.6 ;
: 1507	46.14 ;
: 1509	46.18 ;
: 1511	46.24 ;
: 1511	48.11 ;
: 1511	48.21 ;
: 1511	49.0 ;
: 1515	49.3 ;
: 1517	49.8 ;
: 1519	49.12 ;
: 1523	49.18 ;
: 1525	49.22 ;
: 1527	49.25 ;
: 1529	49.29 ;
: 1533	49.31 ;
: 1535	49.35 ;
: 1539	49.39 ;
: 1541	49.41 ;
: 1543	49.47 ;
: 1545	49.51 ;
: 1549	49.56 ;
: 1550	50.9 ;
: 1550	50.17 ;
: 1552	50.25 ;
: 1556	50.34 ;
: 1558	50.39 ;
: 1560	50.47 ;
: 1560	51.7 ;
: 1560	51.15 ;
: 1562	51.20 ;
: 1564	51.26 ;
: 1566	51.31 ;
: 1568	51.37 ;
: 1568	52.6 ;
: 1568	52.14 ;
: 1570	52.20 ;
: 1574	52.29 ;
: 1576	52.34 ;
: 1578	52.40 ;
: 1580	52.45 ;
: 1582	52.51 ;
: 1582	56.8 ;
: 1582	56.22 ;
: 1582	57.4 ;
: 1584	57.9 ;
: 1589	57.25 ;
: 1593	57.27 ;
: 1593	58.8 ;
: 1595	58.11 ;
: 1597	58.16 ;
: 1599	58.19 ;
: 1601	58.24 ;
: 1606	58.40 ;
: 1608	58.44 ;
: 1610	58.47 ;
: 1612	58.49 ;
: 1612	59.8 ;
: 1612	59.15 ;
: 1614	59.21 ;
: 1617	59.35 ;
: 1619	59.40 ;
: 1619	60.4 ;
: 1619	60.8 ;
: 1619	61.4 ;
: 1621	61.7 ;
: 1621	62.8 ;
: 1623	62.12 ;
: 1628	62.28 ;
: 1630	62.31 ;
: 1634	62.35 ;
: 1636	62.38 ;
: 1638	62.42 ;
: 1640	62.46 ;
: 1640	62.52 ;
: 1642	62.58 ;
: 1644	62.61 ;
: 1644	63.4 ;
: 1648	63.10 ;
: 1650	63.15 ;
: 1650	65.10 ;
: 1650	65.23 ;
: 1652	65.27 ;
: 1656	65.29 ;
: 1658	65.31 ;
: 1660	65.36 ;
: 1662	65.40 ;
: 1662	67.9 ;
: 1662	67.23 ;
: 1662	68.4 ;
: 1664	68.9 ;
: 1669	68.25 ;
: 1673	68.27 ;
: 1673	69.8 ;
: 1675	69.11 ;
: 1677	69.16 ;
: 1679	69.19 ;
: 1681	69.24 ;
: 1686	69.40 ;
: 1688	69.44 ;
: 1690	69.47 ;
: 1692	69.48 ;
: 1692	70.8 ;
: 1692	70.15 ;
: 1694	70.21 ;
: 1697	70.35 ;
: 1699	70.40 ;
: 1699	71.4 ;
: 1699	71.8 ;
: 1699	72.4 ;
: 1701	72.7 ;
: 1701	73.8 ;
: 1703	73.12 ;
: 1708	73.28 ;
: 1710	73.31 ;
: 1714	73.35 ;
: 1716	73.38 ;
: 1718	73.42 ;
: 1720	73.46 ;
: 1720	73.52 ;
: 1720	74.8 ;
: 1722	74.15 ;
: 1724	74.18 ;
: 1724	75.4 ;
: 1728	75.10 ;
: 1730	75.15 ;
: 1730	90.7 ;
: 1730	90.17 ;
: 1730	91.0 ;
: 1732	91.6 ;
: 1736	91.15 ;
: 1738	91.20 ;
: 1740	91.26 ;
: 1742	91.30 ;
: 1746	91.39 ;
: 1748	91.44 ;
: 1750	91.50 ;
: 1750	92.0 ;
: 1752	92.7 ;
: 1758	92.16 ;
: 1762	92.23 ;
: 1764	92.28 ;
: 1764	92.34 ;
: 1764	92.40 ;
: 1764	92.54 ;
: 1764	93.4 ;
: 1766	93.7 ;
: 1770	93.11 ;
: 1774	93.18 ;
: 1775	93.24 ;
: 1775	93.30 ;
: 1775	93.48 ;
: 1775	94.4 ;
: 1777	94.10 ;
: 1781	94.12 ;
: 1783	94.14 ;
: 1787	94.18 ;
: 1787	94.54 ;
: 1787	95.8 ;
: 1787	95.21 ;
: 1791	95.29 ;
: 1793	95.35 ;
: 1795	95.38 ;
: 1797	95.41 ;
: 1799	95.44 ;
: 1799	96.12 ;
: 1801	96.16 ;
: 1803	96.18 ;
: 1805	96.23 ;
: 1807	96.27 ;
: 1809	96.30 ;
: 1811	96.35 ;
: 1813	96.40 ;
: 1815	96.48 ;
: 1817	96.51 ;
: 1819	96.53 ;
: 1819	97.8 ;
: 1823	97.14 ;
: 1825	97.18 ;
: 1825	98.4 ;
: 1825	98.8 ;
: 1825	99.4 ;
: 1827	99.8 ;
: 1829	99.12 ;
: 1831	99.21 ;
: 1831	99.64 ;
: 1831	100.4 ;
: 1831	103.7 ;
: 1831	103.14 ;
: 1835	103.21 ;
: 1837	103.25 ;
: 1837	105.7 ;
: 1837	105.14 ;
: 1841	105.21 ;
: 1843	105.25 ;
: 1843	106.7 ;
: 1843	106.14 ;
: 1847	106.21 ;
: 1849	106.25 ;
: 1875	106.25 ;
: 1879	106.25 ;
: 1890	44.8 ;
: 1890	44.17 ;
: 1892	44.21 ;
: 1894	44.26 ;
: 1897	48.9 ;
: 1897	48.15 ;
: 1897	49.0 ;
: 1899	49.11 ;
: 1903	49.14 ;
: 1903	49.19 ;
: 1903	50.0 ;
: 1903	50.7 ;
: 1905	50.11 ;
: 1907	50.15 ;
: 1911	50.18 ;
: 1913	50.20 ;
: 1917	50.24 ;
: 1919	50.30 ;
: 1921	50.36 ;
: 1921	50.42 ;
: 1921	50.48 ;
: 1923	50.53 ;
: 1925	50.58 ;
: 1925	51.0 ;
: 1927	51.7 ;
: 1931	51.9 ;
: 1933	51.11 ;
: 1937	51.15 ;
: 1939	51.20 ;
: 1941	51.24 ;
: 1943	51.27 ;
: 1945	51.32 ;
: 1947	51.37 ;
: 1949	51.41 ;
: 1949	51.45 ;
: 1949	52.0 ;
: 1951	52.7 ;
: 1955	52.9 ;
: 1957	52.11 ;
: 1957	53.0 ;
: 1957	53.7 ;
: 1959	53.7 ;
: 1960	57.9 ;
: 1960	57.23 ;
: 1960	58.0 ;
: 1960	58.11 ;
: 1960	59.0 ;
: 1962	59.5 ;
: 1966	59.7 ;
: 1968	59.10 ;
: 1968	60.0 ;
: 1970	60.7 ;
: 1972	60.10 ;
: 1974	60.15 ;
: 1976	60.18 ;
: 1978	60.20 ;
: 1982	60.24 ;
: 1984	60.30 ;
: 1988	60.32 ;
: 1990	60.36 ;
: 1992	60.41 ;
: 1992	60.47 ;
: 1992	60.51 ;
: 1992	61.0 ;
: 1994	61.7 ;
: 1998	61.9 ;
: 2000	61.12 ;
: 2002	61.16 ;
: 2006	61.18 ;
: 2008	61.20 ;
: 2008	62.0 ;
: 2012	62.7 ;
: 2014	62.13 ;
: 2018	62.16 ;
: 2019	64.8 ;
: 2019	64.24 ;
: 2019	65.0 ;
: 2021	65.15 ;
: 2023	65.16 ;
: 2023	66.0 ;
: 2023	66.7 ;
: 2025	66.11 ;
: 2027	66.14 ;
: 2031	66.19 ;
: 2031	67.0 ;
: 2033	67.6 ;
: 2035	67.12 ;
: 2039	67.16 ;
: 2043	67.18 ;
: 2045	67.20 ;
: 2047	67.22 ;
: 2052	67.25 ;
: 2053	67.31 ;
: 2053	67.37 ;
: 2058	67.39 ;
: 2061	67.41 ;
: 2061	68.0 ;
: 2061	68.8 ;
: 2063	68.9 ;
: 2068	68.11 ;
: 2069	72.7 ;
: 2069	72.14 ;
: 2076	72.22 ;
: 2079	72.27 ;
: 2082	72.30 ;
: 2082	74.8 ;
: 2082	74.15 ;
: 2085	74.20 ;
: 2091	74.27 ;
: 2094	74.32 ;
: 2097	74.35 ;
: 2100	74.41 ;
: 2100	76.13 ;
: 2100	76.20 ;
: 2100	77.0 ;
: 2103	77.7 ;
: 2106	77.10 ;
: 2111	77.14 ;
: 2113	77.19 ;
: 2113	77.25 ;
: 2113	77.29 ;
: 2113	78.0 ;
: 2116	78.7 ;
: 2119	78.12 ;
: 2124	78.16 ;
: 2127	78.24 ;
: 2129	78.28 ;
: 2131	78.38 ;
: 2131	78.44 ;
: 2131	78.50 ;
: 2133	78.55 ;
: 2133	81.10 ;
: 2133	81.17 ;
: 2133	82.0 ;
: 2138	82.3 ;
: 2138	82.10 ;
: 2138	83.0 ;
: 2141	83.5 ;
: 2141	84.0 ;
: 2144	84.6 ;
: 2149	84.15 ;
: 2152	84.18 ;
: 2155	84.23 ;
: 2155	84.38 ;
: 2160	84.46 ;
: 2163	84.48 ;
: 2166	84.52 ;
: 2169	84.55 ;
: 2174	84.57 ;
: 2174	85.0 ;
: 2177	85.8 ;
: 2177	85.13 ;
: 2177	86.0 ;
: 2177	86.6 ;
: 2177	87.0 ;
: 2180	87.7 ;
: 2185	87.16 ;
: 2188	87.18 ;
: 2191	87.23 ;
: 2196	87.26 ;
: 2199	87.28 ;
: 2202	87.30 ;
: 2202	88.0 ;
: 2202	88.7 ;
: 2204	88.7 ;
: 2215	15.6 ;
: 2215	15.13 ;
: 2215	16.0 ;
: 2218	16.5 ;
: 2221	16.8 ;
: 2226	16.12 ;
: 2229	16.17 ;
: 2229	16.23 ;
: 2229	16.27 ;
: 2229	17.0 ;
: 2234	17.3 ;
: 2237	17.5 ;
: 2242	17.9 ;
: 2244	17.12 ;
: 2249	17.16 ;
: 2251	17.19 ;
: 2256	17.23 ;
: 2258	17.26 ;
: 2263	17.30 ;
: 2265	17.34 ;
: 2267	17.37 ;
: 2267	17.37 ;
: 2272	17.37 ;
: 2273	17.37 ;
: 2278	17.37 ;
: 2287	32.6 ;
: 2287	32.14 ;
: 2289	32.19 ;
: 2292	32.22 ;
: 2295	32.26 ;
: 2297	32.32 ;
: 2297	34.6 ;
: 2297	34.14 ;
: 2299	34.19 ;
: 2302	34.22 ;
: 2305	34.26 ;
: 2307	34.32 ;
: 2307	34.32 ;
: 2312	34.32 ;
: 2313	34.32 ;
: 2318	34.32 ;
: 2319	34.32 ;
: 2324	34.32 ;
: 2325	34.32 ;
: 2330	34.32 ;
: 2331	34.32 ;
: 2336	34.32 ;
: 2337	45.9 ;
: 2342	45.13 ;
: 2344	45.26 ;
: 2347	45.29 ;
: 2347	46.9 ;
: 2352	46.13 ;
: 2354	46.26 ;
: 2357	46.29 ;
: 2357	47.9 ;
: 2362	47.13 ;
: 2364	47.26 ;
: 2367	47.29 ;
: 2445	99.7 ;
: 2445	99.23 ;
: 2447	99.26 ;
: 2450	99.30 ;
: 2453	99.35 ;
: 2456	99.38 ;
: 2459	99.41 ;
: 2471	107.6 ;
: 2471	107.17 ;
: 2474	107.21 ;
: 2479	107.23 ;
: 2482	107.27 ;
: 2484	107.30 ;
: 2487	107.33 ;
: 2487	109.13 ;
: 2487	109.21 ;
: 2492	109.23 ;
: 2494	109.25 ;
: 2496	109.27 ;
: 2498	109.29 ;
: 2500	109.31 ;
: 2502	109.34 ;
: 2507	109.36 ;
: 2509	109.38 ;
: 2509	111.17 ;
: 2509	111.24 ;
: 2514	111.26 ;
: 2516	111.29 ;
: 2521	111.31 ;
: 2523	111.34 ;
: 2528	111.36 ;
: 2530	111.38 ;
: 2530	113.12 ;
: 2530	113.19 ;
: 2535	113.21 ;
: 2537	113.24 ;
: 2542	113.26 ;
: 2544	113.29 ;
: 2549	113.31 ;
: 2551	113.34 ;
: 2556	113.36 ;
: 2558	113.38 ;
: 2558	115.12 ;
: 2558	115.19 ;
: 2563	115.21 ;
: 2565	115.24 ;
: 2570	115.26 ;
: 2572	115.29 ;
: 2577	115.31 ;
: 2579	115.33 ;
: 2579	118.11 ;
: 2579	118.29 ;
: 2579	119.0 ;
: 2581	119.11 ;
: 2581	120.0 ;
: 2581	120.29 ;
: 2581	121.0 ;
: 2586	121.4 ;
: 2589	121.9 ;
: 2591	121.12 ;
: 2593	121.15 ;
: 2598	121.21 ;
: 2600	121.24 ;
: 2603	121.28 ;
: 2603	122.0 ;
: 2605	122.15 ;
: 2605	125.15 ;
: 2605	125.22 ;
: 2605	126.0 ;
: 2610	126.7 ;
: 2612	126.16 ;
: 2612	126.39 ;
: 2612	127.0 ;
: 2617	127.3 ;
: 2619	127.6 ;
: 2622	127.12 ;
: 2622	127.27 ;
: 2622	128.0 ;
: 2624	128.9 ;
: 2624	129.0 ;
: 2624	129.29 ;
: 2624	130.0 ;
: 2624	130.41 ;
: 2624	131.0 ;
: 2629	131.3 ;
: 2634	131.6 ;
: 2637	131.11 ;
: 2642	131.17 ;
: 2644	131.21 ;
: 2646	131.24 ;
: 2651	131.28 ;
: 2651	132.0 ;
: 2656	132.3 ;
: 2661	132.6 ;
: 2664	132.11 ;
: 2669	132.17 ;
: 2671	132.21 ;
: 2673	132.24 ;
: 2678	132.30 ;
: 2683	132.36 ;
: 2685	132.39 ;
: 2685	133.0 ;
: 2687	133.15 ;
: 2687	135.7 ;
: 2687	135.14 ;
: 2692	135.20 ;
: 2694	135.28 ;
: 2694	138.8 ;
: 2694	138.15 ;
: 2699	138.21 ;
: 2701	138.29 ;
: 2701	141.9 ;
: 2701	141.16 ;
: 2706	141.22 ;
: 2708	141.30 ;
: 2708	144.11 ;
: 2708	144.18 ;
: 2713	144.24 ;
: 2715	144.32 ;
: 2715	147.6 ;
: 2715	147.14 ;
: 2717	147.24 ;
: 2719	147.30 ;
: 2721	147.42 ;
: 2721	149.9 ;
: 2721	149.19 ;
: 2721	150.0 ;
: 2726	150.3 ;
: 2728	150.6 ;
: 2731	150.12 ;
: 2731	150.27 ;
: 2731	151.0 ;
: 2733	151.10 ;
: 2738	151.12 ;
: 2743	151.14 ;
: 2745	151.18 ;
: 2747	151.32 ;
: 2747	153.13 ;
: 2747	153.20 ;
: 2747	153.27 ;
: 2749	153.33 ;
: 2752	153.37 ;
: 2757	153.43 ;
: 2758	155.17 ;
: 2758	155.24 ;
: 2760	155.34 ;
: 2765	155.37 ;
: 2767	155.40 ;
: 2769	155.43 ;
: 2771	155.46 ;
: 2774	155.52 ;
: 2776	155.66 ;
: 2776	157.15 ;
: 2776	157.22 ;
: 2776	158.0 ;
: 2778	158.15 ;
: 2780	158.24 ;
: 2780	159.0 ;
: 2782	159.11 ;
: 2787	159.13 ;
: 2792	159.15 ;
: 2794	159.19 ;
: 2796	159.22 ;
: 2796	159.47 ;
: 2796	160.0 ;
: 2796	160.24 ;
: 2796	161.0 ;
: 2801	161.3 ;
: 2804	161.8 ;
: 2809	161.12 ;
: 2811	161.16 ;
: 2813	161.19 ;
: 2818	161.23 ;
: 2818	162.0 ;
: 2823	162.5 ;
: 2825	162.10 ;
: 2827	162.24 ;
: 2827	164.16 ;
: 2827	164.24 ;
: 2827	165.0 ;
: 2829	165.15 ;
: 2831	165.24 ;
: 2831	166.0 ;
: 2833	166.11 ;
: 2838	166.13 ;
: 2843	166.15 ;
: 2845	166.19 ;
: 2847	166.22 ;
: 2847	166.47 ;
: 2847	167.0 ;
: 2847	167.27 ;
: 2847	168.0 ;
: 2852	168.4 ;
: 2855	168.9 ;
: 2860	168.15 ;
: 2862	168.19 ;
: 2864	168.22 ;
: 2869	168.26 ;
: 2869	169.0 ;
: 2874	169.7 ;
: 2876	169.11 ;
: 2878	169.25 ;
: 2878	171.17 ;
: 2878	171.25 ;
: 2883	171.31 ;
: 2885	171.39 ;
: 2887	171.51 ;
: 2887	172.17 ;
: 2887	172.25 ;
: 2892	172.31 ;
: 2894	172.39 ;
: 2896	172.51 ;
: 2896	173.17 ;
: 2896	173.25 ;
: 2901	173.31 ;
: 2903	173.39 ;
: 2905	173.52 ;
: 2905	174.17 ;
: 2905	174.25 ;
: 2905	175.0 ;
: 2910	175.7 ;
: 2912	175.14 ;
: 2912	176.0 ;
: 2914	176.15 ;
: 2916	176.25 ;
: 2916	177.0 ;
: 2916	177.42 ;
: 2916	178.0 ;
: 2918	178.10 ;
: 2923	178.12 ;
: 2928	178.14 ;
: 2930	178.18 ;
: 2932	178.20 ;
: 2937	178.22 ;
: 2939	178.26 ;
: 2941	178.28 ;
: 2946	178.30 ;
: 2948	178.34 ;
: 2950	178.35 ;
: 2950	179.0 ;
: 2950	179.26 ;
: 2950	180.0 ;
: 2955	180.3 ;
: 2958	180.8 ;
: 2963	180.12 ;
: 2965	180.16 ;
: 2967	180.19 ;
: 2972	180.26 ;
: 2972	181.0 ;
: 2977	181.5 ;
: 2979	181.10 ;
: 2981	181.24 ;
: 2981	183.11 ;
: 2981	183.21 ;
: 2981	184.0 ;
: 2986	184.7 ;
: 2988	184.14 ;
: 2988	185.0 ;
: 2990	185.15 ;
: 2992	185.24 ;
: 2992	186.0 ;
: 2994	186.10 ;
: 2999	186.12 ;
: 3004	186.14 ;
: 3006	186.18 ;
: 3008	186.20 ;
: 3013	186.23 ;
: 3015	186.27 ;
: 3017	186.41 ;
: 3017	188.15 ;
: 3017	188.22 ;
: 3017	188.29 ;
: 3019	188.37 ;
: 3022	188.41 ;
: 3027	188.47 ;
: 3028	190.16 ;
: 3028	190.23 ;
: 3028	191.0 ;
: 3030	191.9 ;
: 3030	192.0 ;
: 3030	192.44 ;
: 3030	193.0 ;
: 3035	193.3 ;
: 3038	193.8 ;
: 3040	193.11 ;
: 3042	193.14 ;
: 3047	193.20 ;
: 3050	193.26 ;
: 3050	193.43 ;
: 3050	194.0 ;
: 3055	194.3 ;
: 3057	194.6 ;
: 3059	194.8 ;
: 3061	194.11 ;
: 3064	194.17 ;
: 3064	194.32 ;
: 3064	195.0 ;
: 3064	195.33 ;
: 3064	196.0 ;
: 3066	196.15 ;
: 3066	198.17 ;
: 3066	198.24 ;
: 3066	199.0 ;
: 3068	199.9 ;
: 3068	200.0 ;
: 3068	200.47 ;
: 3068	201.0 ;
: 3073	201.4 ;
: 3076	201.9 ;
: 3078	201.12 ;
: 3080	201.15 ;
: 3085	201.21 ;
: 3088	201.27 ;
: 3088	201.45 ;
: 3088	202.0 ;
: 3093	202.3 ;
: 3095	202.6 ;
: 3097	202.8 ;
: 3099	202.11 ;
: 3102	202.17 ;
: 3102	202.32 ;
: 3102	203.0 ;
: 3102	203.33 ;
: 3102	204.0 ;
: 3104	204.15 ;
: 3104	206.18 ;
: 3104	206.26 ;
: 3109	206.32 ;
: 3111	206.40 ;
: 3113	206.53 ;
: 3113	207.18 ;
: 3113	207.26 ;
: 3118	207.32 ;
: 3120	207.40 ;
: 3122	207.53 ;
: 3122	208.18 ;
: 3122	208.26 ;
: 3127	208.32 ;
: 3129	208.40 ;
: 3131	208.54 ;
: 3131	209.18 ;
: 3131	209.26 ;
: 3136	209.32 ;
: 3138	209.40 ;
: 3140	209.53 ;
: 3140	211.13 ;
: 3140	211.20 ;
: 3140	212.0 ;
: 3145	212.3 ;
: 3147	212.19 ;
: 3147	212.32 ;
: 3147	213.0 ;
: 3149	213.15 ;
: 3152	213.21 ;
: 3152	213.37 ;
: 3152	214.0 ;
: 3157	214.3 ;
: 3159	214.19 ;
: 3159	214.32 ;
: 3159	215.0 ;
: 3161	215.12 ;
: 3161	216.0 ;
: 3163	216.15 ;
: 3163	218.16 ;
: 3163	218.26 ;
: 3163	219.0 ;
: 3165	219.14 ;
: 3168	219.17 ;
: 3170	219.32 ;
: 3170	220.0 ;
: 3170	220.9 ;
: 3172	220.24 ;
: 3172	222.12 ;
: 3172	222.24 ;
: 3174	222.37 ;
: 3176	222.47 ;
: 3176	224.15 ;
: 3176	224.29 ;
: 3176	225.0 ;
: 3178	225.6 ;
: 3178	226.0 ;
: 3181	226.6 ;
: 3183	226.18 ;
: 3183	227.0 ;
: 3183	227.56 ;
: 3183	228.0 ;
: 3188	228.4 ;
: 3191	228.9 ;
: 3194	228.14 ;
: 3199	228.18 ;
: 3204	228.20 ;
: 3207	228.23 ;
: 3207	228.27 ;
: 3207	229.0 ;
: 3207	229.42 ;
: 3207	230.0 ;
: 3210	230.6 ;
: 3213	230.9 ;
: 3218	230.12 ;
: 3221	230.17 ;
: 3223	230.27 ;
: 3226	230.32 ;
: 3231	230.37 ;
: 3236	230.41 ;
: 3236	231.0 ;
: 3237	235.13 ;
: 3237	235.20 ;
: 3240	235.23 ;
: 3245	235.26 ;
: 3248	235.31 ;
: 3250	235.41 ;
: 3253	235.46 ;
: 3258	235.51 ;
: 3259	240.9 ;
: 3259	240.18 ;
: 3264	240.22 ;
: 3267	240.24 ;
: 3270	240.31 ;
: 3270	240.53 ;
: 3275	240.61 ;
: 3278	240.63 ;
: 3278	244.8 ;
: 3278	244.17 ;
: 3283	244.21 ;
: 3286	244.23 ;
: 3286	246.15 ;
: 3286	246.26 ;
: 3288	246.31 ;
: 3293	246.35 ;
: 3295	246.47 ;
: 3295	247.6 ;
: 3297	247.18 ;
: 3297	250.14 ;
: 3297	250.26 ;
: 3297	251.0 ;
: 3297	251.36 ;
: 3297	252.0 ;
: 3299	252.7 ;
: 3299	252.20 ;
: 3304	252.28 ;
: 3307	252.31 ;
: 3307	253.0 ;
: 3307	253.29 ;
: 3307	254.0 ;
: 3310	254.5 ;
: 3315	254.8 ;
: 3318	254.13 ;
: 3321	254.19 ;
: 3324	254.24 ;
: 3329	254.28 ;
: 3329	255.0 ;
: 3334	255.7 ;
: 3337	255.12 ;
: 3337	256.6 ;
: 3339	256.17 ;
: 3339	259.14 ;
: 3339	259.21 ;
: 3339	260.0 ;
: 3344	260.5 ;
: 3346	260.21 ;
: 3346	260.34 ;
: 3346	261.0 ;
: 3346	261.6 ;
: 3348	261.21 ;
: 3348	262.0 ;
: 3353	262.3 ;
: 3355	262.19 ;
: 3355	262.31 ;
: 3355	263.0 ;
: 3357	263.13 ;
: 3357	265.12 ;
: 3357	265.25 ;
: 3359	265.38 ;
: 3361	265.49 ;
: 3361	267.16 ;
: 3361	267.26 ;
: 3361	268.0 ;
: 3363	268.13 ;
: 3363	269.0 ;
: 3368	269.5 ;
: 3370	269.21 ;
: 3370	269.34 ;
: 3370	270.0 ;
: 3375	270.5 ;
: 3377	270.21 ;
: 3377	270.34 ;
: 3377	271.0 ;
: 3382	271.3 ;
: 3384	271.19 ;
: 3384	271.31 ;
: 3384	272.0 ;
: 3386	272.12 ;
: 3386	273.0 ;
: 3386	274.16 ;
: 3386	274.23 ;
: 3391	274.25 ;
: 3393	274.38 ;
: 3393	277.13 ;
: 3393	277.20 ;
: 3398	277.26 ;
: 3400	277.39 ;
: 3423	291.11 ;
: 3423	291.23 ;
: 3426	291.27 ;
: 3446	311.9 ;
: 3446	311.17 ;
: 3449	311.21 ;
: 3454	311.26 ;
: 3455	321.11 ;
: 3455	321.28 ;
: 3455	322.0 ;
: 3457	322.6 ;
: 3459	322.19 ;
: 3461	322.24 ;
: 3461	323.0 ;
: 3461	323.9 ;
: 3461	324.0 ;
: 3466	324.5 ;
: 3469	324.8 ;
: 3469	325.0 ;
: 3472	325.6 ;
: 3474	325.14 ;
: 3476	325.23 ;
: 3476	326.0 ;
: 3479	326.4 ;
: 3484	326.8 ;
: 3487	326.12 ;
: 3490	326.18 ;
: 3495	326.20 ;
: 3496	326.26 ;
: 3496	326.30 ;
: 3496	327.0 ;
: 3501	327.4 ;
: 3504	327.5 ;
: 3504	328.0 ;
: 3509	328.6 ;
: 3512	328.11 ;
: 3517	328.13 ;
: 3517	329.0 ;
: 3518	333.15 ;
: 3518	333.22 ;
: 3520	333.29 ;
: 3522	333.35 ;
: 3527	333.38 ;
: 3530	333.43 ;
: 3533	333.47 ;
: 3535	333.51 ;
: 3540	333.56 ;
: 3541	335.16 ;
: 3541	335.22 ;
: 3541	336.0 ;
: 3541	336.47 ;
: 3541	337.4 ;
: 3543	337.11 ;
: 3545	337.17 ;
: 3550	337.20 ;
: 3553	337.25 ;
: 3555	337.28 ;
: 3557	337.40 ;
: 3562	337.45 ;
: 3563	340.14 ;
: 3563	340.22 ;
: 3568	340.24 ;
: 3571	340.29 ;
: 3573	340.41 ;
: 3575	340.55 ;
: 3580	340.57 ;
: 3583	340.63 ;
: 3588	340.68 ;
: 3589	343.17 ;
: 3589	343.23 ;
: 3589	344.0 ;
: 3591	344.6 ;
: 3593	344.16 ;
: 3598	344.19 ;
: 3601	344.25 ;
: 3601	344.68 ;
: 3601	345.0 ;
: 3603	345.6 ;
: 3608	345.8 ;
: 3610	345.20 ;
: 3610	346.0 ;
: 3610	346.31 ;
: 3610	347.0 ;
: 3613	347.5 ;
: 3616	347.10 ;
: 3618	347.22 ;
: 3623	347.27 ;
: 3623	348.0 ;
: 3624	348.0 ;
: 3629	348.0 ;
: 3630	353.10 ;
: 3630	353.17 ;
: 3635	353.19 ;
: 3638	353.23 ;
: 3640	353.33 ;
: 3643	353.36 ;
: 3648	353.38 ;
: 3651	353.41 ;
: 3653	353.44 ;
: 3656	353.47 ;
: 3656	356.13 ;
: 3656	356.18 ;
: 3656	357.0 ;
: 3658	357.11 ;
: 3661	357.14 ;
: 3666	357.16 ;
: 3669	357.18 ;
: 3672	357.22 ;
: 3674	357.32 ;
: 3677	357.36 ;
: 3680	357.40 ;
: 3685	357.44 ;
: 3688	357.46 ;
: 3691	357.49 ;
: 3693	357.52 ;
: 3696	357.55 ;
: 3696	357.55 ;
: 3701	357.55 ;
: 3702	357.55 ;
: 3707	357.55 ;
: 3708	374.11 ;
: 3708	374.17 ;
: 3708	375.0 ;
: 3713	375.51 ;
: 3718	375.54 ;
: 3720	375.56 ;
: 3720	376.0 ;
: 3722	376.39 ;
: 3817	409.8 ;
: 3817	409.16 ;
: 3819	409.22 ;
: 3824	409.24 ;
: 3826	409.28 ;
: 3828	409.39 ;
: 3830	409.44 ;
: 3830	411.8 ;
: 3830	411.16 ;
: 3832	411.22 ;
: 3837	411.24 ;
: 3839	411.28 ;
: 3841	411.40 ;
: 3843	411.50 ;
: 3845	411.55 ;
: 3845	413.8 ;
: 3845	413.16 ;
: 3845	414.0 ;
: 3847	414.7 ;
: 3852	414.9 ;
: 3854	414.13 ;
: 3859	414.15 ;
: 3861	414.22 ;
: 3861	415.0 ;
: 3863	415.13 ;
: 3865	415.18 ;
: 3867	415.28 ;
: 3869	415.33 ;
: 3869	417.8 ;
: 3869	417.15 ;
: 3869	418.0 ;
: 3871	418.7 ;
: 3876	418.9 ;
: 3878	418.13 ;
: 3883	418.15 ;
: 3885	418.22 ;
: 3887	418.33 ;
: 3887	419.0 ;
: 3889	419.13 ;
: 3891	419.18 ;
: 3893	419.23 ;
: 3893	422.9 ;
: 3893	422.17 ;
: 3898	422.19 ;
: 3900	422.24 ;
: 3905	422.26 ;
: 3907	422.29 ;
: 3909	422.34 ;
: 3909	422.34 ;
: 3914	422.34 ;
: 3915	422.34 ;
: 3920	422.34 ;
: 3921	427.15 ;
: 3921	427.21 ;
: 3921	428.0 ;
: 3923	428.6 ;
: 3928	428.8 ;
: 3931	428.12 ;
: 3936	428.16 ;
: 3938	428.28 ;
: 3938	428.34 ;
: 3938	428.39 ;
: 3939	430.17 ;
: 3939	430.23 ;
: 3939	431.0 ;
: 3941	431.6 ;
: 3946	431.8 ;
: 3949	431.12 ;
: 3954	431.16 ;
: 3955	431.22 ;
: 3955	431.27 ;
: 3957	431.41 ;
: 3957	433.6 ;
: 3962	433.15 ;
: 3965	433.20 ;
: 3965	435.10 ;
: 3965	435.16 ;
: 3965	436.0 ;
: 3967	436.9 ;
: 3972	436.11 ;
: 3974	436.15 ;
: 3976	436.21 ;
: 3978	436.27 ;
: 3983	436.29 ;
: 3985	436.35 ;
: 3990	436.37 ;
: 3992	436.43 ;
: 3997	436.46 ;
: 3999	436.49 ;
: 4008	436.49 ;
: 4013	436.49 ;
: 4014	436.49 ;
: 4019	436.49 ;
: 4020	436.49 ;
: 4025	436.49 ;
: 4026	436.49 ;
: 4031	436.49 ;
: 4032	451.6 ;
: 4037	451.15 ;
: 4040	451.20 ;
: 4040	453.11 ;
: 4040	453.19 ;
: 4042	453.33 ;
: 4044	453.38 ;
: 4044	454.11 ;
: 4044	454.19 ;
: 4046	454.24 ;
: 4048	454.36 ;
: 4048	456.10 ;
: 4048	456.20 ;
: 4048	457.0 ;
: 4050	457.8 ;
: 4052	457.14 ;
: 4054	457.19 ;
: 4054	458.0 ;
: 4056	458.12 ;
: 4058	458.19 ;
: 4058	459.0 ;
: 4060	459.9 ;
: 4065	459.13 ;
: 4068	459.15 ;
: 4073	459.19 ;
: 4075	459.22 ;
: 4075	459.28 ;
: 4075	459.32 ;
: 4075	460.0 ;
: 4077	460.7 ;
: 4079	460.15 ;
: 4081	460.24 ;
: 4086	460.26 ;
: 4088	460.35 ;
: 4088	460.52 ;
: 4088	461.0 ;
: 4090	461.9 ;
: 4095	461.13 ;
: 4098	461.15 ;
: 4103	461.19 ;
: 4106	461.22 ;
: 4106	461.28 ;
: 4106	461.32 ;
: 4106	462.0 ;
: 4106	462.9 ;
: 4106	463.0 ;
: 4111	463.5 ;
: 4114	463.8 ;
: 4114	464.0 ;
: 4114	464.37 ;
: 4114	465.0 ;
: 4117	465.4 ;
: 4122	465.8 ;
: 4125	465.12 ;
: 4128	465.15 ;
: 4133	465.19 ;
: 4138	465.22 ;
: 4141	465.28 ;
: 4141	465.32 ;
: 4141	466.0 ;
: 4144	466.10 ;
: 4147	466.13 ;
: 4147	467.0 ;
: 4152	467.6 ;
: 4153	469.15 ;
: 4153	469.20 ;
: 4153	470.0 ;
: 4156	470.11 ;
: 4159	470.14 ;
: 4164	470.16 ;
: 4167	470.18 ;
: 4170	470.22 ;
: 4173	470.32 ;
: 4176	470.34 ;
: 4176	471.0 ;
: 4181	471.5 ;
: 4184	471.7 ;
: 4187	471.11 ;
: 4190	471.14 ;
: 4193	471.21 ;
: 4193	474.11 ;
: 4193	474.17 ;
: 4193	475.4 ;
: 4198	475.6 ;
: 4201	475.16 ;
: 4204	475.20 ;
: 4209	475.22 ;
: 4212	475.25 ;
: 4217	475.27 ;
: 4220	475.34 ;
: 4220	481.15 ;
: 4220	481.21 ;
: 4220	482.0 ;
: 4223	482.8 ;
: 4226	482.14 ;
: 4229	482.18 ;
: 4229	483.0 ;
: 4232	483.14 ;
: 4235	483.21 ;
: 4235	484.0 ;
: 4238	484.9 ;
: 4243	484.13 ;
: 4246	484.15 ;
: 4251	484.19 ;
: 4254	484.22 ;
: 4254	484.28 ;
: 4254	484.32 ;
: 4254	485.0 ;
: 4259	485.5 ;
: 4262	485.14 ;
: 4267	485.18 ;
: 4270	485.27 ;
: 4275	485.31 ;
: 4278	485.38 ;
: 4278	486.0 ;
: 4281	486.15 ;
: 4281	490.18 ;
: 4281	490.28 ;
: 4281	491.0 ;
: 4284	491.7 ;
: 4287	491.11 ;
: 4287	492.0 ;
: 4290	492.13 ;
: 4293	492.20 ;
: 4293	493.0 ;
: 4296	493.9 ;
: 4301	493.13 ;
: 4304	493.15 ;
: 4309	493.19 ;
: 4312	493.22 ;
: 4312	493.28 ;
: 4312	493.32 ;
: 4312	494.0 ;
: 4315	494.7 ;
: 4318	494.15 ;
: 4321	494.24 ;
: 4326	494.27 ;
: 4329	494.34 ;
: 4329	495.0 ;
: 4332	495.9 ;
: 4337	495.13 ;
: 4340	495.15 ;
: 4345	495.19 ;
: 4348	495.22 ;
: 4348	495.28 ;
: 4348	495.32 ;
: 4348	496.0 ;
: 4348	496.48 ;
: 4348	497.0 ;
: 4351	497.8 ;
: 4354	497.14 ;
: 4359	497.17 ;
: 4362	497.22 ;
: 4365	497.25 ;
: 4368	497.33 ;
: 4368	497.43 ;
: 4373	497.47 ;
: 4373	498.0 ;
: 4376	498.15 ;
: 4376	500.16 ;
: 4376	500.33 ;
: 4376	501.0 ;
: 4376	501.50 ;
: 4376	502.0 ;
: 4381	502.3 ;
: 4384	502.7 ;
: 4387	502.19 ;
: 4390	502.23 ;
: 4392	502.38 ;
: 4397	502.41 ;
: 4400	502.43 ;
: 4405	502.45 ;
: 4408	502.49 ;
: 4408	503.0 ;
: 4413	503.6 ;
: 4414	506.15 ;
: 4414	506.21 ;
: 4414	507.0 ;
: 4416	507.13 ;
: 4421	507.16 ;
: 4424	507.22 ;
: 4424	507.64 ;
: 4424	508.0 ;
: 4424	508.43 ;
: 4424	509.0 ;
: 4429	509.3 ;
: 4432	509.7 ;
: 4435	509.12 ;
: 4437	509.26 ;
: 4442	509.32 ;
: 4445	509.37 ;
: 4445	514.8 ;
: 4445	514.15 ;
: 4448	514.21 ;
: 4451	514.27 ;
: 4454	514.37 ;
: 4457	518.14 ;
: 4457	518.21 ;
: 4459	518.28 ;
: 4464	518.31 ;
: 4467	518.38 ;
: 4469	518.49 ;
: 4469	520.11 ;
: 4469	520.17 ;
: 4469	521.0 ;
: 4474	521.4 ;
: 4477	521.7 ;
: 4479	521.14 ;
: 4479	522.0 ;
: 4484	522.4 ;
: 4487	522.7 ;
: 4489	522.14 ;
: 4489	523.0 ;
: 4491	523.9 ;
: 4491	525.8 ;
: 4491	525.15 ;
: 4493	525.20 ;
: 4493	525.27 ;
: 4496	525.32 ;
: 4499	525.38 ;
: 4504	525.42 ;
: 4507	525.46 ;
: 4507	525.52 ;
: 4509	525.52 ;
: 4510	526.8 ;
: 4510	526.15 ;
: 4512	526.20 ;
: 4512	526.27 ;
: 4515	526.32 ;
: 4518	526.38 ;
: 4523	526.42 ;
: 4526	526.46 ;
: 4526	526.52 ;
: 4528	526.52 ;
: 4529	528.9 ;
: 4529	528.16 ;
: 4531	528.21 ;
: 4531	528.28 ;
: 4534	528.34 ;
: 4537	528.39 ;
: 4542	528.43 ;
: 4545	528.47 ;
: 4545	528.53 ;
: 4547	528.53 ;
: 4548	530.6 ;
: 4548	530.13 ;
: 4551	530.21 ;
: 4553	530.26 ;
: 4556	530.36 ;
