: 919	411.6 ;
: 919	411.17 ;
: 921	411.20 ;
: 923	411.23 ;
: 995	470.6 ;
: 995	470.22 ;
: 997	470.26 ;
: 999	470.31 ;
: 1065	496.8 ;
: 1065	496.25 ;
: 1069	496.27 ;
: 1071	496.32 ;
: 1073	496.39 ;
: 1073	497.8 ;
: 1073	497.22 ;
: 1075	497.27 ;
: 1077	497.32 ;
: 1077	498.8 ;
: 1077	498.22 ;
: 1079	498.27 ;
: 1081	498.31 ;
: 1090	509.5 ;
: 1090	509.21 ;
: 1092	509.25 ;
: 1100	515.6 ;
: 1100	515.22 ;
: 1102	515.27 ;
: 1120	521.5 ;
: 1120	521.21 ;
: 1122	521.26 ;
: 1192	559.8 ;
: 1192	559.25 ;
: 1194	559.30 ;
: 1196	559.34 ;
: 1198	559.38 ;
: 1200	559.45 ;
: 1202	559.49 ;
: 1226	633.6 ;
: 1228	633.10 ;
: 1230	633.14 ;
: 1232	633.17 ;
: 1234	633.21 ;
: 1236	633.24 ;
: 1240	633.28 ;
: 1242	633.33 ;
: 1244	633.36 ;
: 1246	633.44 ;
: 1246	633.50 ;
: 1246	633.54 ;
: 1246	634.4 ;
: 1248	634.9 ;
: 1250	634.12 ;
: 1252	634.20 ;
: 1295	733.7 ;
: 1295	733.21 ;
: 1297	733.26 ;
: 1299	733.31 ;
: 1301	733.33 ;
: 1305	733.37 ;
: 1307	733.43 ;
: 1307	733.49 ;
: 1309	733.54 ;
: 1309	735.7 ;
: 1309	735.21 ;
: 1311	735.26 ;
: 1313	735.31 ;
: 1315	735.33 ;
: 1319	735.37 ;
: 1321	735.43 ;
: 1321	735.49 ;
: 1323	735.54 ;
: 1337	741.9 ;
: 1337	741.17 ;
: 1339	741.21 ;
: 1341	741.24 ;
: 1343	741.26 ;
: 1345	741.30 ;
: 1347	741.32 ;
: 1349	741.40 ;
: 1349	768.10 ;
: 1349	768.18 ;
: 1351	768.22 ;
: 1353	768.26 ;
: 1354	768.31 ;
: 1356	768.33 ;
: 1356	769.11 ;
: 1356	769.18 ;
: 1358	769.25 ;
: 1360	769.33 ;
: 1368	773.8 ;
: 1368	773.14 ;
: 1368	774.4 ;
: 1368	774.11 ;
: 1368	775.8 ;
: 1372	775.10 ;
: 1374	775.15 ;
: 1376	775.19 ;
: 1378	775.23 ;
: 1383	775.41 ;
: 1387	775.45 ;
: 1391	775.60 ;
: 1391	775.64 ;
: 1391	776.8 ;
: 1393	776.12 ;
: 1395	776.14 ;
: 1395	776.26 ;
: 1399	776.34 ;
: 1401	776.36 ;
: 1403	776.39 ;
: 1405	776.46 ;
: 1405	777.8 ;
: 1407	777.14 ;
: 1409	777.17 ;
: 1413	777.21 ;
: 1417	777.30 ;
: 1419	777.35 ;
: 1421	777.42 ;
: 1421	777.46 ;
: 1421	778.4 ;
: 1421	778.10 ;
: 1423	778.10 ;
: 1423	25.6 ;
: 1423	25.13 ;
: 1427	25.16 ;
: 1429	25.22 ;
: 1433	25.25 ;
: 1435	25.30 ;
: 1435	27.9 ;
: 1435	27.22 ;
: 1437	27.26 ;
: 1439	27.29 ;
: 1441	27.34 ;
: 1443	27.37 ;
: 1443	28.8 ;
: 1443	28.18 ;
: 1445	28.23 ;
: 1447	28.29 ;
: 1449	28.35 ;
: 1453	28.41 ;
: 1455	28.46 ;
: 1464	34.8 ;
: 1464	34.20 ;
: 1466	34.27 ;
: 1468	34.32 ;
: 1468	35.9 ;
: 1468	35.17 ;
: 1470	35.21 ;
: 1472	35.24 ;
: 1474	35.27 ;
: 1476	35.30 ;
: 1478	35.33 ;
: 1480	35.38 ;
: 1482	35.43 ;
: 1482	36.6 ;
: 1482	36.14 ;
: 1484	36.18 ;
: 1485	36.23 ;
: 1487	36.29 ;
: 1487	37.7 ;
: 1487	37.15 ;
: 1489	37.21 ;
: 1489	38.9 ;
: 1489	38.16 ;
: 1493	38.20 ;
: 1495	38.25 ;
: 1495	41.7 ;
: 1495	41.14 ;
: 1495	42.4 ;
: 1499	42.7 ;
: 1501	42.12 ;
: 1501	42.19 ;
: 1505	42.22 ;
: 1507	42.27 ;
: 1513	42.39 ;
: 1515	42.43 ;
: 1515	43.4 ;
: 1515	43.11 ;
: 1517	43.16 ;
: 1522	43.28 ;
: 1524	43.33 ;
: 1524	44.5 ;
: 1524	44.13 ;
: 1529	44.22 ;
: 1531	44.26 ;
: 1535	44.35 ;
: 1537	44.41 ;
: 1537	44.46 ;
: 1537	45.6 ;
: 1537	45.14 ;
: 1539	45.18 ;
: 1541	45.24 ;
: 1541	49.8 ;
: 1541	49.22 ;
: 1541	50.4 ;
: 1543	50.9 ;
: 1548	50.25 ;
: 1552	50.27 ;
: 1552	51.8 ;
: 1554	51.11 ;
: 1556	51.16 ;
: 1558	51.19 ;
: 1560	51.24 ;
: 1565	51.40 ;
: 1567	51.44 ;
: 1569	51.47 ;
: 1571	51.49 ;
: 1571	52.8 ;
: 1571	52.15 ;
: 1573	52.21 ;
: 1576	52.35 ;
: 1578	52.40 ;
: 1578	53.4 ;
: 1578	53.8 ;
: 1578	54.4 ;
: 1580	54.7 ;
: 1580	55.8 ;
: 1582	55.12 ;
: 1587	55.28 ;
: 1589	55.31 ;
: 1593	55.35 ;
: 1595	55.38 ;
: 1597	55.42 ;
: 1599	55.46 ;
: 1599	55.52 ;
: 1601	55.58 ;
: 1603	55.61 ;
: 1603	56.4 ;
: 1607	56.10 ;
: 1609	56.15 ;
: 1609	58.10 ;
: 1609	58.23 ;
: 1611	58.27 ;
: 1615	58.29 ;
: 1617	58.31 ;
: 1619	58.36 ;
: 1621	58.40 ;
: 1621	60.9 ;
: 1621	60.23 ;
: 1621	61.4 ;
: 1623	61.9 ;
: 1628	61.25 ;
: 1632	61.27 ;
: 1632	62.8 ;
: 1634	62.11 ;
: 1636	62.16 ;
: 1638	62.19 ;
: 1640	62.24 ;
: 1645	62.40 ;
: 1647	62.44 ;
: 1649	62.47 ;
: 1651	62.48 ;
: 1651	63.8 ;
: 1651	63.15 ;
: 1653	63.21 ;
: 1656	63.35 ;
: 1658	63.40 ;
: 1658	64.4 ;
: 1658	64.8 ;
: 1658	65.4 ;
: 1660	65.7 ;
: 1660	66.8 ;
: 1662	66.12 ;
: 1667	66.28 ;
: 1669	66.31 ;
: 1673	66.35 ;
: 1675	66.38 ;
: 1677	66.42 ;
: 1679	66.46 ;
: 1679	66.52 ;
: 1679	67.8 ;
: 1681	67.15 ;
: 1683	67.18 ;
: 1683	68.4 ;
: 1687	68.10 ;
: 1689	68.15 ;
: 1689	70.7 ;
: 1689	70.17 ;
: 1689	71.0 ;
: 1691	71.6 ;
: 1695	71.15 ;
: 1697	71.20 ;
: 1699	71.26 ;
: 1701	71.30 ;
: 1705	71.39 ;
: 1707	71.44 ;
: 1709	71.49 ;
: 1709	72.0 ;
: 1711	72.7 ;
: 1717	72.16 ;
: 1721	72.23 ;
: 1723	72.28 ;
: 1723	72.34 ;
: 1723	72.39 ;
: 1723	73.4 ;
: 1723	73.11 ;
: 1724	73.26 ;
: 1728	73.28 ;
: 1728	74.4 ;
: 1728	74.17 ;
: 1732	74.24 ;
: 1732	75.8 ;
: 1734	75.14 ;
: 1734	75.21 ;
: 1736	75.42 ;
: 1738	75.45 ;
: 1738	76.0 ;
: 1740	76.10 ;
: 1742	76.12 ;
: 1743	76.17 ;
: 1745	76.21 ;
: 1747	76.24 ;
: 1749	76.29 ;
: 1751	76.34 ;
: 1753	76.43 ;
: 1755	76.46 ;
: 1757	76.48 ;
: 1757	77.4 ;
: 1761	77.11 ;
: 1763	77.15 ;
: 1763	78.4 ;
: 1763	78.10 ;
: 1765	78.14 ;
: 1767	78.18 ;
: 1769	78.26 ;
: 1769	80.7 ;
: 1769	80.14 ;
: 1773	80.21 ;
: 1775	80.25 ;
: 1775	82.7 ;
: 1775	82.14 ;
: 1779	82.21 ;
: 1781	82.25 ;
: 1781	83.7 ;
: 1781	83.14 ;
: 1785	83.21 ;
: 1787	83.25 ;
: 179	83.25 ;
: 183	83.25 ;
